2023-06-07T12:03:51.5219158Z ***************************************************************************************************************
2023-06-07T12:03:51.5219168Z ****                                                                                                       ****
2023-06-07T12:03:51.5219170Z ****     !!! WARNING !!! 
2023-06-07T12:03:51.5219171Z ****     DO NOT share the log in public place! The log may contains secrets in plain text. 
2023-06-07T12:03:51.5219172Z ****     !!! WARNING !!! 
2023-06-07T12:03:51.5219176Z ****                                                                                                       ****
2023-06-07T12:03:51.5219177Z ***************************************************************************************************************
2023-06-07T12:03:51.5238887Z ***************************************************************************************************************
2023-06-07T12:03:51.5238896Z ****                                                                                                       ****
2023-06-07T12:03:51.5238898Z ****     Validate server cert and proxy configuration with Git 
2023-06-07T12:03:51.5238899Z ****                                                                                                       ****
2023-06-07T12:03:51.5238900Z ***************************************************************************************************************
2023-06-07T12:03:51.5251044Z Run 'git  ls-remote --exit-code https://gh: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@github.com/actions/checkout HEAD' 
2023-06-07T12:03:51.5398833Z 15:03:51.537259 git.c:439               trace: built-in: git ls-remote --exit-code https://gh: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@github.com/actions/checkout HEAD
2023-06-07T12:03:51.5398843Z 15:03:51.538438 run-command.c:663       trace: run_command: GIT_DIR=.git git-remote-https https://gh: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@github.com/actions/checkout https://gh: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@github.com/actions/checkout
2023-06-07T12:03:51.6121748Z *   Trying 140.82.121.3:443...
2023-06-07T12:03:51.6121778Z * TCP_NODELAY set
2023-06-07T12:03:51.6871434Z * Connected to github.com (140.82.121.3) port 443 (#0)
2023-06-07T12:03:51.7042488Z * found 413 certificates in /etc/ssl/certs
2023-06-07T12:03:51.7043914Z * ALPN, offering h2
2023-06-07T12:03:51.7044609Z * ALPN, offering http/1.1
2023-06-07T12:03:51.7775117Z * SSL connection using TLS1.3 / ECDHE_RSA_AES_128_GCM_SHA256
2023-06-07T12:03:51.7783985Z * 	 server certificate verification OK
2023-06-07T12:03:51.7784529Z * 	 server certificate status verification SKIPPED
2023-06-07T12:03:51.7785143Z * 	 common name: github.com (matched)
2023-06-07T12:03:51.7785265Z * 	 server certificate expiration date OK
2023-06-07T12:03:51.7785996Z * 	 server certificate activation date OK
2023-06-07T12:03:51.7786119Z * 	 certificate public key: EC/ECDSA
2023-06-07T12:03:51.7786122Z * 	 certificate version: #3
2023-06-07T12:03:51.7786149Z * 	 subject: C=US,ST=California,L=San Francisco,O=GitHub\, Inc.,CN=github.com
2023-06-07T12:03:51.7786151Z * 	 start date: Tue, 14 Feb 2023 00:00:00 GMT
2023-06-07T12:03:51.7786165Z * 	 expire date: Thu, 14 Mar 2024 23:59:59 GMT
2023-06-07T12:03:51.7786166Z * 	 issuer: C=US,O=DigiCert Inc,CN=DigiCert TLS Hybrid ECC SHA384 2020 CA1
2023-06-07T12:03:51.7786232Z * ALPN, server accepted to use h2
2023-06-07T12:03:51.7786234Z * Using HTTP2, server supports multi-use
2023-06-07T12:03:51.7786278Z * Connection state changed (HTTP/2 confirmed)
2023-06-07T12:03:51.7786293Z * Copying HTTP/2 data in stream buffer to connection buffer after upgrade: len=0
2023-06-07T12:03:51.7786295Z * Using Stream ID: 1 (easy handle 0x562a6deb1e60)
2023-06-07T12:03:51.7786299Z > GET /actions/checkout/info/refs?service=git-upload-pack HTTP/2
2023-06-07T12:03:51.7786363Z Host: github.com
2023-06-07T12:03:51.7786368Z user-agent: git/2.25.1
2023-06-07T12:03:51.7786370Z accept: */*
2023-06-07T12:03:51.7786487Z accept-encoding: deflate, gzip, br
2023-06-07T12:03:51.7786488Z accept-language: en-US, *;q=0.9
2023-06-07T12:03:51.7786490Z pragma: no-cache
2023-06-07T12:03:51.8510751Z * Connection state changed (MAX_CONCURRENT_STREAMS == 100)!
2023-06-07T12:03:51.9859498Z < HTTP/2 200 
2023-06-07T12:03:51.9860030Z < server: GitHub-Babel/3.0
2023-06-07T12:03:51.9860213Z < content-type: application/x-git-upload-pack-advertisement
2023-06-07T12:03:51.9860548Z < content-security-policy: default-src 'none'; sandbox
2023-06-07T12:03:51.9860572Z < expires: Fri, 01 Jan 1980 00:00:00 GMT
2023-06-07T12:03:51.9860574Z < pragma: no-cache
2023-06-07T12:03:51.9860575Z < cache-control: no-cache, max-age=0, must-revalidate
2023-06-07T12:03:51.9860577Z < vary: Accept-Encoding
2023-06-07T12:03:51.9860579Z < date: Wed, 07 Jun 2023 12:03:51 GMT
2023-06-07T12:03:51.9860580Z < x-frame-options: DENY
2023-06-07T12:03:51.9860582Z < x-github-request-id: 3A08:BAF2:23E9284:2448F8D:64807227
2023-06-07T12:03:51.9860584Z < 
2023-06-07T12:03:52.0780097Z * Connection #0 to host github.com left intact
2023-06-07T12:03:52.0805637Z f095bcc56b7c2baf48f3ac70d6d6782f4f553222	HEAD
