2023-06-07T12:03:49.7779360Z ***************************************************************************************************************
2023-06-07T12:03:49.7779466Z ****                                                                                                       ****
2023-06-07T12:03:49.7779533Z ****     !!! WARNING !!! 
2023-06-07T12:03:49.7779536Z ****     DO NOT share the log in public place! The log may contains secrets in plain text. 
2023-06-07T12:03:49.7779538Z ****     !!! WARNING !!! 
2023-06-07T12:03:49.7779545Z ****                                                                                                       ****
2023-06-07T12:03:49.7779547Z ***************************************************************************************************************
2023-06-07T12:03:49.7862883Z ***************************************************************************************************************
2023-06-07T12:03:49.7862900Z ****                                                                                                       ****
2023-06-07T12:03:49.7862902Z ****     Try DNS lookup for api.github.com 
2023-06-07T12:03:49.7864112Z ****                                                                                                       ****
2023-06-07T12:03:49.7864115Z ***************************************************************************************************************
2023-06-07T12:03:50.2031601Z Resolved DNS for api.github.com to '140.82.121.6'
2023-06-07T12:03:49.7897256Z ***************************************************************************************************************
2023-06-07T12:03:49.7897288Z ****                                                                                                       ****
2023-06-07T12:03:49.7897291Z ****     Try ping api.github.com 
2023-06-07T12:03:49.7897361Z ****                                                                                                       ****
2023-06-07T12:03:49.7897364Z ***************************************************************************************************************
2023-06-07T12:03:50.3006477Z Ping api.github.com (140.82.121.6) succeed within to '70 ms'
2023-06-07T12:03:49.7929751Z ***************************************************************************************************************
2023-06-07T12:03:49.7929770Z ****                                                                                                       ****
2023-06-07T12:03:49.7929773Z ****     Send HTTPS Request (GET) to https://api.github.com 
2023-06-07T12:03:49.7929776Z ****                                                                                                       ****
2023-06-07T12:03:49.7929778Z ***************************************************************************************************************
2023-06-07T12:03:50.6772345Z Http status code: OK
2023-06-07T12:03:50.6776435Z Http response headers: Server: GitHub.com
Date: Wed, 07 Jun 2023 12:03:50 GMT
Cache-Control: public, max-age=60, s-maxage=60
Vary: Accept, Accept-Encoding, Accept, X-Requested-With
x-github-api-version-selected: 2022-11-28
Access-Control-Expose-Headers: ETag, Link, Location, Retry-After, X-GitHub-OTP, X-RateLimit-Limit, X-RateLimit-Remaining, X-RateLimit-Used, X-RateLimit-Resource, X-RateLimit-Reset, X-OAuth-Scopes, X-Accepted-OAuth-Scopes, X-Poll-Interval, X-GitHub-Media-Type, X-GitHub-SSO, X-GitHub-Request-Id, Deprecation, Sunset
Access-Control-Allow-Origin: *
Strict-Transport-Security: max-age=31536000; includeSubdomains; preload
X-Frame-Options: DENY
X-Content-Type-Options: nosniff
X-XSS-Protection: 0
Referrer-Policy: origin-when-cross-origin, strict-origin-when-cross-origin
Content-Security-Policy: default-src 'none'
X-GitHub-Media-Type: github.v3; format=json
ETag: W/"cb8c56af7fcef970136a8acacba4e16ea32ab6762dbaaddf6909fae9db2c9f5e"
X-RateLimit-Limit: 60
X-RateLimit-Remaining: 59
X-RateLimit-Reset: 1686143030
X-RateLimit-Resource: core
X-RateLimit-Used: 1
Accept-Ranges: bytes
X-GitHub-Request-Id: 3A03:10854:15F22B3:16215E6:64807226

2023-06-07T12:03:50.6783061Z Http response body: {"current_user_url":"https://api.github.com/user","current_user_authorizations_html_url":"https://github.com/settings/connections/applications{/client_id}","authorizations_url":"https://api.github.com/authorizations","code_search_url":"https://api.github.com/search/code?q={query}{&page,per_page,sort,order}","commit_search_url":"https://api.github.com/search/commits?q={query}{&page,per_page,sort,order}","emails_url":"https://api.github.com/user/emails","emojis_url":"https://api.github.com/emojis","events_url":"https://api.github.com/events","feeds_url":"https://api.github.com/feeds","followers_url":"https://api.github.com/user/followers","following_url":"https://api.github.com/user/following{/target}","gists_url":"https://api.github.com/gists{/gist_id}","hub_url":"https://api.github.com/hub","issue_search_url":"https://api.github.com/search/issues?q={query}{&page,per_page,sort,order}","issues_url":"https://api.github.com/issues","keys_url":"https://api.github.com/user/keys","label_search_url":"https://api.github.com/search/labels?q={query}&repository_id={repository_id}{&page,per_page}","notifications_url":"https://api.github.com/notifications","organization_url":"https://api.github.com/orgs/{org}","organization_repositories_url":"https://api.github.com/orgs/{org}/repos{?type,page,per_page,sort}","organization_teams_url":"https://api.github.com/orgs/{org}/teams","public_gists_url":"https://api.github.com/gists/public","rate_limit_url":"https://api.github.com/rate_limit","repository_url":"https://api.github.com/repos/{owner}/{repo}","repository_search_url":"https://api.github.com/search/repositories?q={query}{&page,per_page,sort,order}","current_user_repositories_url":"https://api.github.com/user/repos{?type,page,per_page,sort}","starred_url":"https://api.github.com/user/starred{/owner}{/repo}","starred_gists_url":"https://api.github.com/gists/starred","topic_search_url":"https://api.github.com/search/topics?q={query}{&page,per_page}","user_url":"https://api.github.com/users/{user}","user_organizations_url":"https://api.github.com/user/orgs","user_repositories_url":"https://api.github.com/users/{user}/repos{?type,page,per_page,sort}","user_search_url":"https://api.github.com/search/users?q={query}{&page,per_page,sort,order}"}
2023-06-07T12:03:50.6789440Z ***************************************************************************************************************
2023-06-07T12:03:50.6789460Z Http request 'GET' to https://api.github.com succeed
2023-06-07T12:03:50.6789466Z ***************************************************************************************************************
2023-06-07T12:03:50.6789475Z 
2023-06-07T12:03:50.6789478Z 
