2023-06-07T12:03:52.0831782Z ***************************************************************************************************************
2023-06-07T12:03:52.0831792Z ****                                                                                                       ****
2023-06-07T12:03:52.0831794Z ****     !!! WARNING !!! 
2023-06-07T12:03:52.0831795Z ****     DO NOT share the log in public place! The log may contains secrets in plain text. 
2023-06-07T12:03:52.0831796Z ****     !!! WARNING !!! 
2023-06-07T12:03:52.0831800Z ****                                                                                                       ****
2023-06-07T12:03:52.0831801Z ***************************************************************************************************************
2023-06-07T12:03:52.0853733Z ***************************************************************************************************************
2023-06-07T12:03:52.0853742Z ****                                                                                                       ****
2023-06-07T12:03:52.0853788Z ****     Make Http request to https://api.github.com/ using node.js 
2023-06-07T12:03:52.0853796Z ****                                                                                                       ****
2023-06-07T12:03:52.0853797Z ***************************************************************************************************************
2023-06-07T12:03:52.0855916Z Run '/home/msamy/Desktop/EmbeddedLinux/C1_Assign/actions-runner/externals/node16/bin/node "/home/msamy/Desktop/EmbeddedLinux/C1_Assign/actions-runner/bin/checkScripts/makeWebRequest.js"' 
2023-06-07T12:03:52.0855925Z {
  "HOSTNAME": "api.github.com",
  "PORT": "443",
  "PATH": "/",
  "PAT": "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",
  "PROXYHOST": "",
  "PROXYPORT": "",
  "PROXYUSERNAME": "",
  "PROXYPASSWORD": ""
}
2023-06-07T12:03:52.5792496Z [STDOUT] statusCode: 200
2023-06-07T12:03:52.5794175Z [STDOUT] headers: {"server":"GitHub.com","date":"Wed, 07 Jun 2023 12:03:52 GMT","content-type":"application/json; charset=utf-8","content-length":"2262","cache-control":"private, max-age=60, s-maxage=60","vary":"Accept, Authorization, Cookie, X-GitHub-OTP, Accept-Encoding, Accept, X-Requested-With","etag":"\"fcf91d7486297c0efef547feb4579138c6cb7d6f91ea4603155a1e53ae333696\"","x-oauth-scopes":"admin:enterprise, admin:gpg_key, admin:org, admin:org_hook, admin:public_key, admin:repo_hook, admin:ssh_signing_key, audit_log, codespace, delete:packages, delete_repo, gist, notifications, project, repo, user, workflow, write:discussion, write:packages","x-accepted-oauth-scopes":"","github-authentication-token-expiration":"2023-09-05 10:31:21 UTC","x-github-media-type":"github.v3; format=json","x-github-api-version-selected":"2022-11-28","x-ratelimit-limit":"5000","x-ratelimit-remaining":"4998","x-ratelimit-reset":"1686143030","x-ratelimit-used":"2","x-ratelimit-resource":"core","access-control-expose-headers":"ETag, Link, Location, Retry-After, X-GitHub-OTP, X-RateLimit-Limit, X-RateLimit-Remaining, X-RateLimit-Used, X-RateLimit-Resource, X-RateLimit-Reset, X-OAuth-Scopes, X-Accepted-OAuth-Scopes, X-Poll-Interval, X-GitHub-Media-Type, X-GitHub-SSO, X-GitHub-Request-Id, Deprecation, Sunset","access-control-allow-origin":"*","strict-transport-security":"max-age=31536000; includeSubdomains; preload","x-frame-options":"deny","x-content-type-options":"nosniff","x-xss-protection":"0","referrer-policy":"origin-when-cross-origin, strict-origin-when-cross-origin","content-security-policy":"default-src 'none'","x-github-request-id":"3A09:97AE:170A4D3:17398C3:64807228","connection":"close"}
2023-06-07T12:03:52.5834788Z [STDOUT] {"current_user_url":"https://api.github.com/user","current_user_authorizations_html_url":"https://github.com/settings/connections/applications{/client_id}","authorizations_url":"https://api.github.com/authorizations","code_search_url":"https://api.github.com/search/code?q={query}{&page,per_page,sort,order}","commit_search_url":"https://api.github.com/search/commits?q={query}{&page,per_page,sort,order}","emails_url":"https://api.github.com/user/emails","emojis_url":"https://api.github.com/emojis","events_url":"https://api.github.com/events","feeds_url":"https://api.github.com/feeds","followers_url":"https://api.github.com/user/followers","following_url":"https://api.github.com/user/following{/target}","gists_url":"https://api.github.com/gists{/gist_id}","hub_url":"https://api.github.com/hub","issue_search_url":"https://api.github.com/search/issues?q={query}{&page,per_page,sort,order}","issues_url":"https://api.github.com/issues","keys_url":"https://api.github.com/user/keys","label_search_url":"https://api.github.com/search/labels?q={query}&repository_id={repository_id}{&page,per_page}","notifications_url":"https://api.github.com/notifications","organization_url":"https://api.github.com/orgs/{org}","organization_repositories_url":"https://api.github.com/orgs/{org}/repos{?type,page,per_page,sort}","organization_teams_url":"https://api.github.com/orgs/{org}/teams","public_gists_url":"https://api.github.com/gists/public","rate_limit_url":"https://api.github.com/rate_limit","repository_url":"https://api.github.com/repos/{owner}/{repo}","repository_search_url":"https://api.github.com/search/repositories?q={query}{&page,per_page,sort,order}","current_user_repositories_url":"https://api.github.com/user/repos{?type,page,per_page,sort}","starred_url":"https://api.github.com/user/starred{/owner}{/repo}","starred_gists_url":"https://api.github.com/gists/starred","topic_search_url":"https://api.github.com/search/topics?q={query}{&page,per_page}","user_url":"https://api.github.com/users/{user}","user_organizations_url":"https://api.github.com/user/orgs","user_repositories_url":"https://api.github.com/users/{user}/repos{?type,page,per_page,sort}","user_search_url":"https://api.github.com/search/users?q={query}{&page,per_page,sort,order}"}
