[2023-06-07 10:29:58Z INFO HostContext] No proxy settings were found based on environmental variables (http_proxy/https_proxy/HTTP_PROXY/HTTPS_PROXY)
[2023-06-07 10:29:58Z INFO HostContext] Well known directory 'Bin': '/home/msamy/Desktop/EmbeddedLinux/C1_Assign/actions-runner/bin'
[2023-06-07 10:29:58Z INFO HostContext] Well known directory 'Root': '/home/msamy/Desktop/EmbeddedLinux/C1_Assign/actions-runner'
[2023-06-07 10:29:58Z INFO HostContext] Well known config file 'Credentials': '/home/msamy/Desktop/EmbeddedLinux/C1_Assign/actions-runner/.credentials'
[2023-06-07 10:29:58Z INFO HostContext] Well known directory 'Bin': '/home/msamy/Desktop/EmbeddedLinux/C1_Assign/actions-runner/bin'
[2023-06-07 10:29:58Z INFO HostContext] Well known directory 'Root': '/home/msamy/Desktop/EmbeddedLinux/C1_Assign/actions-runner'
[2023-06-07 10:29:58Z INFO HostContext] Well known config file 'Runner': '/home/msamy/Desktop/EmbeddedLinux/C1_Assign/actions-runner/.runner'
[2023-06-07 10:29:58Z INFO Listener] Runner is built for Linux (X64) - linux-x64.
[2023-06-07 10:29:58Z INFO Listener] RuntimeInformation: Linux 5.19.0-43-generic #44~22.04.1-Ubuntu SMP PREEMPT_DYNAMIC Mon May 22 13:39:36 UTC 2.
[2023-06-07 10:29:58Z INFO Listener] Version: 2.304.0
[2023-06-07 10:29:58Z INFO Listener] Commit: 9ef4121b5b31ee5c03b7770288213d741081f747
[2023-06-07 10:29:58Z INFO Listener] Culture: en-US
[2023-06-07 10:29:58Z INFO Listener] UI Culture: en-US
[2023-06-07 10:29:58Z INFO HostContext] Well known directory 'Bin': '/home/msamy/Desktop/EmbeddedLinux/C1_Assign/actions-runner/bin'
[2023-06-07 10:29:58Z INFO HostContext] Well known directory 'Root': '/home/msamy/Desktop/EmbeddedLinux/C1_Assign/actions-runner'
[2023-06-07 10:29:58Z INFO Listener] Validating directory permissions for: '/home/msamy/Desktop/EmbeddedLinux/C1_Assign/actions-runner'
[2023-06-07 10:29:58Z INFO CommandLineParser] Parse
[2023-06-07 10:29:58Z INFO CommandLineParser] Parsing 2 args
[2023-06-07 10:29:58Z INFO CommandLineParser] parsing argument
[2023-06-07 10:29:58Z INFO CommandLineParser] HasArgs: False
[2023-06-07 10:29:58Z INFO CommandLineParser] Adding Command: run
[2023-06-07 10:29:58Z INFO CommandLineParser] parsing argument
[2023-06-07 10:29:58Z INFO CommandLineParser] HasArgs: True
[2023-06-07 10:29:58Z INFO CommandLineParser] arg: check
[2023-06-07 10:29:58Z INFO Listener] Arguments parsed
[2023-06-07 10:29:58Z INFO Runner] ExecuteCommand
[2023-06-07 10:29:58Z INFO ConfigurationStore] currentAssemblyLocation: /home/msamy/Desktop/EmbeddedLinux/C1_Assign/actions-runner/bin/Runner.Listener.dll
[2023-06-07 10:29:58Z INFO HostContext] Well known directory 'Bin': '/home/msamy/Desktop/EmbeddedLinux/C1_Assign/actions-runner/bin'
[2023-06-07 10:29:58Z INFO ConfigurationStore] binPath: /home/msamy/Desktop/EmbeddedLinux/C1_Assign/actions-runner/bin
[2023-06-07 10:29:58Z INFO HostContext] Well known directory 'Bin': '/home/msamy/Desktop/EmbeddedLinux/C1_Assign/actions-runner/bin'
[2023-06-07 10:29:58Z INFO HostContext] Well known directory 'Root': '/home/msamy/Desktop/EmbeddedLinux/C1_Assign/actions-runner'
[2023-06-07 10:29:58Z INFO ConfigurationStore] RootFolder: /home/msamy/Desktop/EmbeddedLinux/C1_Assign/actions-runner
[2023-06-07 10:29:58Z INFO HostContext] Well known directory 'Bin': '/home/msamy/Desktop/EmbeddedLinux/C1_Assign/actions-runner/bin'
[2023-06-07 10:29:58Z INFO HostContext] Well known directory 'Root': '/home/msamy/Desktop/EmbeddedLinux/C1_Assign/actions-runner'
[2023-06-07 10:29:58Z INFO HostContext] Well known config file 'Runner': '/home/msamy/Desktop/EmbeddedLinux/C1_Assign/actions-runner/.runner'
[2023-06-07 10:29:58Z INFO ConfigurationStore] ConfigFilePath: /home/msamy/Desktop/EmbeddedLinux/C1_Assign/actions-runner/.runner
[2023-06-07 10:29:58Z INFO HostContext] Well known directory 'Bin': '/home/msamy/Desktop/EmbeddedLinux/C1_Assign/actions-runner/bin'
[2023-06-07 10:29:58Z INFO HostContext] Well known directory 'Root': '/home/msamy/Desktop/EmbeddedLinux/C1_Assign/actions-runner'
[2023-06-07 10:29:58Z INFO HostContext] Well known config file 'Credentials': '/home/msamy/Desktop/EmbeddedLinux/C1_Assign/actions-runner/.credentials'
[2023-06-07 10:29:58Z INFO ConfigurationStore] CredFilePath: /home/msamy/Desktop/EmbeddedLinux/C1_Assign/actions-runner/.credentials
[2023-06-07 10:29:58Z INFO HostContext] Well known directory 'Bin': '/home/msamy/Desktop/EmbeddedLinux/C1_Assign/actions-runner/bin'
[2023-06-07 10:29:58Z INFO HostContext] Well known directory 'Root': '/home/msamy/Desktop/EmbeddedLinux/C1_Assign/actions-runner'
[2023-06-07 10:29:58Z INFO HostContext] Well known config file 'MigratedCredentials': '/home/msamy/Desktop/EmbeddedLinux/C1_Assign/actions-runner/.credentials_migrated'
[2023-06-07 10:29:58Z INFO ConfigurationStore] MigratedCredFilePath: /home/msamy/Desktop/EmbeddedLinux/C1_Assign/actions-runner/.credentials_migrated
[2023-06-07 10:29:58Z INFO HostContext] Well known directory 'Bin': '/home/msamy/Desktop/EmbeddedLinux/C1_Assign/actions-runner/bin'
[2023-06-07 10:29:58Z INFO HostContext] Well known directory 'Root': '/home/msamy/Desktop/EmbeddedLinux/C1_Assign/actions-runner'
[2023-06-07 10:29:58Z INFO HostContext] Well known config file 'Service': '/home/msamy/Desktop/EmbeddedLinux/C1_Assign/actions-runner/.service'
[2023-06-07 10:29:58Z INFO ConfigurationStore] ServiceConfigFilePath: /home/msamy/Desktop/EmbeddedLinux/C1_Assign/actions-runner/.service
[2023-06-07 10:29:58Z INFO CommandSettings] Flag 'help': 'False'
[2023-06-07 10:29:58Z INFO CommandSettings] Flag 'version': 'False'
[2023-06-07 10:29:58Z INFO CommandSettings] Flag 'commit': 'False'
[2023-06-07 10:29:58Z INFO CommandSettings] Flag 'check': 'True'
[2023-06-07 10:29:58Z INFO CommandSettings] Arg 'url': ''
[2023-06-07 10:29:58Z INFO CommandSettings] Flag 'unattended': 'False'
[2023-06-07 10:29:58Z INFO PromptManager] ReadValue
[2023-06-07 10:29:58Z INFO Terminal] WRITE: What is the URL of your repository? 
[2023-06-07 10:29:58Z INFO Terminal] READ LINE
[2023-06-07 10:30:00Z INFO Terminal] Read value: 'https://github.com/cu-ecen-aeld/assignment-1-msamygawad'
[2023-06-07 10:30:00Z INFO CommandSettings] Arg 'pat': ''
[2023-06-07 10:30:00Z INFO CommandSettings] Flag 'unattended': 'False'
[2023-06-07 10:30:00Z INFO PromptManager] ReadValue
[2023-06-07 10:30:00Z INFO Terminal] WRITE: What is your GitHub personal access token? 
[2023-06-07 10:30:00Z INFO Terminal] READ SECRET
[2023-06-07 10:30:02Z INFO Terminal] Read value: ''
[2023-06-07 10:30:02Z INFO Terminal] WRITE: What is your GitHub personal access token? 
[2023-06-07 10:30:02Z INFO Terminal] READ SECRET
[2023-06-07 10:31:25Z INFO Terminal] Read value: '***'
[2023-06-07 10:31:25Z INFO ExtensionManager] Getting extensions for interface: 'GitHub.Runner.Listener.Check.ICheckExtension'
[2023-06-07 10:31:25Z INFO ExtensionManager] Creating instance: GitHub.Runner.Listener.Check.InternetCheck, Runner.Listener
[2023-06-07 10:31:25Z INFO HostContext] Well known directory 'Bin': '/home/msamy/Desktop/EmbeddedLinux/C1_Assign/actions-runner/bin'
[2023-06-07 10:31:25Z INFO HostContext] Well known directory 'Root': '/home/msamy/Desktop/EmbeddedLinux/C1_Assign/actions-runner'
[2023-06-07 10:31:25Z INFO HostContext] Well known directory 'Diag': '/home/msamy/Desktop/EmbeddedLinux/C1_Assign/actions-runner/_diag'
[2023-06-07 10:31:25Z INFO ExtensionManager] Creating instance: GitHub.Runner.Listener.Check.ActionsCheck, Runner.Listener
[2023-06-07 10:31:25Z INFO HostContext] Well known directory 'Bin': '/home/msamy/Desktop/EmbeddedLinux/C1_Assign/actions-runner/bin'
[2023-06-07 10:31:25Z INFO HostContext] Well known directory 'Root': '/home/msamy/Desktop/EmbeddedLinux/C1_Assign/actions-runner'
[2023-06-07 10:31:25Z INFO HostContext] Well known directory 'Diag': '/home/msamy/Desktop/EmbeddedLinux/C1_Assign/actions-runner/_diag'
[2023-06-07 10:31:25Z INFO ExtensionManager] Creating instance: GitHub.Runner.Listener.Check.GitCheck, Runner.Listener
[2023-06-07 10:31:25Z INFO HostContext] Well known directory 'Bin': '/home/msamy/Desktop/EmbeddedLinux/C1_Assign/actions-runner/bin'
[2023-06-07 10:31:25Z INFO HostContext] Well known directory 'Root': '/home/msamy/Desktop/EmbeddedLinux/C1_Assign/actions-runner'
[2023-06-07 10:31:25Z INFO HostContext] Well known directory 'Diag': '/home/msamy/Desktop/EmbeddedLinux/C1_Assign/actions-runner/_diag'
[2023-06-07 10:31:25Z INFO ExtensionManager] Creating instance: GitHub.Runner.Listener.Check.NodeJsCheck, Runner.Listener
[2023-06-07 10:31:25Z INFO HostContext] Well known directory 'Bin': '/home/msamy/Desktop/EmbeddedLinux/C1_Assign/actions-runner/bin'
[2023-06-07 10:31:25Z INFO HostContext] Well known directory 'Root': '/home/msamy/Desktop/EmbeddedLinux/C1_Assign/actions-runner'
[2023-06-07 10:31:25Z INFO HostContext] Well known directory 'Diag': '/home/msamy/Desktop/EmbeddedLinux/C1_Assign/actions-runner/_diag'
[2023-06-07 10:31:25Z INFO Terminal] WRITE LINE: **********************************************************************************************************************
[2023-06-07 10:31:25Z INFO Terminal] WRITE LINE: **  Check:               Internet Connection
[2023-06-07 10:31:25Z INFO Terminal] WRITE LINE: **  Description:         Check if the Actions runner has internet access.
[2023-06-07 10:31:25Z INFO Terminal] WRITE LINE: **********************************************************************************************************************
[2023-06-07 10:31:26Z INFO Terminal] WRITE LINE: **                                                                                                                  **
[2023-06-07 10:31:26Z INFO Terminal] WRITE LINE: **                                            P A S S                                                               **
[2023-06-07 10:31:26Z INFO Terminal] WRITE LINE: **                                                                                                                  **
[2023-06-07 10:31:26Z INFO Terminal] WRITE LINE: **********************************************************************************************************************
[2023-06-07 10:31:26Z INFO Terminal] WRITE LINE: ** Log: /home/msamy/Desktop/EmbeddedLinux/C1_Assign/actions-runner/_diag/InternetCheck_20230607-103125-utc.log
[2023-06-07 10:31:26Z INFO Terminal] WRITE LINE: **********************************************************************************************************************
[2023-06-07 10:31:26Z INFO Terminal] WRITE LINE: 
[2023-06-07 10:31:26Z INFO Terminal] WRITE LINE: 
[2023-06-07 10:31:26Z INFO Terminal] WRITE LINE: **********************************************************************************************************************
[2023-06-07 10:31:26Z INFO Terminal] WRITE LINE: **  Check:               GitHub Actions Connection
[2023-06-07 10:31:26Z INFO Terminal] WRITE LINE: **  Description:         Check if the Actions runner has access to the GitHub Actions service.
[2023-06-07 10:31:26Z INFO Terminal] WRITE LINE: **********************************************************************************************************************
[2023-06-07 10:31:27Z INFO Terminal] WRITE LINE: **                                                                                                                  **
[2023-06-07 10:31:27Z INFO Terminal] WRITE LINE: **                                            P A S S                                                               **
[2023-06-07 10:31:27Z INFO Terminal] WRITE LINE: **                                                                                                                  **
[2023-06-07 10:31:27Z INFO Terminal] WRITE LINE: **********************************************************************************************************************
[2023-06-07 10:31:27Z INFO Terminal] WRITE LINE: ** Log: /home/msamy/Desktop/EmbeddedLinux/C1_Assign/actions-runner/_diag/ActionsCheck_20230607-103125-utc.log
[2023-06-07 10:31:27Z INFO Terminal] WRITE LINE: **********************************************************************************************************************
[2023-06-07 10:31:27Z INFO Terminal] WRITE LINE: 
[2023-06-07 10:31:27Z INFO Terminal] WRITE LINE: 
[2023-06-07 10:31:27Z INFO Terminal] WRITE LINE: **********************************************************************************************************************
[2023-06-07 10:31:27Z INFO Terminal] WRITE LINE: **  Check:               Git Certificate/Proxy Validation
[2023-06-07 10:31:27Z INFO Terminal] WRITE LINE: **  Description:         Check if the Git CLI can access GitHub.com or GitHub Enterprise Server.
[2023-06-07 10:31:27Z INFO Terminal] WRITE LINE: **********************************************************************************************************************
[2023-06-07 10:31:27Z INFO HostContext] Well known directory 'Bin': '/home/msamy/Desktop/EmbeddedLinux/C1_Assign/actions-runner/bin'
[2023-06-07 10:31:27Z INFO HostContext] Well known directory 'Root': '/home/msamy/Desktop/EmbeddedLinux/C1_Assign/actions-runner'
[2023-06-07 10:31:27Z INFO ProcessInvokerWrapper] Starting process:
[2023-06-07 10:31:27Z INFO ProcessInvokerWrapper]   File name: '/usr/bin/git'
[2023-06-07 10:31:27Z INFO ProcessInvokerWrapper]   Arguments: ' ls-remote --exit-code https://gh:***@github.com/actions/checkout HEAD'
[2023-06-07 10:31:27Z INFO ProcessInvokerWrapper]   Working directory: '/home/msamy/Desktop/EmbeddedLinux/C1_Assign/actions-runner'
[2023-06-07 10:31:27Z INFO ProcessInvokerWrapper]   Require exit code zero: 'True'
[2023-06-07 10:31:27Z INFO ProcessInvokerWrapper]   Encoding web name:  ; code page: ''
[2023-06-07 10:31:27Z INFO ProcessInvokerWrapper]   Force kill process on cancellation: 'False'
[2023-06-07 10:31:27Z INFO ProcessInvokerWrapper]   Redirected STDIN: 'False'
[2023-06-07 10:31:27Z INFO ProcessInvokerWrapper]   Persist current code page: 'False'
[2023-06-07 10:31:27Z INFO ProcessInvokerWrapper]   Keep redirected STDIN open: 'False'
[2023-06-07 10:31:27Z INFO ProcessInvokerWrapper]   High priority process: 'False'
[2023-06-07 10:31:27Z INFO ProcessInvokerWrapper] Updated oom_score_adj to 500 for PID: 56627.
[2023-06-07 10:31:27Z INFO ProcessInvokerWrapper] Process started with process id 56627, waiting for process exit.
[2023-06-07 10:31:28Z INFO ProcessInvokerWrapper] STDOUT/STDERR stream read finished.
[2023-06-07 10:31:28Z INFO ProcessInvokerWrapper] STDOUT/STDERR stream read finished.
[2023-06-07 10:31:28Z INFO ProcessInvokerWrapper] Finished process 56627 with exit code 0, and elapsed time 00:00:00.5333851.
[2023-06-07 10:31:28Z INFO Terminal] WRITE LINE: **                                                                                                                  **
[2023-06-07 10:31:28Z INFO Terminal] WRITE LINE: **                                            P A S S                                                               **
[2023-06-07 10:31:28Z INFO Terminal] WRITE LINE: **                                                                                                                  **
[2023-06-07 10:31:28Z INFO Terminal] WRITE LINE: **********************************************************************************************************************
[2023-06-07 10:31:28Z INFO Terminal] WRITE LINE: ** Log: /home/msamy/Desktop/EmbeddedLinux/C1_Assign/actions-runner/_diag/GitCheck_20230607-103125-utc.log
[2023-06-07 10:31:28Z INFO Terminal] WRITE LINE: **********************************************************************************************************************
[2023-06-07 10:31:28Z INFO Terminal] WRITE LINE: 
[2023-06-07 10:31:28Z INFO Terminal] WRITE LINE: 
[2023-06-07 10:31:28Z INFO Terminal] WRITE LINE: **********************************************************************************************************************
[2023-06-07 10:31:28Z INFO Terminal] WRITE LINE: **  Check:               Node.js Certificate/Proxy Validation
[2023-06-07 10:31:28Z INFO Terminal] WRITE LINE: **  Description:         Check if Node.js has access to GitHub.com or GitHub Enterprise Server.
[2023-06-07 10:31:28Z INFO Terminal] WRITE LINE: **********************************************************************************************************************
[2023-06-07 10:31:28Z INFO HostContext] Well known directory 'Bin': '/home/msamy/Desktop/EmbeddedLinux/C1_Assign/actions-runner/bin'
[2023-06-07 10:31:28Z INFO HostContext] Well known directory 'Bin': '/home/msamy/Desktop/EmbeddedLinux/C1_Assign/actions-runner/bin'
[2023-06-07 10:31:28Z INFO HostContext] Well known directory 'Root': '/home/msamy/Desktop/EmbeddedLinux/C1_Assign/actions-runner'
[2023-06-07 10:31:28Z INFO HostContext] Well known directory 'Externals': '/home/msamy/Desktop/EmbeddedLinux/C1_Assign/actions-runner/externals'
[2023-06-07 10:31:28Z INFO HostContext] Well known directory 'Bin': '/home/msamy/Desktop/EmbeddedLinux/C1_Assign/actions-runner/bin'
[2023-06-07 10:31:28Z INFO HostContext] Well known directory 'Root': '/home/msamy/Desktop/EmbeddedLinux/C1_Assign/actions-runner'
[2023-06-07 10:31:28Z INFO ProcessInvokerWrapper] Starting process:
[2023-06-07 10:31:28Z INFO ProcessInvokerWrapper]   File name: '/home/msamy/Desktop/EmbeddedLinux/C1_Assign/actions-runner/externals/node16/bin/node'
[2023-06-07 10:31:28Z INFO ProcessInvokerWrapper]   Arguments: '"/home/msamy/Desktop/EmbeddedLinux/C1_Assign/actions-runner/bin/checkScripts/makeWebRequest.js"'
[2023-06-07 10:31:28Z INFO ProcessInvokerWrapper]   Working directory: '/home/msamy/Desktop/EmbeddedLinux/C1_Assign/actions-runner'
[2023-06-07 10:31:28Z INFO ProcessInvokerWrapper]   Require exit code zero: 'True'
[2023-06-07 10:31:28Z INFO ProcessInvokerWrapper]   Encoding web name:  ; code page: ''
[2023-06-07 10:31:28Z INFO ProcessInvokerWrapper]   Force kill process on cancellation: 'False'
[2023-06-07 10:31:28Z INFO ProcessInvokerWrapper]   Redirected STDIN: 'False'
[2023-06-07 10:31:28Z INFO ProcessInvokerWrapper]   Persist current code page: 'False'
[2023-06-07 10:31:28Z INFO ProcessInvokerWrapper]   Keep redirected STDIN open: 'False'
[2023-06-07 10:31:28Z INFO ProcessInvokerWrapper]   High priority process: 'False'
[2023-06-07 10:31:28Z INFO ProcessInvokerWrapper] Updated oom_score_adj to 500 for PID: 56630.
[2023-06-07 10:31:28Z INFO ProcessInvokerWrapper] Process started with process id 56630, waiting for process exit.
[2023-06-07 10:31:28Z INFO ProcessInvokerWrapper] STDOUT/STDERR stream read finished.
[2023-06-07 10:31:28Z INFO ProcessInvokerWrapper] STDOUT/STDERR stream read finished.
[2023-06-07 10:31:28Z INFO ProcessInvokerWrapper] Finished process 56630 with exit code 0, and elapsed time 00:00:00.4670367.
[2023-06-07 10:31:28Z INFO Terminal] WRITE LINE: **                                                                                                                  **
[2023-06-07 10:31:28Z INFO Terminal] WRITE LINE: **                                            P A S S                                                               **
[2023-06-07 10:31:28Z INFO Terminal] WRITE LINE: **                                                                                                                  **
[2023-06-07 10:31:28Z INFO Terminal] WRITE LINE: **********************************************************************************************************************
[2023-06-07 10:31:28Z INFO Terminal] WRITE LINE: ** Log: /home/msamy/Desktop/EmbeddedLinux/C1_Assign/actions-runner/_diag/NodeJsCheck_20230607-103125-utc.log
[2023-06-07 10:31:28Z INFO Terminal] WRITE LINE: **********************************************************************************************************************
[2023-06-07 10:31:28Z INFO Terminal] WRITE LINE: 
[2023-06-07 10:31:28Z INFO Terminal] WRITE LINE: 
[2023-06-07 10:31:28Z INFO Listener] Runner execution has finished with return code 0
