[2023-06-07 11:55:57Z INFO HostContext] No proxy settings were found based on environmental variables (http_proxy/https_proxy/HTTP_PROXY/HTTPS_PROXY)
[2023-06-07 11:55:57Z INFO HostContext] Well known directory 'Bin': '/home/msamy/Desktop/EmbeddedLinux/C1_Assign/actions-runner/bin'
[2023-06-07 11:55:57Z INFO HostContext] Well known directory 'Root': '/home/msamy/Desktop/EmbeddedLinux/C1_Assign/actions-runner'
[2023-06-07 11:55:57Z INFO HostContext] Well known config file 'Credentials': '/home/msamy/Desktop/EmbeddedLinux/C1_Assign/actions-runner/.credentials'
[2023-06-07 11:55:57Z INFO HostContext] Well known directory 'Bin': '/home/msamy/Desktop/EmbeddedLinux/C1_Assign/actions-runner/bin'
[2023-06-07 11:55:57Z INFO HostContext] Well known directory 'Root': '/home/msamy/Desktop/EmbeddedLinux/C1_Assign/actions-runner'
[2023-06-07 11:55:57Z INFO HostContext] Well known config file 'Runner': '/home/msamy/Desktop/EmbeddedLinux/C1_Assign/actions-runner/.runner'
[2023-06-07 11:55:57Z INFO Listener] Runner is built for Linux (X64) - linux-x64.
[2023-06-07 11:55:57Z INFO Listener] RuntimeInformation: Linux 5.19.0-43-generic #44~22.04.1-Ubuntu SMP PREEMPT_DYNAMIC Mon May 22 13:39:36 UTC 2.
[2023-06-07 11:55:57Z INFO Listener] Version: 2.304.0
[2023-06-07 11:55:57Z INFO Listener] Commit: 9ef4121b5b31ee5c03b7770288213d741081f747
[2023-06-07 11:55:57Z INFO Listener] Culture: en-US
[2023-06-07 11:55:57Z INFO Listener] UI Culture: en-US
[2023-06-07 11:55:57Z INFO HostContext] Well known directory 'Bin': '/home/msamy/Desktop/EmbeddedLinux/C1_Assign/actions-runner/bin'
[2023-06-07 11:55:57Z INFO HostContext] Well known directory 'Root': '/home/msamy/Desktop/EmbeddedLinux/C1_Assign/actions-runner'
[2023-06-07 11:55:57Z INFO Listener] Validating directory permissions for: '/home/msamy/Desktop/EmbeddedLinux/C1_Assign/actions-runner'
[2023-06-07 11:55:57Z INFO CommandLineParser] Parse
[2023-06-07 11:55:57Z INFO CommandLineParser] Parsing 1 args
[2023-06-07 11:55:57Z INFO CommandLineParser] parsing argument
[2023-06-07 11:55:57Z INFO CommandLineParser] HasArgs: False
[2023-06-07 11:55:57Z INFO CommandLineParser] Adding Command: run
[2023-06-07 11:55:57Z INFO Listener] Arguments parsed
[2023-06-07 11:55:57Z INFO Runner] ExecuteCommand
[2023-06-07 11:55:57Z INFO ConfigurationStore] currentAssemblyLocation: /home/msamy/Desktop/EmbeddedLinux/C1_Assign/actions-runner/bin/Runner.Listener.dll
[2023-06-07 11:55:57Z INFO HostContext] Well known directory 'Bin': '/home/msamy/Desktop/EmbeddedLinux/C1_Assign/actions-runner/bin'
[2023-06-07 11:55:57Z INFO ConfigurationStore] binPath: /home/msamy/Desktop/EmbeddedLinux/C1_Assign/actions-runner/bin
[2023-06-07 11:55:57Z INFO HostContext] Well known directory 'Bin': '/home/msamy/Desktop/EmbeddedLinux/C1_Assign/actions-runner/bin'
[2023-06-07 11:55:57Z INFO HostContext] Well known directory 'Root': '/home/msamy/Desktop/EmbeddedLinux/C1_Assign/actions-runner'
[2023-06-07 11:55:57Z INFO ConfigurationStore] RootFolder: /home/msamy/Desktop/EmbeddedLinux/C1_Assign/actions-runner
[2023-06-07 11:55:57Z INFO HostContext] Well known directory 'Bin': '/home/msamy/Desktop/EmbeddedLinux/C1_Assign/actions-runner/bin'
[2023-06-07 11:55:57Z INFO HostContext] Well known directory 'Root': '/home/msamy/Desktop/EmbeddedLinux/C1_Assign/actions-runner'
[2023-06-07 11:55:57Z INFO HostContext] Well known config file 'Runner': '/home/msamy/Desktop/EmbeddedLinux/C1_Assign/actions-runner/.runner'
[2023-06-07 11:55:57Z INFO ConfigurationStore] ConfigFilePath: /home/msamy/Desktop/EmbeddedLinux/C1_Assign/actions-runner/.runner
[2023-06-07 11:55:57Z INFO HostContext] Well known directory 'Bin': '/home/msamy/Desktop/EmbeddedLinux/C1_Assign/actions-runner/bin'
[2023-06-07 11:55:57Z INFO HostContext] Well known directory 'Root': '/home/msamy/Desktop/EmbeddedLinux/C1_Assign/actions-runner'
[2023-06-07 11:55:57Z INFO HostContext] Well known config file 'Credentials': '/home/msamy/Desktop/EmbeddedLinux/C1_Assign/actions-runner/.credentials'
[2023-06-07 11:55:57Z INFO ConfigurationStore] CredFilePath: /home/msamy/Desktop/EmbeddedLinux/C1_Assign/actions-runner/.credentials
[2023-06-07 11:55:57Z INFO HostContext] Well known directory 'Bin': '/home/msamy/Desktop/EmbeddedLinux/C1_Assign/actions-runner/bin'
[2023-06-07 11:55:57Z INFO HostContext] Well known directory 'Root': '/home/msamy/Desktop/EmbeddedLinux/C1_Assign/actions-runner'
[2023-06-07 11:55:57Z INFO HostContext] Well known config file 'MigratedCredentials': '/home/msamy/Desktop/EmbeddedLinux/C1_Assign/actions-runner/.credentials_migrated'
[2023-06-07 11:55:57Z INFO ConfigurationStore] MigratedCredFilePath: /home/msamy/Desktop/EmbeddedLinux/C1_Assign/actions-runner/.credentials_migrated
[2023-06-07 11:55:57Z INFO HostContext] Well known directory 'Bin': '/home/msamy/Desktop/EmbeddedLinux/C1_Assign/actions-runner/bin'
[2023-06-07 11:55:57Z INFO HostContext] Well known directory 'Root': '/home/msamy/Desktop/EmbeddedLinux/C1_Assign/actions-runner'
[2023-06-07 11:55:57Z INFO HostContext] Well known config file 'Service': '/home/msamy/Desktop/EmbeddedLinux/C1_Assign/actions-runner/.service'
[2023-06-07 11:55:57Z INFO ConfigurationStore] ServiceConfigFilePath: /home/msamy/Desktop/EmbeddedLinux/C1_Assign/actions-runner/.service
[2023-06-07 11:55:57Z INFO CommandSettings] Flag 'help': 'False'
[2023-06-07 11:55:57Z INFO CommandSettings] Flag 'version': 'False'
[2023-06-07 11:55:57Z INFO CommandSettings] Flag 'commit': 'False'
[2023-06-07 11:55:57Z INFO CommandSettings] Flag 'check': 'False'
[2023-06-07 11:55:57Z INFO CommandSettings] Command 'configure': 'False'
[2023-06-07 11:55:57Z INFO CommandSettings] Command 'remove': 'False'
[2023-06-07 11:55:57Z INFO CommandSettings] Command 'warmup': 'False'
[2023-06-07 11:55:57Z INFO ConfigurationManager] LoadSettings
[2023-06-07 11:55:57Z INFO ConfigurationStore] IsConfigured()
[2023-06-07 11:55:57Z INFO ConfigurationStore] IsConfigured: True
[2023-06-07 11:55:57Z INFO ConfigurationManager] Is configured: True
[2023-06-07 11:55:57Z INFO ConfigurationStore] Read setting file: 299 chars
[2023-06-07 11:55:57Z INFO ConfigurationManager] Settings Loaded
[2023-06-07 11:55:57Z INFO ConfigurationStore] IsServiceConfigured()
[2023-06-07 11:55:57Z INFO ConfigurationStore] IsServiceConfigured: False
[2023-06-07 11:55:57Z INFO CommandSettings] Command 'run': 'True'
[2023-06-07 11:55:57Z INFO ConfigurationStore] IsConfigured()
[2023-06-07 11:55:57Z INFO ConfigurationStore] IsConfigured: True
[2023-06-07 11:55:57Z INFO ConfigurationManager] Is configured: True
[2023-06-07 11:55:57Z INFO Runner] Could not parse the argument value '' for StartupType. Defaulting to Manual
[2023-06-07 11:55:57Z INFO Runner] Set runner startup type - Manual
[2023-06-07 11:55:57Z INFO CommandSettings] Flag 'once': 'False'
[2023-06-07 11:55:57Z INFO CommandSettings] Flag 'once': 'False'
[2023-06-07 11:55:57Z INFO Runner] RunAsync
[2023-06-07 11:55:57Z INFO ConfigurationManager] LoadSettings
[2023-06-07 11:55:57Z INFO ConfigurationStore] IsConfigured()
[2023-06-07 11:55:57Z INFO ConfigurationStore] IsConfigured: True
[2023-06-07 11:55:57Z INFO ConfigurationManager] Is configured: True
[2023-06-07 11:55:57Z INFO ConfigurationManager] Settings Loaded
[2023-06-07 11:55:57Z INFO MessageListener] {
  "AgentId": 22,
  "AgentName": "msamy",
  "PoolId": 1,
  "PoolName": "Default",
  "ServerUrl": "https://pipelines.actions.githubusercontent.com/wxy5xWC0azK006j9VnyXTgu3ME2JPuDa08fqoPOT86bkPgaKb5",
  "GitHubUrl": "https://github.com/cu-ecen-aeld/assignment-1-msamygawad",
  "WorkFolder": "_work"
}
[2023-06-07 11:55:57Z INFO MessageListener] Loading Credentials
[2023-06-07 11:55:57Z INFO ConfigurationStore] HasCredentials()
[2023-06-07 11:55:57Z INFO ConfigurationStore] stored True
[2023-06-07 11:55:57Z INFO CredentialManager] GetCredentialProvider
[2023-06-07 11:55:57Z INFO CredentialManager] Creating type OAuth
[2023-06-07 11:55:57Z INFO CredentialManager] Creating credential type: OAuth
[2023-06-07 11:55:57Z INFO HostContext] Well known directory 'Bin': '/home/msamy/Desktop/EmbeddedLinux/C1_Assign/actions-runner/bin'
[2023-06-07 11:55:57Z INFO HostContext] Well known directory 'Root': '/home/msamy/Desktop/EmbeddedLinux/C1_Assign/actions-runner'
[2023-06-07 11:55:57Z INFO HostContext] Well known config file 'RSACredentials': '/home/msamy/Desktop/EmbeddedLinux/C1_Assign/actions-runner/.credentials_rsaparams'
[2023-06-07 11:55:57Z INFO RSAFileKeyManager] Loading RSA key parameters from file /home/msamy/Desktop/EmbeddedLinux/C1_Assign/actions-runner/.credentials_rsaparams
[2023-06-07 11:55:57Z INFO MessageListener] Attempt to create session.
[2023-06-07 11:55:57Z INFO MessageListener] Connecting to the Runner Server...
[2023-06-07 11:55:57Z INFO RunnerServer] EstablishVssConnection
[2023-06-07 11:55:57Z INFO RunnerServer] Establish connection with 100 seconds timeout.
[2023-06-07 11:55:57Z INFO GitHubActionsService] Starting operation Location.GetConnectionData
[2023-06-07 11:55:57Z INFO RunnerServer] EstablishVssConnection
[2023-06-07 11:55:57Z INFO RunnerServer] Establish connection with 60 seconds timeout.
[2023-06-07 11:55:57Z INFO GitHubActionsService] Starting operation Location.GetConnectionData
[2023-06-07 11:55:57Z INFO RunnerServer] EstablishVssConnection
[2023-06-07 11:55:57Z INFO RunnerServer] Establish connection with 60 seconds timeout.
[2023-06-07 11:55:57Z INFO GitHubActionsService] Starting operation Location.GetConnectionData
[2023-06-07 11:55:58Z INFO GitHubActionsService] Finished operation Location.GetConnectionData
[2023-06-07 11:55:58Z INFO GitHubActionsService] Finished operation Location.GetConnectionData
[2023-06-07 11:55:59Z INFO GitHubActionsService] Finished operation Location.GetConnectionData
[2023-06-07 11:55:59Z INFO MessageListener] VssConnection created
[2023-06-07 11:55:59Z INFO Terminal] WRITE LINE: 
[2023-06-07 11:55:59Z INFO Terminal] WRITE LINE: 
[2023-06-07 11:55:59Z INFO RSAFileKeyManager] Loading RSA key parameters from file /home/msamy/Desktop/EmbeddedLinux/C1_Assign/actions-runner/.credentials_rsaparams
[2023-06-07 11:55:59Z INFO RSAFileKeyManager] Loading RSA key parameters from file /home/msamy/Desktop/EmbeddedLinux/C1_Assign/actions-runner/.credentials_rsaparams
[2023-06-07 11:56:00Z INFO GitHubActionsService] AAD Correlation ID for this token request: Unknown
[2023-06-07 11:56:00Z INFO MessageListener] Session created.
[2023-06-07 11:56:00Z INFO Terminal] WRITE LINE: Current runner version: '2.304.0'
[2023-06-07 11:56:00Z INFO Terminal] WRITE LINE: 2023-06-07 11:56:00Z: Listening for Jobs
[2023-06-07 11:56:00Z INFO JobDispatcher] Set runner/worker IPC timeout to 30 seconds.
[2023-06-07 11:56:01Z INFO RSAFileKeyManager] Loading RSA key parameters from file /home/msamy/Desktop/EmbeddedLinux/C1_Assign/actions-runner/.credentials_rsaparams
[2023-06-07 11:56:01Z INFO MessageListener] Message '21' received from session 'f7e8e17b-d8d8-4ba1-a4b5-aee12dc1032c'.
[2023-06-07 11:56:01Z INFO Runner] Received job message of length 23197 from service, with hash '868b6f8a52ea233790b8a0ccc44f0345ed8dddd1bda3d7e375b16cbc808d23c9'
[2023-06-07 11:56:01Z INFO JobDispatcher] Job request 31 for plan f257a18c-27e6-4d41-b118-1373ef86367f job a047640a-23da-5e9b-1ef8-917a09b3753a received.
[2023-06-07 11:56:01Z INFO JobDispatcher] Pull OrchestrationId f257a18c-27e6-4d41-b118-1373ef86367f.full-test.__default from JWT claims
[2023-06-07 11:56:01Z INFO Terminal] WRITE LINE: 2023-06-07 11:56:01Z: Running job: full-test
[2023-06-07 11:56:01Z INFO JobDispatcher] Start renew job request 31 for job a047640a-23da-5e9b-1ef8-917a09b3753a.
[2023-06-07 11:56:01Z INFO JobDispatcher] Successfully renew job request 31, job is valid till 6/7/2023 12:06:01 PM
[2023-06-07 11:56:01Z INFO HostContext] Well known directory 'Bin': '/home/msamy/Desktop/EmbeddedLinux/C1_Assign/actions-runner/bin'
[2023-06-07 11:56:01Z INFO ProcessInvokerWrapper] Starting process:
[2023-06-07 11:56:01Z INFO ProcessInvokerWrapper]   File name: '/home/msamy/Desktop/EmbeddedLinux/C1_Assign/actions-runner/bin/Runner.Worker'
[2023-06-07 11:56:01Z INFO ProcessInvokerWrapper]   Arguments: 'spawnclient 105 108'
[2023-06-07 11:56:01Z INFO ProcessInvokerWrapper]   Working directory: '/home/msamy/Desktop/EmbeddedLinux/C1_Assign/actions-runner/bin'
[2023-06-07 11:56:01Z INFO ProcessInvokerWrapper]   Require exit code zero: 'False'
[2023-06-07 11:56:01Z INFO ProcessInvokerWrapper]   Encoding web name:  ; code page: ''
[2023-06-07 11:56:01Z INFO ProcessInvokerWrapper]   Force kill process on cancellation: 'True'
[2023-06-07 11:56:01Z INFO ProcessInvokerWrapper]   Redirected STDIN: 'False'
[2023-06-07 11:56:01Z INFO ProcessInvokerWrapper]   Persist current code page: 'False'
[2023-06-07 11:56:01Z INFO ProcessInvokerWrapper]   Keep redirected STDIN open: 'False'
[2023-06-07 11:56:01Z INFO ProcessInvokerWrapper]   High priority process: 'True'
[2023-06-07 11:56:01Z INFO ProcessInvokerWrapper] Process started with process id 7252, waiting for process exit.
[2023-06-07 11:56:01Z INFO JobDispatcher] Send job request message to worker for job a047640a-23da-5e9b-1ef8-917a09b3753a.
[2023-06-07 11:56:01Z INFO ProcessChannel] Sending message of length 23197, with hash '868b6f8a52ea233790b8a0ccc44f0345ed8dddd1bda3d7e375b16cbc808d23c9'
[2023-06-07 11:56:01Z INFO JobNotification] Entering JobStarted Notification
[2023-06-07 11:56:01Z INFO JobNotification] Entering StartMonitor
[2023-06-07 11:56:03Z INFO RSAFileKeyManager] Loading RSA key parameters from file /home/msamy/Desktop/EmbeddedLinux/C1_Assign/actions-runner/.credentials_rsaparams
[2023-06-07 11:56:04Z INFO MessageListener] Message '22' received from session 'f7e8e17b-d8d8-4ba1-a4b5-aee12dc1032c'.
[2023-06-07 11:56:04Z INFO JobDispatcher] Job cancellation request a047640a-23da-5e9b-1ef8-917a09b3753a received, cancellation timeout 5 minutes.
[2023-06-07 11:56:04Z INFO JobDispatcher] Send job cancellation message to worker for job a047640a-23da-5e9b-1ef8-917a09b3753a.
[2023-06-07 11:56:04Z INFO ProcessChannel] Sending message of length 0, with hash 'e3b0c44298fc1c149afbf4c8996fb92427ae41e4649b934ca495991b7852b855'
[2023-06-07 11:56:07Z INFO ProcessInvokerWrapper] STDOUT/STDERR stream read finished.
[2023-06-07 11:56:07Z INFO ProcessInvokerWrapper] STDOUT/STDERR stream read finished.
[2023-06-07 11:56:07Z INFO ProcessInvokerWrapper] Finished process 7252 with exit code 103, and elapsed time 00:00:05.7057428.
[2023-06-07 11:56:07Z INFO JobDispatcher] finish job request for job a047640a-23da-5e9b-1ef8-917a09b3753a with result: Canceled
[2023-06-07 11:56:07Z INFO Terminal] WRITE LINE: 2023-06-07 11:56:07Z: Job full-test completed with result: Canceled
[2023-06-07 11:56:07Z INFO JobDispatcher] Stop renew job request for job a047640a-23da-5e9b-1ef8-917a09b3753a.
[2023-06-07 11:56:07Z INFO JobDispatcher] job renew has been cancelled, stop renew job request 31.
[2023-06-07 11:56:07Z INFO JobNotification] Entering JobCompleted Notification
[2023-06-07 11:56:07Z INFO JobNotification] Entering EndMonitor
[2023-06-07 11:56:10Z INFO RSAFileKeyManager] Loading RSA key parameters from file /home/msamy/Desktop/EmbeddedLinux/C1_Assign/actions-runner/.credentials_rsaparams
[2023-06-07 11:56:10Z INFO MessageListener] Message '23' received from session 'f7e8e17b-d8d8-4ba1-a4b5-aee12dc1032c'.
[2023-06-07 11:56:10Z INFO Runner] Received job message of length 23596 from service, with hash 'cbd56bafc55a654aef8d7b702687d8729f9d2b59647ccd4f93794b4433718c77'
[2023-06-07 11:56:10Z INFO JobDispatcher] Job request 35 for plan cc527905-1ca8-4807-9915-ce798017cc1f job a047640a-23da-5e9b-1ef8-917a09b3753a received.
[2023-06-07 11:56:10Z INFO JobDispatcher] Pull OrchestrationId cc527905-1ca8-4807-9915-ce798017cc1f.full-test.__default from JWT claims
[2023-06-07 11:56:10Z INFO JobDispatcher] Job request a047640a-23da-5e9b-1ef8-917a09b3753a processed succeed.
[2023-06-07 11:56:10Z INFO Terminal] WRITE LINE: 2023-06-07 11:56:10Z: Running job: full-test
[2023-06-07 11:56:10Z INFO JobDispatcher] Start renew job request 35 for job a047640a-23da-5e9b-1ef8-917a09b3753a.
[2023-06-07 11:56:10Z INFO JobDispatcher] Successfully renew job request 35, job is valid till 6/7/2023 12:06:10 PM
[2023-06-07 11:56:10Z INFO HostContext] Well known directory 'Bin': '/home/msamy/Desktop/EmbeddedLinux/C1_Assign/actions-runner/bin'
[2023-06-07 11:56:10Z INFO ProcessInvokerWrapper] Starting process:
[2023-06-07 11:56:10Z INFO ProcessInvokerWrapper]   File name: '/home/msamy/Desktop/EmbeddedLinux/C1_Assign/actions-runner/bin/Runner.Worker'
[2023-06-07 11:56:10Z INFO ProcessInvokerWrapper]   Arguments: 'spawnclient 106 111'
[2023-06-07 11:56:10Z INFO ProcessInvokerWrapper]   Working directory: '/home/msamy/Desktop/EmbeddedLinux/C1_Assign/actions-runner/bin'
[2023-06-07 11:56:10Z INFO ProcessInvokerWrapper]   Require exit code zero: 'False'
[2023-06-07 11:56:10Z INFO ProcessInvokerWrapper]   Encoding web name:  ; code page: ''
[2023-06-07 11:56:10Z INFO ProcessInvokerWrapper]   Force kill process on cancellation: 'True'
[2023-06-07 11:56:10Z INFO ProcessInvokerWrapper]   Redirected STDIN: 'False'
[2023-06-07 11:56:10Z INFO ProcessInvokerWrapper]   Persist current code page: 'False'
[2023-06-07 11:56:10Z INFO ProcessInvokerWrapper]   Keep redirected STDIN open: 'False'
[2023-06-07 11:56:10Z INFO ProcessInvokerWrapper]   High priority process: 'True'
[2023-06-07 11:56:10Z INFO ProcessInvokerWrapper] Process started with process id 7273, waiting for process exit.
[2023-06-07 11:56:10Z INFO JobDispatcher] Send job request message to worker for job a047640a-23da-5e9b-1ef8-917a09b3753a.
[2023-06-07 11:56:10Z INFO ProcessChannel] Sending message of length 23596, with hash 'cbd56bafc55a654aef8d7b702687d8729f9d2b59647ccd4f93794b4433718c77'
[2023-06-07 11:56:10Z INFO JobNotification] Entering JobStarted Notification
[2023-06-07 11:56:10Z INFO JobNotification] Entering StartMonitor
[2023-06-07 11:56:27Z INFO ProcessInvokerWrapper] STDOUT/STDERR stream read finished.
[2023-06-07 11:56:27Z INFO ProcessInvokerWrapper] STDOUT/STDERR stream read finished.
[2023-06-07 11:56:27Z INFO ProcessInvokerWrapper] Finished process 7273 with exit code 100, and elapsed time 00:00:17.3711161.
[2023-06-07 11:56:27Z INFO JobDispatcher] Worker finished for job a047640a-23da-5e9b-1ef8-917a09b3753a. Code: 100
[2023-06-07 11:56:27Z INFO JobDispatcher] finish job request for job a047640a-23da-5e9b-1ef8-917a09b3753a with result: Succeeded
[2023-06-07 11:56:27Z INFO Terminal] WRITE LINE: 2023-06-07 11:56:27Z: Job full-test completed with result: Succeeded
[2023-06-07 11:56:27Z INFO JobDispatcher] Stop renew job request for job a047640a-23da-5e9b-1ef8-917a09b3753a.
[2023-06-07 11:56:27Z INFO JobDispatcher] job renew has been cancelled, stop renew job request 35.
[2023-06-07 11:56:27Z INFO JobNotification] Entering JobCompleted Notification
[2023-06-07 11:56:27Z INFO JobNotification] Entering EndMonitor
[2023-06-07 11:56:30Z INFO RSAFileKeyManager] Loading RSA key parameters from file /home/msamy/Desktop/EmbeddedLinux/C1_Assign/actions-runner/.credentials_rsaparams
[2023-06-07 11:56:30Z INFO MessageListener] Message '24' received from session 'f7e8e17b-d8d8-4ba1-a4b5-aee12dc1032c'.
[2023-06-07 11:56:30Z INFO Runner] Received job message of length 23594 from service, with hash '814d85936b891239e76203830f5ad5244e6a047edd8734d8e81607cbb284df7e'
[2023-06-07 11:56:30Z INFO JobDispatcher] Job request 36 for plan cc527905-1ca8-4807-9915-ce798017cc1f job 0e10f8dd-85b5-5bee-19c6-47fc7db6f171 received.
[2023-06-07 11:56:30Z INFO JobDispatcher] Pull OrchestrationId cc527905-1ca8-4807-9915-ce798017cc1f.unit-test.__default from JWT claims
[2023-06-07 11:56:30Z INFO JobDispatcher] Job request a047640a-23da-5e9b-1ef8-917a09b3753a processed succeed.
[2023-06-07 11:56:30Z INFO Terminal] WRITE LINE: 2023-06-07 11:56:30Z: Running job: unit-test
[2023-06-07 11:56:30Z INFO JobDispatcher] Start renew job request 36 for job 0e10f8dd-85b5-5bee-19c6-47fc7db6f171.
[2023-06-07 11:56:30Z INFO JobDispatcher] Successfully renew job request 36, job is valid till 6/7/2023 12:06:30 PM
[2023-06-07 11:56:30Z INFO HostContext] Well known directory 'Bin': '/home/msamy/Desktop/EmbeddedLinux/C1_Assign/actions-runner/bin'
[2023-06-07 11:56:30Z INFO ProcessInvokerWrapper] Starting process:
[2023-06-07 11:56:30Z INFO ProcessInvokerWrapper]   File name: '/home/msamy/Desktop/EmbeddedLinux/C1_Assign/actions-runner/bin/Runner.Worker'
[2023-06-07 11:56:30Z INFO ProcessInvokerWrapper]   Arguments: 'spawnclient 106 111'
[2023-06-07 11:56:30Z INFO ProcessInvokerWrapper]   Working directory: '/home/msamy/Desktop/EmbeddedLinux/C1_Assign/actions-runner/bin'
[2023-06-07 11:56:30Z INFO ProcessInvokerWrapper]   Require exit code zero: 'False'
[2023-06-07 11:56:30Z INFO ProcessInvokerWrapper]   Encoding web name:  ; code page: ''
[2023-06-07 11:56:30Z INFO ProcessInvokerWrapper]   Force kill process on cancellation: 'True'
[2023-06-07 11:56:30Z INFO ProcessInvokerWrapper]   Redirected STDIN: 'False'
[2023-06-07 11:56:30Z INFO ProcessInvokerWrapper]   Persist current code page: 'False'
[2023-06-07 11:56:30Z INFO ProcessInvokerWrapper]   Keep redirected STDIN open: 'False'
[2023-06-07 11:56:30Z INFO ProcessInvokerWrapper]   High priority process: 'True'
[2023-06-07 11:56:30Z INFO ProcessInvokerWrapper] Process started with process id 8322, waiting for process exit.
[2023-06-07 11:56:30Z INFO JobDispatcher] Send job request message to worker for job 0e10f8dd-85b5-5bee-19c6-47fc7db6f171.
[2023-06-07 11:56:30Z INFO ProcessChannel] Sending message of length 23594, with hash '814d85936b891239e76203830f5ad5244e6a047edd8734d8e81607cbb284df7e'
[2023-06-07 11:56:30Z INFO JobNotification] Entering JobStarted Notification
[2023-06-07 11:56:30Z INFO JobNotification] Entering StartMonitor
[2023-06-07 11:56:41Z INFO ProcessInvokerWrapper] STDOUT/STDERR stream read finished.
[2023-06-07 11:56:41Z INFO ProcessInvokerWrapper] STDOUT/STDERR stream read finished.
[2023-06-07 11:56:41Z INFO ProcessInvokerWrapper] Finished process 8322 with exit code 100, and elapsed time 00:00:11.4044913.
[2023-06-07 11:56:41Z INFO JobDispatcher] Worker finished for job 0e10f8dd-85b5-5bee-19c6-47fc7db6f171. Code: 100
[2023-06-07 11:56:41Z INFO JobDispatcher] finish job request for job 0e10f8dd-85b5-5bee-19c6-47fc7db6f171 with result: Succeeded
[2023-06-07 11:56:41Z INFO Terminal] WRITE LINE: 2023-06-07 11:56:41Z: Job unit-test completed with result: Succeeded
[2023-06-07 11:56:41Z INFO JobDispatcher] Stop renew job request for job 0e10f8dd-85b5-5bee-19c6-47fc7db6f171.
[2023-06-07 11:56:41Z INFO JobDispatcher] job renew has been cancelled, stop renew job request 36.
[2023-06-07 11:56:41Z INFO JobNotification] Entering JobCompleted Notification
[2023-06-07 11:56:41Z INFO JobNotification] Entering EndMonitor
[2023-06-07 12:01:30Z INFO Terminal] WRITE LINE: Exiting...
[2023-06-07 12:01:30Z INFO ConfigurationStore] IsServiceConfigured()
[2023-06-07 12:01:30Z INFO ConfigurationStore] IsServiceConfigured: False
[2023-06-07 12:01:30Z INFO HostContext] Runner will be shutdown for UserCancelled
[2023-06-07 12:01:30Z WARN GitHubActionsService] GET request to https://pipelines.actions.githubusercontent.com/wxy5xWC0azK006j9VnyXTgu3ME2JPuDa08fqoPOT86bkPgaKb5/_apis/distributedtask/pools/1/messages?sessionId=f7e8e17b-d8d8-4ba1-a4b5-aee12dc1032c&lastMessageId=24&status=Online&runnerVersion=2.304.0 has been cancelled.
[2023-06-07 12:01:30Z INFO MessageListener] Get next message has been cancelled.
[2023-06-07 12:01:30Z INFO JobDispatcher] Shutting down JobDispatcher. Make sure all WorkerDispatcher has finished.
[2023-06-07 12:01:30Z INFO JobDispatcher] Ensure WorkerDispather for job 0e10f8dd-85b5-5bee-19c6-47fc7db6f171 run to finish, cancel any running job.
[2023-06-07 12:01:30Z INFO JobDispatcher] Job request 0e10f8dd-85b5-5bee-19c6-47fc7db6f171 processed succeed.
[2023-06-07 12:01:30Z INFO Listener] Runner execution been cancelled.
