[2023-06-07 10:23:12Z INFO HostContext] No proxy settings were found based on environmental variables (http_proxy/https_proxy/HTTP_PROXY/HTTPS_PROXY)
[2023-06-07 10:23:12Z INFO HostContext] Well known directory 'Bin': '/home/msamy/Desktop/EmbeddedLinux/C1_Assign/actions-runner/bin'
[2023-06-07 10:23:12Z INFO HostContext] Well known directory 'Root': '/home/msamy/Desktop/EmbeddedLinux/C1_Assign/actions-runner'
[2023-06-07 10:23:12Z INFO HostContext] Well known config file 'Credentials': '/home/msamy/Desktop/EmbeddedLinux/C1_Assign/actions-runner/.credentials'
[2023-06-07 10:23:12Z INFO HostContext] Well known directory 'Bin': '/home/msamy/Desktop/EmbeddedLinux/C1_Assign/actions-runner/bin'
[2023-06-07 10:23:12Z INFO HostContext] Well known directory 'Root': '/home/msamy/Desktop/EmbeddedLinux/C1_Assign/actions-runner'
[2023-06-07 10:23:12Z INFO HostContext] Well known config file 'Runner': '/home/msamy/Desktop/EmbeddedLinux/C1_Assign/actions-runner/.runner'
[2023-06-07 10:23:12Z INFO Listener] Runner is built for Linux (X64) - linux-x64.
[2023-06-07 10:23:12Z INFO Listener] RuntimeInformation: Linux 5.19.0-43-generic #44~22.04.1-Ubuntu SMP PREEMPT_DYNAMIC Mon May 22 13:39:36 UTC 2.
[2023-06-07 10:23:12Z INFO Listener] Version: 2.304.0
[2023-06-07 10:23:12Z INFO Listener] Commit: 9ef4121b5b31ee5c03b7770288213d741081f747
[2023-06-07 10:23:12Z INFO Listener] Culture: en-US
[2023-06-07 10:23:12Z INFO Listener] UI Culture: en-US
[2023-06-07 10:23:12Z INFO HostContext] Well known directory 'Bin': '/home/msamy/Desktop/EmbeddedLinux/C1_Assign/actions-runner/bin'
[2023-06-07 10:23:12Z INFO HostContext] Well known directory 'Root': '/home/msamy/Desktop/EmbeddedLinux/C1_Assign/actions-runner'
[2023-06-07 10:23:12Z INFO Listener] Validating directory permissions for: '/home/msamy/Desktop/EmbeddedLinux/C1_Assign/actions-runner'
[2023-06-07 10:23:12Z INFO CommandLineParser] Parse
[2023-06-07 10:23:12Z INFO CommandLineParser] Parsing 5 args
[2023-06-07 10:23:12Z INFO CommandLineParser] parsing argument
[2023-06-07 10:23:12Z INFO CommandLineParser] HasArgs: False
[2023-06-07 10:23:12Z INFO CommandLineParser] Adding Command: configure
[2023-06-07 10:23:12Z INFO CommandLineParser] parsing argument
[2023-06-07 10:23:12Z INFO CommandLineParser] HasArgs: True
[2023-06-07 10:23:12Z INFO CommandLineParser] arg: url
[2023-06-07 10:23:12Z INFO CommandLineParser] parsing argument
[2023-06-07 10:23:12Z INFO CommandLineParser] HasArgs: True
[2023-06-07 10:23:12Z INFO CommandLineParser] Adding option 'url': 'https://github.com/cu-ecen-aeld/assignment-1-msamygawad'
[2023-06-07 10:23:12Z INFO CommandLineParser] parsing argument
[2023-06-07 10:23:12Z INFO CommandLineParser] HasArgs: True
[2023-06-07 10:23:12Z INFO CommandLineParser] arg: token
[2023-06-07 10:23:12Z INFO CommandLineParser] parsing argument
[2023-06-07 10:23:12Z INFO CommandLineParser] HasArgs: True
[2023-06-07 10:23:12Z INFO CommandLineParser] Adding option 'token': '***'
[2023-06-07 10:23:12Z INFO Listener] Arguments parsed
[2023-06-07 10:23:12Z INFO Runner] ExecuteCommand
[2023-06-07 10:23:12Z INFO ConfigurationStore] currentAssemblyLocation: /home/msamy/Desktop/EmbeddedLinux/C1_Assign/actions-runner/bin/Runner.Listener.dll
[2023-06-07 10:23:12Z INFO HostContext] Well known directory 'Bin': '/home/msamy/Desktop/EmbeddedLinux/C1_Assign/actions-runner/bin'
[2023-06-07 10:23:12Z INFO ConfigurationStore] binPath: /home/msamy/Desktop/EmbeddedLinux/C1_Assign/actions-runner/bin
[2023-06-07 10:23:12Z INFO HostContext] Well known directory 'Bin': '/home/msamy/Desktop/EmbeddedLinux/C1_Assign/actions-runner/bin'
[2023-06-07 10:23:12Z INFO HostContext] Well known directory 'Root': '/home/msamy/Desktop/EmbeddedLinux/C1_Assign/actions-runner'
[2023-06-07 10:23:12Z INFO ConfigurationStore] RootFolder: /home/msamy/Desktop/EmbeddedLinux/C1_Assign/actions-runner
[2023-06-07 10:23:12Z INFO HostContext] Well known directory 'Bin': '/home/msamy/Desktop/EmbeddedLinux/C1_Assign/actions-runner/bin'
[2023-06-07 10:23:12Z INFO HostContext] Well known directory 'Root': '/home/msamy/Desktop/EmbeddedLinux/C1_Assign/actions-runner'
[2023-06-07 10:23:12Z INFO HostContext] Well known config file 'Runner': '/home/msamy/Desktop/EmbeddedLinux/C1_Assign/actions-runner/.runner'
[2023-06-07 10:23:12Z INFO ConfigurationStore] ConfigFilePath: /home/msamy/Desktop/EmbeddedLinux/C1_Assign/actions-runner/.runner
[2023-06-07 10:23:12Z INFO HostContext] Well known directory 'Bin': '/home/msamy/Desktop/EmbeddedLinux/C1_Assign/actions-runner/bin'
[2023-06-07 10:23:12Z INFO HostContext] Well known directory 'Root': '/home/msamy/Desktop/EmbeddedLinux/C1_Assign/actions-runner'
[2023-06-07 10:23:12Z INFO HostContext] Well known config file 'Credentials': '/home/msamy/Desktop/EmbeddedLinux/C1_Assign/actions-runner/.credentials'
[2023-06-07 10:23:12Z INFO ConfigurationStore] CredFilePath: /home/msamy/Desktop/EmbeddedLinux/C1_Assign/actions-runner/.credentials
[2023-06-07 10:23:12Z INFO HostContext] Well known directory 'Bin': '/home/msamy/Desktop/EmbeddedLinux/C1_Assign/actions-runner/bin'
[2023-06-07 10:23:12Z INFO HostContext] Well known directory 'Root': '/home/msamy/Desktop/EmbeddedLinux/C1_Assign/actions-runner'
[2023-06-07 10:23:12Z INFO HostContext] Well known config file 'MigratedCredentials': '/home/msamy/Desktop/EmbeddedLinux/C1_Assign/actions-runner/.credentials_migrated'
[2023-06-07 10:23:12Z INFO ConfigurationStore] MigratedCredFilePath: /home/msamy/Desktop/EmbeddedLinux/C1_Assign/actions-runner/.credentials_migrated
[2023-06-07 10:23:12Z INFO HostContext] Well known directory 'Bin': '/home/msamy/Desktop/EmbeddedLinux/C1_Assign/actions-runner/bin'
[2023-06-07 10:23:12Z INFO HostContext] Well known directory 'Root': '/home/msamy/Desktop/EmbeddedLinux/C1_Assign/actions-runner'
[2023-06-07 10:23:12Z INFO HostContext] Well known config file 'Service': '/home/msamy/Desktop/EmbeddedLinux/C1_Assign/actions-runner/.service'
[2023-06-07 10:23:12Z INFO ConfigurationStore] ServiceConfigFilePath: /home/msamy/Desktop/EmbeddedLinux/C1_Assign/actions-runner/.service
[2023-06-07 10:23:12Z INFO CommandSettings] Flag 'help': 'False'
[2023-06-07 10:23:12Z INFO CommandSettings] Flag 'version': 'False'
[2023-06-07 10:23:12Z INFO CommandSettings] Flag 'commit': 'False'
[2023-06-07 10:23:12Z INFO CommandSettings] Flag 'check': 'False'
[2023-06-07 10:23:12Z INFO CommandSettings] Command 'configure': 'True'
[2023-06-07 10:23:12Z INFO Terminal] WRITE LINE: 
[2023-06-07 10:23:12Z INFO Terminal] WRITE LINE: --------------------------------------------------------------------------------
[2023-06-07 10:23:12Z INFO Terminal] WRITE LINE: |        ____ _ _   _   _       _          _        _   _                      |
[2023-06-07 10:23:12Z INFO Terminal] WRITE LINE: |       / ___(_) |_| | | |_   _| |__      / \   ___| |_(_) ___  _ __  ___      |
[2023-06-07 10:23:12Z INFO Terminal] WRITE LINE: |      | |  _| | __| |_| | | | | '_ \    / _ \ / __| __| |/ _ \| '_ \/ __|     |
[2023-06-07 10:23:12Z INFO Terminal] WRITE LINE: |      | |_| | | |_|  _  | |_| | |_) |  / ___ \ (__| |_| | (_) | | | \__ \     |
[2023-06-07 10:23:12Z INFO Terminal] WRITE LINE: |       \____|_|\__|_| |_|\__,_|_.__/  /_/   \_\___|\__|_|\___/|_| |_|___/     |
[2023-06-07 10:23:12Z INFO Terminal] WRITE LINE: |                                                                              |
[2023-06-07 10:23:12Z INFO Terminal] WRITE: |                       
[2023-06-07 10:23:12Z INFO Terminal] WRITE: Self-hosted runner registration
[2023-06-07 10:23:12Z INFO Terminal] WRITE LINE:                         |
[2023-06-07 10:23:12Z INFO Terminal] WRITE LINE: |                                                                              |
[2023-06-07 10:23:12Z INFO Terminal] WRITE LINE: --------------------------------------------------------------------------------
[2023-06-07 10:23:12Z INFO ConfigurationManager] ConfigureAsync
[2023-06-07 10:23:12Z INFO CommandSettings] Flag 'generateServiceConfig': 'False'
[2023-06-07 10:23:12Z INFO ConfigurationStore] IsConfigured()
[2023-06-07 10:23:12Z INFO ConfigurationStore] IsConfigured: False
[2023-06-07 10:23:12Z INFO ConfigurationManager] Is configured: False
[2023-06-07 10:23:12Z INFO CommandSettings] Arg 'url': 'https://github.com/cu-ecen-aeld/assignment-1-msamygawad'
[2023-06-07 10:23:12Z INFO CommandSettings] Remove url from Arg dictionary.
[2023-06-07 10:23:12Z INFO CommandSettings] Arg 'token': '***'
[2023-06-07 10:23:12Z INFO CommandSettings] Remove token from Arg dictionary.
[2023-06-07 10:23:14Z INFO ConfigurationManager] Http response code: OK from 'POST https://api.github.com/actions/runner-registration' (3067:33B7:104076A:1063AEC:64805A91)
[2023-06-07 10:23:14Z INFO Terminal] WRITE LINE: Using V2 flow: False
[2023-06-07 10:23:14Z INFO ConfigurationManager] cred retrieved via GitHub auth
[2023-06-07 10:23:14Z INFO RunnerServer] EstablishVssConnection
[2023-06-07 10:23:14Z INFO RunnerServer] Establish connection with 100 seconds timeout.
[2023-06-07 10:23:14Z INFO GitHubActionsService] Starting operation Location.GetConnectionData
[2023-06-07 10:23:14Z INFO RunnerServer] EstablishVssConnection
[2023-06-07 10:23:14Z INFO RunnerServer] Establish connection with 60 seconds timeout.
[2023-06-07 10:23:14Z INFO GitHubActionsService] Starting operation Location.GetConnectionData
[2023-06-07 10:23:14Z INFO RunnerServer] EstablishVssConnection
[2023-06-07 10:23:14Z INFO RunnerServer] Establish connection with 60 seconds timeout.
[2023-06-07 10:23:14Z INFO GitHubActionsService] Starting operation Location.GetConnectionData
[2023-06-07 10:23:15Z INFO GitHubActionsService] Finished operation Location.GetConnectionData
[2023-06-07 10:23:16Z INFO GitHubActionsService] Finished operation Location.GetConnectionData
[2023-06-07 10:23:16Z INFO GitHubActionsService] Finished operation Location.GetConnectionData
[2023-06-07 10:23:16Z INFO Terminal] WRITE LINE: 
[2023-06-07 10:23:16Z INFO ConfigurationManager] Test Connection complete.
[2023-06-07 10:23:16Z INFO HostContext] Well known directory 'Bin': '/home/msamy/Desktop/EmbeddedLinux/C1_Assign/actions-runner/bin'
[2023-06-07 10:23:16Z INFO HostContext] Well known directory 'Root': '/home/msamy/Desktop/EmbeddedLinux/C1_Assign/actions-runner'
[2023-06-07 10:23:16Z INFO HostContext] Well known config file 'RSACredentials': '/home/msamy/Desktop/EmbeddedLinux/C1_Assign/actions-runner/.credentials_rsaparams'
[2023-06-07 10:23:16Z INFO RSAFileKeyManager] Creating new RSA key using 2048-bit key length
[2023-06-07 10:23:16Z INFO RSAFileKeyManager] Successfully saved RSA key parameters to file /home/msamy/Desktop/EmbeddedLinux/C1_Assign/actions-runner/.credentials_rsaparams
[2023-06-07 10:23:16Z INFO RSAFileKeyManager] Which: 'chmod'
[2023-06-07 10:23:16Z INFO RSAFileKeyManager] Location: '/usr/bin/chmod'
[2023-06-07 10:23:16Z INFO HostContext] Well known directory 'Bin': '/home/msamy/Desktop/EmbeddedLinux/C1_Assign/actions-runner/bin'
[2023-06-07 10:23:16Z INFO HostContext] Well known directory 'Root': '/home/msamy/Desktop/EmbeddedLinux/C1_Assign/actions-runner'
[2023-06-07 10:23:16Z INFO ProcessInvokerWrapper] Starting process:
[2023-06-07 10:23:16Z INFO ProcessInvokerWrapper]   File name: '/usr/bin/chmod'
[2023-06-07 10:23:16Z INFO ProcessInvokerWrapper]   Arguments: '600 /home/msamy/Desktop/EmbeddedLinux/C1_Assign/actions-runner/.credentials_rsaparams'
[2023-06-07 10:23:16Z INFO ProcessInvokerWrapper]   Working directory: '/home/msamy/Desktop/EmbeddedLinux/C1_Assign/actions-runner'
[2023-06-07 10:23:16Z INFO ProcessInvokerWrapper]   Require exit code zero: 'False'
[2023-06-07 10:23:16Z INFO ProcessInvokerWrapper]   Encoding web name:  ; code page: ''
[2023-06-07 10:23:16Z INFO ProcessInvokerWrapper]   Force kill process on cancellation: 'False'
[2023-06-07 10:23:16Z INFO ProcessInvokerWrapper]   Redirected STDIN: 'False'
[2023-06-07 10:23:16Z INFO ProcessInvokerWrapper]   Persist current code page: 'False'
[2023-06-07 10:23:16Z INFO ProcessInvokerWrapper]   Keep redirected STDIN open: 'False'
[2023-06-07 10:23:16Z INFO ProcessInvokerWrapper]   High priority process: 'False'
[2023-06-07 10:23:16Z INFO ProcessInvokerWrapper] Process started with process id 56491, waiting for process exit.
[2023-06-07 10:23:16Z INFO ProcessInvokerWrapper] STDOUT/STDERR stream read finished.
[2023-06-07 10:23:16Z INFO ProcessInvokerWrapper] STDOUT/STDERR stream read finished.
[2023-06-07 10:23:16Z INFO ProcessInvokerWrapper] Finished process 56491 with exit code 0, and elapsed time 00:00:00.0056347.
[2023-06-07 10:23:16Z INFO RSAFileKeyManager] Successfully set permissions for RSA key parameters file /home/msamy/Desktop/EmbeddedLinux/C1_Assign/actions-runner/.credentials_rsaparams
[2023-06-07 10:23:16Z INFO CommandSettings] Arg 'runnergroup': ''
[2023-06-07 10:23:16Z INFO CommandSettings] Flag 'unattended': 'False'
[2023-06-07 10:23:16Z INFO PromptManager] ReadValue
[2023-06-07 10:23:16Z INFO Terminal] WRITE: Enter the name of the runner group to add this runner to: 
[2023-06-07 10:23:16Z INFO Terminal] WRITE: [press Enter for Default] 
[2023-06-07 10:23:16Z INFO Terminal] READ LINE
[2023-06-07 10:23:27Z INFO Terminal] Read value: ''
[2023-06-07 10:23:27Z INFO PromptManager] Falling back to the default: 'Default'
[2023-06-07 10:23:27Z INFO Terminal] WRITE LINE: 
[2023-06-07 10:23:27Z INFO ConfigurationManager] Found a self-hosted runner group with id 1 and name Default
[2023-06-07 10:23:27Z INFO CommandSettings] Flag 'disableupdate': 'False'
[2023-06-07 10:23:27Z INFO CommandSettings] Flag 'ephemeral': 'False'
[2023-06-07 10:23:27Z INFO CommandSettings] Arg 'name': ''
[2023-06-07 10:23:27Z INFO CommandSettings] Flag 'unattended': 'False'
[2023-06-07 10:23:27Z INFO PromptManager] ReadValue
[2023-06-07 10:23:27Z INFO Terminal] WRITE: Enter the name of runner: 
[2023-06-07 10:23:27Z INFO Terminal] WRITE: [press Enter for msamy] 
[2023-06-07 10:23:27Z INFO Terminal] READ LINE
[2023-06-07 10:23:49Z INFO Terminal] Read value: ''
[2023-06-07 10:23:49Z INFO PromptManager] Falling back to the default: 'msamy'
[2023-06-07 10:23:49Z INFO Terminal] WRITE LINE: 
[2023-06-07 10:23:49Z INFO CommandSettings] Arg 'labels': ''
[2023-06-07 10:23:49Z INFO CommandSettings] Flag 'unattended': 'False'
[2023-06-07 10:23:49Z INFO PromptManager] ReadValue
[2023-06-07 10:23:49Z INFO Terminal] WRITE: This runner will have the following labels: 'self-hosted', 'Linux', 'X64' 
Enter any additional labels (ex. label-1,label-2): 
[2023-06-07 10:23:49Z INFO Terminal] WRITE: [press Enter to skip] 
[2023-06-07 10:23:49Z INFO Terminal] READ LINE
[2023-06-07 10:23:58Z INFO Terminal] Read value: ''
[2023-06-07 10:23:58Z INFO Terminal] WRITE LINE: 
[2023-06-07 10:23:58Z INFO CommandSettings] Flag 'disableupdate': 'False'
[2023-06-07 10:23:58Z INFO CommandSettings] Flag 'disableupdate': 'False'
[2023-06-07 10:23:58Z INFO CommandSettings] Flag 'ephemeral': 'False'
[2023-06-07 10:23:58Z INFO ConfigurationStore] Saving OAuth credential @ /home/msamy/Desktop/EmbeddedLinux/C1_Assign/actions-runner/.credentials
[2023-06-07 10:23:58Z INFO ConfigurationStore] Credentials Saved.
[2023-06-07 10:23:58Z INFO ConfigurationStore] HasCredentials()
[2023-06-07 10:23:58Z INFO ConfigurationStore] stored True
[2023-06-07 10:23:58Z INFO CredentialManager] GetCredentialProvider
[2023-06-07 10:23:58Z INFO CredentialManager] Creating type OAuth
[2023-06-07 10:23:58Z INFO CredentialManager] Creating credential type: OAuth
[2023-06-07 10:23:58Z INFO RSAFileKeyManager] Loading RSA key parameters from file /home/msamy/Desktop/EmbeddedLinux/C1_Assign/actions-runner/.credentials_rsaparams
[2023-06-07 10:23:58Z INFO RunnerServer] EstablishVssConnection
[2023-06-07 10:23:58Z INFO RunnerServer] Establish connection with 100 seconds timeout.
[2023-06-07 10:23:58Z INFO GitHubActionsService] Starting operation Location.GetConnectionData
[2023-06-07 10:23:58Z INFO RunnerServer] EstablishVssConnection
[2023-06-07 10:23:58Z INFO RunnerServer] Establish connection with 60 seconds timeout.
[2023-06-07 10:23:58Z INFO GitHubActionsService] Starting operation Location.GetConnectionData
[2023-06-07 10:23:58Z INFO RunnerServer] EstablishVssConnection
[2023-06-07 10:23:58Z INFO RunnerServer] Establish connection with 60 seconds timeout.
[2023-06-07 10:23:58Z INFO GitHubActionsService] Starting operation Location.GetConnectionData
[2023-06-07 10:23:59Z INFO GitHubActionsService] Finished operation Location.GetConnectionData
[2023-06-07 10:24:00Z INFO GitHubActionsService] Finished operation Location.GetConnectionData
[2023-06-07 10:24:00Z INFO GitHubActionsService] Finished operation Location.GetConnectionData
[2023-06-07 10:24:00Z INFO RSAFileKeyManager] Loading RSA key parameters from file /home/msamy/Desktop/EmbeddedLinux/C1_Assign/actions-runner/.credentials_rsaparams
[2023-06-07 10:24:00Z INFO RSAFileKeyManager] Loading RSA key parameters from file /home/msamy/Desktop/EmbeddedLinux/C1_Assign/actions-runner/.credentials_rsaparams
[2023-06-07 10:24:01Z INFO GitHubActionsService] AAD Correlation ID for this token request: Unknown
[2023-06-07 10:24:01Z INFO CommandSettings] Arg 'work': ''
[2023-06-07 10:24:01Z INFO CommandSettings] Flag 'unattended': 'False'
[2023-06-07 10:24:01Z INFO PromptManager] ReadValue
[2023-06-07 10:24:01Z INFO Terminal] WRITE: Enter name of work folder: 
[2023-06-07 10:24:01Z INFO Terminal] WRITE: [press Enter for _work] 
[2023-06-07 10:24:01Z INFO Terminal] READ LINE
[2023-06-07 10:24:10Z INFO Terminal] Read value: ''
[2023-06-07 10:24:10Z INFO PromptManager] Falling back to the default: '_work'
[2023-06-07 10:24:10Z INFO ConfigurationStore] Saving runner settings.
[2023-06-07 10:24:10Z INFO ConfigurationStore] Settings Saved.
[2023-06-07 10:24:10Z INFO Terminal] WRITE LINE: 
[2023-06-07 10:24:10Z INFO Terminal] WRITE LINE: 
[2023-06-07 10:24:10Z INFO SystemDControlManager] Service name 'actions.runner.cu-ecen-aeld-assignment-1-msamygawad.msamy.service' display name 'GitHub Actions Runner (cu-ecen-aeld-assignment-1-msamygawad.msamy)' will be used for service configuration.
[2023-06-07 10:24:10Z INFO HostContext] Well known directory 'Bin': '/home/msamy/Desktop/EmbeddedLinux/C1_Assign/actions-runner/bin'
[2023-06-07 10:24:10Z INFO HostContext] Well known directory 'Root': '/home/msamy/Desktop/EmbeddedLinux/C1_Assign/actions-runner'
[2023-06-07 10:24:10Z INFO HostContext] Well known directory 'Bin': '/home/msamy/Desktop/EmbeddedLinux/C1_Assign/actions-runner/bin'
[2023-06-07 10:24:10Z INFO HostContext] Well known directory 'Bin': '/home/msamy/Desktop/EmbeddedLinux/C1_Assign/actions-runner/bin'
[2023-06-07 10:24:10Z INFO HostContext] Well known directory 'Root': '/home/msamy/Desktop/EmbeddedLinux/C1_Assign/actions-runner'
[2023-06-07 10:24:10Z INFO UnixUtil] Which: 'chmod'
[2023-06-07 10:24:10Z INFO UnixUtil] Location: '/usr/bin/chmod'
[2023-06-07 10:24:10Z INFO UnixUtil] Running /usr/bin/chmod 755 "/home/msamy/Desktop/EmbeddedLinux/C1_Assign/actions-runner/svc.sh"
[2023-06-07 10:24:10Z INFO ProcessInvokerWrapper] Starting process:
[2023-06-07 10:24:10Z INFO ProcessInvokerWrapper]   File name: '/usr/bin/chmod'
[2023-06-07 10:24:10Z INFO ProcessInvokerWrapper]   Arguments: '755 "/home/msamy/Desktop/EmbeddedLinux/C1_Assign/actions-runner/svc.sh"'
[2023-06-07 10:24:10Z INFO ProcessInvokerWrapper]   Working directory: '/home/msamy/Desktop/EmbeddedLinux/C1_Assign/actions-runner'
[2023-06-07 10:24:10Z INFO ProcessInvokerWrapper]   Require exit code zero: 'True'
[2023-06-07 10:24:10Z INFO ProcessInvokerWrapper]   Encoding web name:  ; code page: ''
[2023-06-07 10:24:10Z INFO ProcessInvokerWrapper]   Force kill process on cancellation: 'False'
[2023-06-07 10:24:10Z INFO ProcessInvokerWrapper]   Redirected STDIN: 'False'
[2023-06-07 10:24:10Z INFO ProcessInvokerWrapper]   Persist current code page: 'False'
[2023-06-07 10:24:10Z INFO ProcessInvokerWrapper]   Keep redirected STDIN open: 'False'
[2023-06-07 10:24:10Z INFO ProcessInvokerWrapper]   High priority process: 'False'
[2023-06-07 10:24:10Z INFO ProcessInvokerWrapper] Updated oom_score_adj to 500 for PID: 56505.
[2023-06-07 10:24:10Z INFO ProcessInvokerWrapper] STDOUT/STDERR stream read finished.
[2023-06-07 10:24:10Z INFO ProcessInvokerWrapper] STDOUT/STDERR stream read finished.
[2023-06-07 10:24:10Z INFO ProcessInvokerWrapper] Process started with process id 56505, waiting for process exit.
[2023-06-07 10:24:10Z INFO ProcessInvokerWrapper] Finished process 56505 with exit code 0, and elapsed time 00:00:00.0009326.
[2023-06-07 10:24:10Z INFO Listener] Runner execution has finished with return code 0
