[2023-06-09 20:16:07Z INFO HostContext] No proxy settings were found based on environmental variables (http_proxy/https_proxy/HTTP_PROXY/HTTPS_PROXY)
[2023-06-09 20:16:07Z INFO HostContext] Well known directory 'Bin': '/home/msamy/Desktop/EmbeddedLinux_/actions-runner/bin'
[2023-06-09 20:16:07Z INFO HostContext] Well known directory 'Root': '/home/msamy/Desktop/EmbeddedLinux_/actions-runner'
[2023-06-09 20:16:07Z INFO HostContext] Well known config file 'Credentials': '/home/msamy/Desktop/EmbeddedLinux_/actions-runner/.credentials'
[2023-06-09 20:16:07Z INFO HostContext] Well known directory 'Bin': '/home/msamy/Desktop/EmbeddedLinux_/actions-runner/bin'
[2023-06-09 20:16:07Z INFO HostContext] Well known directory 'Root': '/home/msamy/Desktop/EmbeddedLinux_/actions-runner'
[2023-06-09 20:16:07Z INFO HostContext] Well known config file 'Runner': '/home/msamy/Desktop/EmbeddedLinux_/actions-runner/.runner'
[2023-06-09 20:16:07Z INFO Listener] Runner is built for Linux (X64) - linux-x64.
[2023-06-09 20:16:07Z INFO Listener] RuntimeInformation: Linux 5.19.0-43-generic #44~22.04.1-Ubuntu SMP PREEMPT_DYNAMIC Mon May 22 13:39:36 UTC 2.
[2023-06-09 20:16:07Z INFO Listener] Version: 2.304.0
[2023-06-09 20:16:07Z INFO Listener] Commit: 9ef4121b5b31ee5c03b7770288213d741081f747
[2023-06-09 20:16:07Z INFO Listener] Culture: en-US
[2023-06-09 20:16:07Z INFO Listener] UI Culture: en-US
[2023-06-09 20:16:07Z INFO HostContext] Well known directory 'Bin': '/home/msamy/Desktop/EmbeddedLinux_/actions-runner/bin'
[2023-06-09 20:16:07Z INFO HostContext] Well known directory 'Root': '/home/msamy/Desktop/EmbeddedLinux_/actions-runner'
[2023-06-09 20:16:07Z INFO Listener] Validating directory permissions for: '/home/msamy/Desktop/EmbeddedLinux_/actions-runner'
[2023-06-09 20:16:07Z INFO CommandLineParser] Parse
[2023-06-09 20:16:07Z INFO CommandLineParser] Parsing 1 args
[2023-06-09 20:16:07Z INFO CommandLineParser] parsing argument
[2023-06-09 20:16:07Z INFO CommandLineParser] HasArgs: False
[2023-06-09 20:16:07Z INFO CommandLineParser] Adding Command: run
[2023-06-09 20:16:07Z INFO Listener] Arguments parsed
[2023-06-09 20:16:07Z INFO Runner] ExecuteCommand
[2023-06-09 20:16:07Z INFO ConfigurationStore] currentAssemblyLocation: /home/msamy/Desktop/EmbeddedLinux_/actions-runner/bin/Runner.Listener.dll
[2023-06-09 20:16:07Z INFO HostContext] Well known directory 'Bin': '/home/msamy/Desktop/EmbeddedLinux_/actions-runner/bin'
[2023-06-09 20:16:07Z INFO ConfigurationStore] binPath: /home/msamy/Desktop/EmbeddedLinux_/actions-runner/bin
[2023-06-09 20:16:07Z INFO HostContext] Well known directory 'Bin': '/home/msamy/Desktop/EmbeddedLinux_/actions-runner/bin'
[2023-06-09 20:16:07Z INFO HostContext] Well known directory 'Root': '/home/msamy/Desktop/EmbeddedLinux_/actions-runner'
[2023-06-09 20:16:07Z INFO ConfigurationStore] RootFolder: /home/msamy/Desktop/EmbeddedLinux_/actions-runner
[2023-06-09 20:16:07Z INFO HostContext] Well known directory 'Bin': '/home/msamy/Desktop/EmbeddedLinux_/actions-runner/bin'
[2023-06-09 20:16:07Z INFO HostContext] Well known directory 'Root': '/home/msamy/Desktop/EmbeddedLinux_/actions-runner'
[2023-06-09 20:16:07Z INFO HostContext] Well known config file 'Runner': '/home/msamy/Desktop/EmbeddedLinux_/actions-runner/.runner'
[2023-06-09 20:16:07Z INFO ConfigurationStore] ConfigFilePath: /home/msamy/Desktop/EmbeddedLinux_/actions-runner/.runner
[2023-06-09 20:16:07Z INFO HostContext] Well known directory 'Bin': '/home/msamy/Desktop/EmbeddedLinux_/actions-runner/bin'
[2023-06-09 20:16:07Z INFO HostContext] Well known directory 'Root': '/home/msamy/Desktop/EmbeddedLinux_/actions-runner'
[2023-06-09 20:16:07Z INFO HostContext] Well known config file 'Credentials': '/home/msamy/Desktop/EmbeddedLinux_/actions-runner/.credentials'
[2023-06-09 20:16:07Z INFO ConfigurationStore] CredFilePath: /home/msamy/Desktop/EmbeddedLinux_/actions-runner/.credentials
[2023-06-09 20:16:07Z INFO HostContext] Well known directory 'Bin': '/home/msamy/Desktop/EmbeddedLinux_/actions-runner/bin'
[2023-06-09 20:16:07Z INFO HostContext] Well known directory 'Root': '/home/msamy/Desktop/EmbeddedLinux_/actions-runner'
[2023-06-09 20:16:07Z INFO HostContext] Well known config file 'MigratedCredentials': '/home/msamy/Desktop/EmbeddedLinux_/actions-runner/.credentials_migrated'
[2023-06-09 20:16:07Z INFO ConfigurationStore] MigratedCredFilePath: /home/msamy/Desktop/EmbeddedLinux_/actions-runner/.credentials_migrated
[2023-06-09 20:16:07Z INFO HostContext] Well known directory 'Bin': '/home/msamy/Desktop/EmbeddedLinux_/actions-runner/bin'
[2023-06-09 20:16:07Z INFO HostContext] Well known directory 'Root': '/home/msamy/Desktop/EmbeddedLinux_/actions-runner'
[2023-06-09 20:16:07Z INFO HostContext] Well known config file 'Service': '/home/msamy/Desktop/EmbeddedLinux_/actions-runner/.service'
[2023-06-09 20:16:07Z INFO ConfigurationStore] ServiceConfigFilePath: /home/msamy/Desktop/EmbeddedLinux_/actions-runner/.service
[2023-06-09 20:16:07Z INFO CommandSettings] Flag 'help': 'False'
[2023-06-09 20:16:07Z INFO CommandSettings] Flag 'version': 'False'
[2023-06-09 20:16:07Z INFO CommandSettings] Flag 'commit': 'False'
[2023-06-09 20:16:07Z INFO CommandSettings] Flag 'check': 'False'
[2023-06-09 20:16:07Z INFO CommandSettings] Command 'configure': 'False'
[2023-06-09 20:16:07Z INFO CommandSettings] Command 'remove': 'False'
[2023-06-09 20:16:07Z INFO CommandSettings] Command 'warmup': 'False'
[2023-06-09 20:16:07Z INFO ConfigurationManager] LoadSettings
[2023-06-09 20:16:07Z INFO ConfigurationStore] IsConfigured()
[2023-06-09 20:16:07Z INFO ConfigurationStore] IsConfigured: True
[2023-06-09 20:16:07Z INFO ConfigurationManager] Is configured: True
[2023-06-09 20:16:07Z INFO ConfigurationStore] Read setting file: 309 chars
[2023-06-09 20:16:07Z INFO ConfigurationManager] Settings Loaded
[2023-06-09 20:16:07Z INFO ConfigurationStore] IsServiceConfigured()
[2023-06-09 20:16:07Z INFO ConfigurationStore] IsServiceConfigured: False
[2023-06-09 20:16:07Z INFO CommandSettings] Command 'run': 'True'
[2023-06-09 20:16:07Z INFO ConfigurationStore] IsConfigured()
[2023-06-09 20:16:07Z INFO ConfigurationStore] IsConfigured: True
[2023-06-09 20:16:07Z INFO ConfigurationManager] Is configured: True
[2023-06-09 20:16:07Z INFO Runner] Could not parse the argument value '' for StartupType. Defaulting to Manual
[2023-06-09 20:16:07Z INFO Runner] Set runner startup type - Manual
[2023-06-09 20:16:07Z INFO CommandSettings] Flag 'once': 'False'
[2023-06-09 20:16:07Z INFO CommandSettings] Flag 'once': 'False'
[2023-06-09 20:16:07Z INFO Runner] RunAsync
[2023-06-09 20:16:07Z INFO ConfigurationManager] LoadSettings
[2023-06-09 20:16:07Z INFO ConfigurationStore] IsConfigured()
[2023-06-09 20:16:07Z INFO ConfigurationStore] IsConfigured: True
[2023-06-09 20:16:07Z INFO ConfigurationManager] Is configured: True
[2023-06-09 20:16:07Z INFO ConfigurationManager] Settings Loaded
[2023-06-09 20:16:07Z INFO MessageListener] {
  "AgentId": 2,
  "AgentName": "msamy",
  "PoolId": 1,
  "PoolName": "Default",
  "ServerUrl": "https://pipelines.actions.githubusercontent.com/vrzNwWaiRVgeEbDIcDQqClbRd8EwWjt6xzrXxAG9QBQekgeYFc",
  "GitHubUrl": "https://github.com/cu-ecen-aeld/assignments-3-and-later-msamygawad",
  "WorkFolder": "_work"
}
[2023-06-09 20:16:07Z INFO MessageListener] Loading Credentials
[2023-06-09 20:16:07Z INFO ConfigurationStore] HasCredentials()
[2023-06-09 20:16:07Z INFO ConfigurationStore] stored True
[2023-06-09 20:16:07Z INFO CredentialManager] GetCredentialProvider
[2023-06-09 20:16:07Z INFO CredentialManager] Creating type OAuth
[2023-06-09 20:16:07Z INFO CredentialManager] Creating credential type: OAuth
[2023-06-09 20:16:07Z INFO HostContext] Well known directory 'Bin': '/home/msamy/Desktop/EmbeddedLinux_/actions-runner/bin'
[2023-06-09 20:16:07Z INFO HostContext] Well known directory 'Root': '/home/msamy/Desktop/EmbeddedLinux_/actions-runner'
[2023-06-09 20:16:07Z INFO HostContext] Well known config file 'RSACredentials': '/home/msamy/Desktop/EmbeddedLinux_/actions-runner/.credentials_rsaparams'
[2023-06-09 20:16:07Z INFO RSAFileKeyManager] Loading RSA key parameters from file /home/msamy/Desktop/EmbeddedLinux_/actions-runner/.credentials_rsaparams
[2023-06-09 20:16:07Z INFO MessageListener] Attempt to create session.
[2023-06-09 20:16:07Z INFO MessageListener] Connecting to the Runner Server...
[2023-06-09 20:16:07Z INFO RunnerServer] EstablishVssConnection
[2023-06-09 20:16:07Z INFO RunnerServer] Establish connection with 100 seconds timeout.
[2023-06-09 20:16:07Z INFO GitHubActionsService] Starting operation Location.GetConnectionData
[2023-06-09 20:16:07Z INFO RunnerServer] EstablishVssConnection
[2023-06-09 20:16:07Z INFO RunnerServer] Establish connection with 60 seconds timeout.
[2023-06-09 20:16:07Z INFO GitHubActionsService] Starting operation Location.GetConnectionData
[2023-06-09 20:16:07Z INFO RunnerServer] EstablishVssConnection
[2023-06-09 20:16:07Z INFO RunnerServer] Establish connection with 60 seconds timeout.
[2023-06-09 20:16:07Z INFO GitHubActionsService] Starting operation Location.GetConnectionData
[2023-06-09 20:16:08Z INFO GitHubActionsService] Finished operation Location.GetConnectionData
[2023-06-09 20:16:08Z INFO GitHubActionsService] Finished operation Location.GetConnectionData
[2023-06-09 20:16:09Z INFO GitHubActionsService] Finished operation Location.GetConnectionData
[2023-06-09 20:16:09Z INFO MessageListener] VssConnection created
[2023-06-09 20:16:09Z INFO Terminal] WRITE LINE: 
[2023-06-09 20:16:09Z INFO Terminal] WRITE LINE: 
[2023-06-09 20:16:09Z INFO RSAFileKeyManager] Loading RSA key parameters from file /home/msamy/Desktop/EmbeddedLinux_/actions-runner/.credentials_rsaparams
[2023-06-09 20:16:09Z INFO RSAFileKeyManager] Loading RSA key parameters from file /home/msamy/Desktop/EmbeddedLinux_/actions-runner/.credentials_rsaparams
[2023-06-09 20:16:10Z INFO GitHubActionsService] AAD Correlation ID for this token request: Unknown
[2023-06-09 20:16:10Z INFO MessageListener] Session created.
[2023-06-09 20:16:10Z INFO Terminal] WRITE LINE: Current runner version: '2.304.0'
[2023-06-09 20:16:10Z INFO Terminal] WRITE LINE: 2023-06-09 20:16:10Z: Listening for Jobs
[2023-06-09 20:16:10Z INFO JobDispatcher] Set runner/worker IPC timeout to 30 seconds.
[2023-06-09 20:46:23Z INFO MessageListener] No message retrieved from session 'c230ede2-6e99-4cac-8b64-2c6370c912cf' within last 30 minutes.
[2023-06-09 21:11:35Z INFO RSAFileKeyManager] Loading RSA key parameters from file /home/msamy/Desktop/EmbeddedLinux_/actions-runner/.credentials_rsaparams
[2023-06-09 21:11:36Z INFO GitHubActionsService] AAD Correlation ID for this token request: Unknown
[2023-06-09 21:16:38Z INFO MessageListener] No message retrieved from session 'c230ede2-6e99-4cac-8b64-2c6370c912cf' within last 30 minutes.
[2023-06-09 21:42:51Z WARN GitHubActionsService] GET request to https://pipelines.actions.githubusercontent.com/vrzNwWaiRVgeEbDIcDQqClbRd8EwWjt6xzrXxAG9QBQekgeYFc/_apis/distributedtask/pools/1/messages?sessionId=c230ede2-6e99-4cac-8b64-2c6370c912cf&status=Online&runnerVersion=2.304.0 timed out after 60 seconds.
[2023-06-09 21:42:51Z ERR  MessageListener] Catch exception during get next message.
[2023-06-09 21:42:51Z ERR  MessageListener] System.TimeoutException: The HTTP request timed out after 00:01:00.
 ---> System.Threading.Tasks.TaskCanceledException: The operation was canceled.
 ---> System.IO.IOException: Unable to read data from the transport connection: Operation canceled.
 ---> System.Net.Sockets.SocketException (125): Operation canceled
   --- End of inner exception stack trace ---
   at System.Net.Sockets.Socket.AwaitableSocketAsyncEventArgs.ThrowException(SocketError error, CancellationToken cancellationToken)
   at System.Net.Sockets.Socket.AwaitableSocketAsyncEventArgs.System.Threading.Tasks.Sources.IValueTaskSource<System.Int32>.GetResult(Int16 token)
   at System.Net.Security.SslStream.EnsureFullTlsFrameAsync[TIOAdapter](TIOAdapter adapter)
   at System.Net.Security.SslStream.ReadAsyncInternal[TIOAdapter](TIOAdapter adapter, Memory`1 buffer)
   at System.Net.Http.HttpConnection.SendAsyncCore(HttpRequestMessage request, Boolean async, CancellationToken cancellationToken)
   --- End of inner exception stack trace ---
   at System.Net.Http.HttpConnection.SendAsyncCore(HttpRequestMessage request, Boolean async, CancellationToken cancellationToken)
   at System.Net.Http.AuthenticationHelper.SendWithNtAuthAsync(HttpRequestMessage request, Uri authUri, Boolean async, ICredentials credentials, Boolean isProxyAuth, HttpConnection connection, HttpConnectionPool connectionPool, CancellationToken cancellationToken)
   at System.Net.Http.HttpConnectionPool.SendWithVersionDetectionAndRetryAsync(HttpRequestMessage request, Boolean async, Boolean doRequestAuth, CancellationToken cancellationToken)
   at System.Net.Http.AuthenticationHelper.SendWithAuthAsync(HttpRequestMessage request, Uri authUri, Boolean async, ICredentials credentials, Boolean preAuthenticate, Boolean isProxyAuth, Boolean doRequestAuth, HttpConnectionPool pool, CancellationToken cancellationToken)
   at System.Net.Http.DecompressionHandler.SendAsync(HttpRequestMessage request, Boolean async, CancellationToken cancellationToken)
   at GitHub.Services.Common.VssHttpMessageHandler.SendAsync(HttpRequestMessage request, CancellationToken cancellationToken)
   --- End of inner exception stack trace ---
   at GitHub.Services.Common.VssHttpMessageHandler.SendAsync(HttpRequestMessage request, CancellationToken cancellationToken)
   at GitHub.Services.Common.VssHttpRetryMessageHandler.SendAsync(HttpRequestMessage request, CancellationToken cancellationToken)
   at System.Net.Http.HttpClient.<SendAsync>g__Core|83_0(HttpRequestMessage request, HttpCompletionOption completionOption, CancellationTokenSource cts, Boolean disposeCts, CancellationTokenSource pendingRequestsCts, CancellationToken originalCancellationToken)
   at GitHub.Services.WebApi.VssHttpClientBase.SendAsync(HttpRequestMessage message, HttpCompletionOption completionOption, Object userState, CancellationToken cancellationToken)
   at GitHub.Services.WebApi.VssHttpClientBase.SendAsync[T](HttpRequestMessage message, Object userState, CancellationToken cancellationToken)
   at GitHub.Services.WebApi.VssHttpClientBase.SendAsync[T](HttpMethod method, IEnumerable`1 additionalHeaders, Guid locationId, Object routeValues, ApiResourceVersion version, HttpContent content, IEnumerable`1 queryParameters, Object userState, CancellationToken cancellationToken)
   at GitHub.Runner.Listener.MessageListener.GetNextMessageAsync(CancellationToken token)
[2023-06-09 21:42:51Z ERR  MessageListener] #####################################################
[2023-06-09 21:42:51Z ERR  MessageListener] System.Threading.Tasks.TaskCanceledException: The operation was canceled.
 ---> System.IO.IOException: Unable to read data from the transport connection: Operation canceled.
 ---> System.Net.Sockets.SocketException (125): Operation canceled
   --- End of inner exception stack trace ---
   at System.Net.Sockets.Socket.AwaitableSocketAsyncEventArgs.ThrowException(SocketError error, CancellationToken cancellationToken)
   at System.Net.Sockets.Socket.AwaitableSocketAsyncEventArgs.System.Threading.Tasks.Sources.IValueTaskSource<System.Int32>.GetResult(Int16 token)
   at System.Net.Security.SslStream.EnsureFullTlsFrameAsync[TIOAdapter](TIOAdapter adapter)
   at System.Net.Security.SslStream.ReadAsyncInternal[TIOAdapter](TIOAdapter adapter, Memory`1 buffer)
   at System.Net.Http.HttpConnection.SendAsyncCore(HttpRequestMessage request, Boolean async, CancellationToken cancellationToken)
   --- End of inner exception stack trace ---
   at System.Net.Http.HttpConnection.SendAsyncCore(HttpRequestMessage request, Boolean async, CancellationToken cancellationToken)
   at System.Net.Http.AuthenticationHelper.SendWithNtAuthAsync(HttpRequestMessage request, Uri authUri, Boolean async, ICredentials credentials, Boolean isProxyAuth, HttpConnection connection, HttpConnectionPool connectionPool, CancellationToken cancellationToken)
   at System.Net.Http.HttpConnectionPool.SendWithVersionDetectionAndRetryAsync(HttpRequestMessage request, Boolean async, Boolean doRequestAuth, CancellationToken cancellationToken)
   at System.Net.Http.AuthenticationHelper.SendWithAuthAsync(HttpRequestMessage request, Uri authUri, Boolean async, ICredentials credentials, Boolean preAuthenticate, Boolean isProxyAuth, Boolean doRequestAuth, HttpConnectionPool pool, CancellationToken cancellationToken)
   at System.Net.Http.DecompressionHandler.SendAsync(HttpRequestMessage request, Boolean async, CancellationToken cancellationToken)
   at GitHub.Services.Common.VssHttpMessageHandler.SendAsync(HttpRequestMessage request, CancellationToken cancellationToken)
[2023-06-09 21:42:51Z ERR  MessageListener] #####################################################
[2023-06-09 21:42:51Z ERR  MessageListener] System.IO.IOException: Unable to read data from the transport connection: Operation canceled.
 ---> System.Net.Sockets.SocketException (125): Operation canceled
   --- End of inner exception stack trace ---
   at System.Net.Sockets.Socket.AwaitableSocketAsyncEventArgs.ThrowException(SocketError error, CancellationToken cancellationToken)
   at System.Net.Sockets.Socket.AwaitableSocketAsyncEventArgs.System.Threading.Tasks.Sources.IValueTaskSource<System.Int32>.GetResult(Int16 token)
   at System.Net.Security.SslStream.EnsureFullTlsFrameAsync[TIOAdapter](TIOAdapter adapter)
   at System.Net.Security.SslStream.ReadAsyncInternal[TIOAdapter](TIOAdapter adapter, Memory`1 buffer)
   at System.Net.Http.HttpConnection.SendAsyncCore(HttpRequestMessage request, Boolean async, CancellationToken cancellationToken)
[2023-06-09 21:42:51Z ERR  MessageListener] #####################################################
[2023-06-09 21:42:51Z ERR  MessageListener] System.Net.Sockets.SocketException (125): Operation canceled
[2023-06-09 21:42:51Z INFO MessageListener] Retriable exception: The HTTP request timed out after 00:01:00.
[2023-06-09 21:42:51Z ERR  Terminal] WRITE ERROR: 2023-06-09 21:42:51Z: Runner connect error: The HTTP request timed out after 00:01:00.. Retrying until reconnected.
[2023-06-09 21:42:51Z INFO RunnerServer] Refresh MessageQueue VssConnection to get on a different AFD node.
[2023-06-09 21:42:51Z INFO RunnerServer] EstablishVssConnection
[2023-06-09 21:42:51Z INFO RunnerServer] Establish connection with 60 seconds timeout.
[2023-06-09 21:42:51Z INFO GitHubActionsService] Starting operation Location.GetConnectionData
[2023-06-09 21:43:11Z WARN GitHubActionsService] Attempt 1 of GET request to https://pipelines.actions.githubusercontent.com/vrzNwWaiRVgeEbDIcDQqClbRd8EwWjt6xzrXxAG9QBQekgeYFc/_apis/connectionData?connectOptions=1&lastChangeId=39641089&lastChangeId64=39641089 failed (Socket Error: TryAgain). The operation will be retried in 10.88 seconds.
[2023-06-09 21:43:42Z WARN GitHubActionsService] Attempt 2 of GET request to https://pipelines.actions.githubusercontent.com/vrzNwWaiRVgeEbDIcDQqClbRd8EwWjt6xzrXxAG9QBQekgeYFc/_apis/connectionData?connectOptions=1&lastChangeId=39641089&lastChangeId64=39641089 failed (Socket Error: TryAgain). The operation will be retried in 13.558 seconds.
[2023-06-09 21:44:16Z WARN GitHubActionsService] Attempt 3 of GET request to https://pipelines.actions.githubusercontent.com/vrzNwWaiRVgeEbDIcDQqClbRd8EwWjt6xzrXxAG9QBQekgeYFc/_apis/connectionData?connectOptions=1&lastChangeId=39641089&lastChangeId64=39641089 failed (Socket Error: TryAgain). The operation will be retried in 17.217 seconds.
[2023-06-09 21:44:53Z ERR  GitHubActionsService] Attempt 4 of GET request to https://pipelines.actions.githubusercontent.com/vrzNwWaiRVgeEbDIcDQqClbRd8EwWjt6xzrXxAG9QBQekgeYFc/_apis/connectionData?connectOptions=1&lastChangeId=39641089&lastChangeId64=39641089 failed (Socket Error: TryAgain). The maximum number of attempts has been reached.
[2023-06-09 21:44:53Z INFO GitHubActionsService] Finished operation Location.GetConnectionData
[2023-06-09 21:44:53Z INFO RunnerServer] Catch exception during connect. 4 attempt left.
[2023-06-09 21:44:53Z ERR  RunnerServer] System.Net.Http.HttpRequestException: Resource temporarily unavailable (pipelines.actions.githubusercontent.com:443)
 ---> System.Net.Sockets.SocketException (11): Resource temporarily unavailable
   at System.Net.Sockets.Socket.AwaitableSocketAsyncEventArgs.ThrowException(SocketError error, CancellationToken cancellationToken)
   at System.Net.Sockets.Socket.AwaitableSocketAsyncEventArgs.System.Threading.Tasks.Sources.IValueTaskSource.GetResult(Int16 token)
   at System.Net.Sockets.Socket.<ConnectAsync>g__WaitForConnectWithCancellation|277_0(AwaitableSocketAsyncEventArgs saea, ValueTask connectTask, CancellationToken cancellationToken)
   at System.Net.Http.HttpConnectionPool.ConnectToTcpHostAsync(String host, Int32 port, HttpRequestMessage initialRequest, Boolean async, CancellationToken cancellationToken)
   --- End of inner exception stack trace ---
   at GitHub.Services.Common.VssHttpRetryMessageHandler.SendAsync(HttpRequestMessage request, CancellationToken cancellationToken)
   at System.Net.Http.HttpClient.<SendAsync>g__Core|83_0(HttpRequestMessage request, HttpCompletionOption completionOption, CancellationTokenSource cts, Boolean disposeCts, CancellationTokenSource pendingRequestsCts, CancellationToken originalCancellationToken)
   at GitHub.Services.WebApi.VssHttpClientBase.SendAsync(HttpRequestMessage message, HttpCompletionOption completionOption, Object userState, CancellationToken cancellationToken)
   at GitHub.Services.WebApi.VssHttpClientBase.SendAsync[T](HttpRequestMessage message, Object userState, CancellationToken cancellationToken)
   at GitHub.Services.Location.Client.LocationHttpClient.GetConnectionDataAsync(ConnectOptions connectOptions, Int64 lastChangeId, CancellationToken cancellationToken, Object userState)
   at GitHub.Services.WebApi.Location.VssServerDataProvider.GetConnectionDataAsync(ConnectOptions connectOptions, Int32 lastChangeId, CancellationToken cancellationToken)
   at GitHub.Services.WebApi.Location.VssServerDataProvider.ConnectAsync(ConnectOptions connectOptions, CancellationToken cancellationToken)
   at GitHub.Runner.Common.RunnerService.EstablishVssConnection(Uri serverUrl, VssCredentials credentials, TimeSpan timeout)
[2023-06-09 21:44:53Z ERR  RunnerServer] #####################################################
[2023-06-09 21:44:53Z ERR  RunnerServer] System.Net.Sockets.SocketException (11): Resource temporarily unavailable
   at System.Net.Sockets.Socket.AwaitableSocketAsyncEventArgs.ThrowException(SocketError error, CancellationToken cancellationToken)
   at System.Net.Sockets.Socket.AwaitableSocketAsyncEventArgs.System.Threading.Tasks.Sources.IValueTaskSource.GetResult(Int16 token)
   at System.Net.Sockets.Socket.<ConnectAsync>g__WaitForConnectWithCancellation|277_0(AwaitableSocketAsyncEventArgs saea, ValueTask connectTask, CancellationToken cancellationToken)
   at System.Net.Http.HttpConnectionPool.ConnectToTcpHostAsync(String host, Int32 port, HttpRequestMessage initialRequest, Boolean async, CancellationToken cancellationToken)
[2023-06-09 21:44:53Z INFO GitHubActionsService] Starting operation Location.GetConnectionData
[2023-06-09 21:45:13Z WARN GitHubActionsService] Attempt 1 of GET request to https://pipelines.actions.githubusercontent.com/vrzNwWaiRVgeEbDIcDQqClbRd8EwWjt6xzrXxAG9QBQekgeYFc/_apis/connectionData?connectOptions=1&lastChangeId=39641089&lastChangeId64=39641089 failed (Socket Error: TryAgain). The operation will be retried in 10.836 seconds.
[2023-06-09 21:45:44Z WARN GitHubActionsService] Attempt 2 of GET request to https://pipelines.actions.githubusercontent.com/vrzNwWaiRVgeEbDIcDQqClbRd8EwWjt6xzrXxAG9QBQekgeYFc/_apis/connectionData?connectOptions=1&lastChangeId=39641089&lastChangeId64=39641089 failed (Socket Error: TryAgain). The operation will be retried in 12.745 seconds.
[2023-06-09 21:46:17Z WARN GitHubActionsService] Attempt 3 of GET request to https://pipelines.actions.githubusercontent.com/vrzNwWaiRVgeEbDIcDQqClbRd8EwWjt6xzrXxAG9QBQekgeYFc/_apis/connectionData?connectOptions=1&lastChangeId=39641089&lastChangeId64=39641089 failed (Socket Error: TryAgain). The operation will be retried in 17.07 seconds.
[2023-06-09 21:46:54Z ERR  GitHubActionsService] Attempt 4 of GET request to https://pipelines.actions.githubusercontent.com/vrzNwWaiRVgeEbDIcDQqClbRd8EwWjt6xzrXxAG9QBQekgeYFc/_apis/connectionData?connectOptions=1&lastChangeId=39641089&lastChangeId64=39641089 failed (Socket Error: TryAgain). The maximum number of attempts has been reached.
[2023-06-09 21:46:54Z INFO GitHubActionsService] Finished operation Location.GetConnectionData
[2023-06-09 21:46:54Z INFO RunnerServer] Catch exception during connect. 3 attempt left.
[2023-06-09 21:46:54Z ERR  RunnerServer] System.Net.Http.HttpRequestException: Resource temporarily unavailable (pipelines.actions.githubusercontent.com:443)
 ---> System.Net.Sockets.SocketException (11): Resource temporarily unavailable
   at System.Net.Sockets.Socket.AwaitableSocketAsyncEventArgs.ThrowException(SocketError error, CancellationToken cancellationToken)
   at System.Net.Sockets.Socket.AwaitableSocketAsyncEventArgs.System.Threading.Tasks.Sources.IValueTaskSource.GetResult(Int16 token)
   at System.Net.Sockets.Socket.<ConnectAsync>g__WaitForConnectWithCancellation|277_0(AwaitableSocketAsyncEventArgs saea, ValueTask connectTask, CancellationToken cancellationToken)
   at System.Net.Http.HttpConnectionPool.ConnectToTcpHostAsync(String host, Int32 port, HttpRequestMessage initialRequest, Boolean async, CancellationToken cancellationToken)
   --- End of inner exception stack trace ---
   at GitHub.Services.Common.VssHttpRetryMessageHandler.SendAsync(HttpRequestMessage request, CancellationToken cancellationToken)
   at System.Net.Http.HttpClient.<SendAsync>g__Core|83_0(HttpRequestMessage request, HttpCompletionOption completionOption, CancellationTokenSource cts, Boolean disposeCts, CancellationTokenSource pendingRequestsCts, CancellationToken originalCancellationToken)
   at GitHub.Services.WebApi.VssHttpClientBase.SendAsync(HttpRequestMessage message, HttpCompletionOption completionOption, Object userState, CancellationToken cancellationToken)
   at GitHub.Services.WebApi.VssHttpClientBase.SendAsync[T](HttpRequestMessage message, Object userState, CancellationToken cancellationToken)
   at GitHub.Services.Location.Client.LocationHttpClient.GetConnectionDataAsync(ConnectOptions connectOptions, Int64 lastChangeId, CancellationToken cancellationToken, Object userState)
   at GitHub.Services.WebApi.Location.VssServerDataProvider.GetConnectionDataAsync(ConnectOptions connectOptions, Int32 lastChangeId, CancellationToken cancellationToken)
   at GitHub.Services.WebApi.Location.VssServerDataProvider.ConnectAsync(ConnectOptions connectOptions, CancellationToken cancellationToken)
   at GitHub.Runner.Common.RunnerService.EstablishVssConnection(Uri serverUrl, VssCredentials credentials, TimeSpan timeout)
[2023-06-09 21:46:54Z ERR  RunnerServer] #####################################################
[2023-06-09 21:46:54Z ERR  RunnerServer] System.Net.Sockets.SocketException (11): Resource temporarily unavailable
   at System.Net.Sockets.Socket.AwaitableSocketAsyncEventArgs.ThrowException(SocketError error, CancellationToken cancellationToken)
   at System.Net.Sockets.Socket.AwaitableSocketAsyncEventArgs.System.Threading.Tasks.Sources.IValueTaskSource.GetResult(Int16 token)
   at System.Net.Sockets.Socket.<ConnectAsync>g__WaitForConnectWithCancellation|277_0(AwaitableSocketAsyncEventArgs saea, ValueTask connectTask, CancellationToken cancellationToken)
   at System.Net.Http.HttpConnectionPool.ConnectToTcpHostAsync(String host, Int32 port, HttpRequestMessage initialRequest, Boolean async, CancellationToken cancellationToken)
[2023-06-09 21:46:54Z INFO GitHubActionsService] Starting operation Location.GetConnectionData
[2023-06-09 21:47:14Z WARN GitHubActionsService] Attempt 1 of GET request to https://pipelines.actions.githubusercontent.com/vrzNwWaiRVgeEbDIcDQqClbRd8EwWjt6xzrXxAG9QBQekgeYFc/_apis/connectionData?connectOptions=1&lastChangeId=39641089&lastChangeId64=39641089 failed (Socket Error: TryAgain). The operation will be retried in 10.974 seconds.
[2023-06-09 21:47:45Z WARN GitHubActionsService] Attempt 2 of GET request to https://pipelines.actions.githubusercontent.com/vrzNwWaiRVgeEbDIcDQqClbRd8EwWjt6xzrXxAG9QBQekgeYFc/_apis/connectionData?connectOptions=1&lastChangeId=39641089&lastChangeId64=39641089 failed (Socket Error: TryAgain). The operation will be retried in 13.087 seconds.
[2023-06-09 21:48:17Z WARN GitHubActionsService] Attempt 3 of GET request to https://pipelines.actions.githubusercontent.com/vrzNwWaiRVgeEbDIcDQqClbRd8EwWjt6xzrXxAG9QBQekgeYFc/_apis/connectionData?connectOptions=1&lastChangeId=39641089&lastChangeId64=39641089 failed (Socket Error: NetworkUnreachable). The operation will be retried in 16.874 seconds.
[2023-06-09 21:48:35Z INFO GitHubActionsService] Finished operation Location.GetConnectionData
[2023-06-09 21:48:35Z INFO MessageListener] Sleeping for 25.893 seconds before retrying.
[2023-06-09 21:49:01Z INFO MessageListener] No message retrieved from session 'c230ede2-6e99-4cac-8b64-2c6370c912cf' within last 30 minutes.
[2023-06-09 21:49:51Z INFO Terminal] WRITE LINE: 2023-06-09 21:49:51Z: Runner reconnected.
[2023-06-09 22:07:26Z INFO RSAFileKeyManager] Loading RSA key parameters from file /home/msamy/Desktop/EmbeddedLinux_/actions-runner/.credentials_rsaparams
[2023-06-09 22:07:27Z INFO GitHubActionsService] AAD Correlation ID for this token request: Unknown
[2023-06-09 22:19:10Z INFO MessageListener] No message retrieved from session 'c230ede2-6e99-4cac-8b64-2c6370c912cf' within last 30 minutes.
[2023-06-09 22:49:27Z INFO MessageListener] No message retrieved from session 'c230ede2-6e99-4cac-8b64-2c6370c912cf' within last 30 minutes.
[2023-06-09 23:02:51Z INFO RSAFileKeyManager] Loading RSA key parameters from file /home/msamy/Desktop/EmbeddedLinux_/actions-runner/.credentials_rsaparams
[2023-06-09 23:02:52Z INFO GitHubActionsService] AAD Correlation ID for this token request: Unknown
[2023-06-09 23:19:37Z INFO MessageListener] No message retrieved from session 'c230ede2-6e99-4cac-8b64-2c6370c912cf' within last 30 minutes.
[2023-06-09 23:49:49Z INFO MessageListener] No message retrieved from session 'c230ede2-6e99-4cac-8b64-2c6370c912cf' within last 30 minutes.
[2023-06-09 23:54:05Z INFO RSAFileKeyManager] Loading RSA key parameters from file /home/msamy/Desktop/EmbeddedLinux_/actions-runner/.credentials_rsaparams
[2023-06-09 23:54:06Z INFO MessageListener] Message '1' received from session 'c230ede2-6e99-4cac-8b64-2c6370c912cf'.
[2023-06-09 23:54:06Z INFO Runner] Received job message of length 23687 from service, with hash '30a30fc85543cb0e1e21cd3d1fa25bc3eff1b38bda685f19a4a26531be49d61f'
[2023-06-09 23:54:06Z INFO JobDispatcher] Job request 3 for plan 2775b0be-26e4-49fb-bb27-bb42a77df5d8 job 0e10f8dd-85b5-5bee-19c6-47fc7db6f171 received.
[2023-06-09 23:54:06Z INFO JobDispatcher] Pull OrchestrationId 2775b0be-26e4-49fb-bb27-bb42a77df5d8.unit-test.__default from JWT claims
[2023-06-09 23:54:06Z INFO Terminal] WRITE LINE: 2023-06-09 23:54:06Z: Running job: unit-test
[2023-06-09 23:54:06Z INFO JobDispatcher] Start renew job request 3 for job 0e10f8dd-85b5-5bee-19c6-47fc7db6f171.
[2023-06-09 23:54:07Z INFO JobDispatcher] Successfully renew job request 3, job is valid till 6/10/2023 12:04:07 AM
[2023-06-09 23:54:07Z INFO HostContext] Well known directory 'Bin': '/home/msamy/Desktop/EmbeddedLinux_/actions-runner/bin'
[2023-06-09 23:54:07Z INFO ProcessInvokerWrapper] Starting process:
[2023-06-09 23:54:07Z INFO ProcessInvokerWrapper]   File name: '/home/msamy/Desktop/EmbeddedLinux_/actions-runner/bin/Runner.Worker'
[2023-06-09 23:54:07Z INFO ProcessInvokerWrapper]   Arguments: 'spawnclient 111 114'
[2023-06-09 23:54:07Z INFO ProcessInvokerWrapper]   Working directory: '/home/msamy/Desktop/EmbeddedLinux_/actions-runner/bin'
[2023-06-09 23:54:07Z INFO ProcessInvokerWrapper]   Require exit code zero: 'False'
[2023-06-09 23:54:07Z INFO ProcessInvokerWrapper]   Encoding web name:  ; code page: ''
[2023-06-09 23:54:07Z INFO ProcessInvokerWrapper]   Force kill process on cancellation: 'True'
[2023-06-09 23:54:07Z INFO ProcessInvokerWrapper]   Redirected STDIN: 'False'
[2023-06-09 23:54:07Z INFO ProcessInvokerWrapper]   Persist current code page: 'False'
[2023-06-09 23:54:07Z INFO ProcessInvokerWrapper]   Keep redirected STDIN open: 'False'
[2023-06-09 23:54:07Z INFO ProcessInvokerWrapper]   High priority process: 'True'
[2023-06-09 23:54:07Z INFO ProcessInvokerWrapper] Process started with process id 42611, waiting for process exit.
[2023-06-09 23:54:07Z INFO JobDispatcher] Send job request message to worker for job 0e10f8dd-85b5-5bee-19c6-47fc7db6f171.
[2023-06-09 23:54:07Z INFO ProcessChannel] Sending message of length 23687, with hash '30a30fc85543cb0e1e21cd3d1fa25bc3eff1b38bda685f19a4a26531be49d61f'
[2023-06-09 23:54:07Z INFO JobNotification] Entering JobStarted Notification
[2023-06-09 23:54:07Z INFO JobNotification] Entering StartMonitor
[2023-06-09 23:54:26Z INFO ProcessInvokerWrapper] STDOUT/STDERR stream read finished.
[2023-06-09 23:54:26Z INFO ProcessInvokerWrapper] STDOUT/STDERR stream read finished.
[2023-06-09 23:54:26Z INFO ProcessInvokerWrapper] Finished process 42611 with exit code 100, and elapsed time 00:00:18.8258143.
[2023-06-09 23:54:26Z INFO JobDispatcher] Worker finished for job 0e10f8dd-85b5-5bee-19c6-47fc7db6f171. Code: 100
[2023-06-09 23:54:26Z INFO JobDispatcher] finish job request for job 0e10f8dd-85b5-5bee-19c6-47fc7db6f171 with result: Succeeded
[2023-06-09 23:54:26Z INFO Terminal] WRITE LINE: 2023-06-09 23:54:26Z: Job unit-test completed with result: Succeeded
[2023-06-09 23:54:26Z INFO JobDispatcher] Stop renew job request for job 0e10f8dd-85b5-5bee-19c6-47fc7db6f171.
[2023-06-09 23:54:26Z INFO JobDispatcher] job renew has been cancelled, stop renew job request 3.
[2023-06-09 23:54:26Z INFO JobNotification] Entering JobCompleted Notification
[2023-06-09 23:54:26Z INFO JobNotification] Entering EndMonitor
[2023-06-09 23:58:18Z INFO RSAFileKeyManager] Loading RSA key parameters from file /home/msamy/Desktop/EmbeddedLinux_/actions-runner/.credentials_rsaparams
[2023-06-09 23:58:19Z INFO GitHubActionsService] AAD Correlation ID for this token request: Unknown
[2023-06-09 23:59:19Z INFO RSAFileKeyManager] Loading RSA key parameters from file /home/msamy/Desktop/EmbeddedLinux_/actions-runner/.credentials_rsaparams
[2023-06-09 23:59:19Z INFO MessageListener] Message '2' received from session 'c230ede2-6e99-4cac-8b64-2c6370c912cf'.
[2023-06-09 23:59:19Z INFO Runner] Received job message of length 23765 from service, with hash '98810b8d126ebb2bc450c18adb3a955b05fc282145266e78e8128c5761acab49'
[2023-06-09 23:59:19Z INFO JobDispatcher] Job request 4 for plan ffb34a2c-d897-45f5-a2a9-285f4be8cbc4 job 0e10f8dd-85b5-5bee-19c6-47fc7db6f171 received.
[2023-06-09 23:59:19Z INFO JobDispatcher] Pull OrchestrationId ffb34a2c-d897-45f5-a2a9-285f4be8cbc4.unit-test.__default from JWT claims
[2023-06-09 23:59:19Z INFO JobDispatcher] Job request 0e10f8dd-85b5-5bee-19c6-47fc7db6f171 processed succeed.
[2023-06-09 23:59:19Z INFO Terminal] WRITE LINE: 2023-06-09 23:59:19Z: Running job: unit-test
[2023-06-09 23:59:19Z INFO JobDispatcher] Start renew job request 4 for job 0e10f8dd-85b5-5bee-19c6-47fc7db6f171.
[2023-06-09 23:59:20Z INFO JobDispatcher] Successfully renew job request 4, job is valid till 6/10/2023 12:09:20 AM
[2023-06-09 23:59:20Z INFO HostContext] Well known directory 'Bin': '/home/msamy/Desktop/EmbeddedLinux_/actions-runner/bin'
[2023-06-09 23:59:20Z INFO ProcessInvokerWrapper] Starting process:
[2023-06-09 23:59:20Z INFO ProcessInvokerWrapper]   File name: '/home/msamy/Desktop/EmbeddedLinux_/actions-runner/bin/Runner.Worker'
[2023-06-09 23:59:20Z INFO ProcessInvokerWrapper]   Arguments: 'spawnclient 111 114'
[2023-06-09 23:59:20Z INFO ProcessInvokerWrapper]   Working directory: '/home/msamy/Desktop/EmbeddedLinux_/actions-runner/bin'
[2023-06-09 23:59:20Z INFO ProcessInvokerWrapper]   Require exit code zero: 'False'
[2023-06-09 23:59:20Z INFO ProcessInvokerWrapper]   Encoding web name:  ; code page: ''
[2023-06-09 23:59:20Z INFO ProcessInvokerWrapper]   Force kill process on cancellation: 'True'
[2023-06-09 23:59:20Z INFO ProcessInvokerWrapper]   Redirected STDIN: 'False'
[2023-06-09 23:59:20Z INFO ProcessInvokerWrapper]   Persist current code page: 'False'
[2023-06-09 23:59:20Z INFO ProcessInvokerWrapper]   Keep redirected STDIN open: 'False'
[2023-06-09 23:59:20Z INFO ProcessInvokerWrapper]   High priority process: 'True'
[2023-06-09 23:59:20Z INFO ProcessInvokerWrapper] Process started with process id 43956, waiting for process exit.
[2023-06-09 23:59:20Z INFO JobDispatcher] Send job request message to worker for job 0e10f8dd-85b5-5bee-19c6-47fc7db6f171.
[2023-06-09 23:59:20Z INFO ProcessChannel] Sending message of length 23765, with hash '98810b8d126ebb2bc450c18adb3a955b05fc282145266e78e8128c5761acab49'
[2023-06-09 23:59:20Z INFO JobNotification] Entering JobStarted Notification
[2023-06-09 23:59:20Z INFO JobNotification] Entering StartMonitor
[2023-06-09 23:59:32Z INFO ProcessInvokerWrapper] STDOUT/STDERR stream read finished.
[2023-06-09 23:59:32Z INFO ProcessInvokerWrapper] STDOUT/STDERR stream read finished.
[2023-06-09 23:59:32Z INFO ProcessInvokerWrapper] Finished process 43956 with exit code 100, and elapsed time 00:00:11.3363780.
[2023-06-09 23:59:32Z INFO JobDispatcher] Worker finished for job 0e10f8dd-85b5-5bee-19c6-47fc7db6f171. Code: 100
[2023-06-09 23:59:32Z INFO JobDispatcher] finish job request for job 0e10f8dd-85b5-5bee-19c6-47fc7db6f171 with result: Succeeded
[2023-06-09 23:59:32Z INFO Terminal] WRITE LINE: 2023-06-09 23:59:32Z: Job unit-test completed with result: Succeeded
[2023-06-09 23:59:32Z INFO JobDispatcher] Stop renew job request for job 0e10f8dd-85b5-5bee-19c6-47fc7db6f171.
[2023-06-09 23:59:32Z INFO JobDispatcher] job renew has been cancelled, stop renew job request 4.
[2023-06-09 23:59:32Z INFO JobNotification] Entering JobCompleted Notification
[2023-06-09 23:59:32Z INFO JobNotification] Entering EndMonitor
[2023-06-10 10:44:37Z WARN GitHubActionsService] Attempt 1 of GET request to https://pipelines.actions.githubusercontent.com/vrzNwWaiRVgeEbDIcDQqClbRd8EwWjt6xzrXxAG9QBQekgeYFc/_apis/distributedtask/pools/1/messages?sessionId=c230ede2-6e99-4cac-8b64-2c6370c912cf&lastMessageId=2&status=Online&runnerVersion=2.304.0 failed (Socket Error: ConnectionReset). The operation will be retried in 11.159 seconds.
[2023-06-10 10:44:48Z WARN GitHubActionsService] Attempt 2 of GET request to https://pipelines.actions.githubusercontent.com/vrzNwWaiRVgeEbDIcDQqClbRd8EwWjt6xzrXxAG9QBQekgeYFc/_apis/distributedtask/pools/1/messages?sessionId=c230ede2-6e99-4cac-8b64-2c6370c912cf&lastMessageId=2&status=Online&runnerVersion=2.304.0 failed (Socket Error: TryAgain). The operation will be retried in 13.108 seconds.
[2023-06-10 10:45:03Z INFO RSAFileKeyManager] Loading RSA key parameters from file /home/msamy/Desktop/EmbeddedLinux_/actions-runner/.credentials_rsaparams
[2023-06-10 10:45:04Z INFO GitHubActionsService] AAD Correlation ID for this token request: Unknown
[2023-06-10 10:59:21Z INFO MessageListener] No message retrieved from session 'c230ede2-6e99-4cac-8b64-2c6370c912cf' within last 30 minutes.
[2023-06-10 11:29:30Z INFO MessageListener] No message retrieved from session 'c230ede2-6e99-4cac-8b64-2c6370c912cf' within last 30 minutes.
[2023-06-10 11:40:24Z INFO RSAFileKeyManager] Loading RSA key parameters from file /home/msamy/Desktop/EmbeddedLinux_/actions-runner/.credentials_rsaparams
[2023-06-10 11:40:25Z INFO GitHubActionsService] AAD Correlation ID for this token request: Unknown
[2023-06-10 11:59:40Z INFO MessageListener] No message retrieved from session 'c230ede2-6e99-4cac-8b64-2c6370c912cf' within last 30 minutes.
[2023-06-10 12:29:49Z INFO MessageListener] No message retrieved from session 'c230ede2-6e99-4cac-8b64-2c6370c912cf' within last 30 minutes.
[2023-06-10 12:35:41Z INFO RSAFileKeyManager] Loading RSA key parameters from file /home/msamy/Desktop/EmbeddedLinux_/actions-runner/.credentials_rsaparams
[2023-06-10 12:35:42Z INFO GitHubActionsService] AAD Correlation ID for this token request: Unknown
[2023-06-10 12:59:59Z INFO MessageListener] No message retrieved from session 'c230ede2-6e99-4cac-8b64-2c6370c912cf' within last 30 minutes.
[2023-06-10 14:20:13Z WARN GitHubActionsService] Attempt 1 of GET request to https://pipelines.actions.githubusercontent.com/vrzNwWaiRVgeEbDIcDQqClbRd8EwWjt6xzrXxAG9QBQekgeYFc/_apis/distributedtask/pools/1/messages?sessionId=c230ede2-6e99-4cac-8b64-2c6370c912cf&lastMessageId=2&status=Online&runnerVersion=2.304.0 failed (Socket Error: ConnectionReset). The operation will be retried in 10.904 seconds.
[2023-06-10 14:20:25Z INFO RSAFileKeyManager] Loading RSA key parameters from file /home/msamy/Desktop/EmbeddedLinux_/actions-runner/.credentials_rsaparams
[2023-06-10 14:20:26Z INFO GitHubActionsService] AAD Correlation ID for this token request: Unknown
[2023-06-10 14:35:31Z INFO MessageListener] No message retrieved from session 'c230ede2-6e99-4cac-8b64-2c6370c912cf' within last 30 minutes.
[2023-06-10 15:05:40Z INFO MessageListener] No message retrieved from session 'c230ede2-6e99-4cac-8b64-2c6370c912cf' within last 30 minutes.
[2023-06-10 15:14:05Z WARN GitHubActionsService] Attempt 1 of GET request to https://pipelines.actions.githubusercontent.com/vrzNwWaiRVgeEbDIcDQqClbRd8EwWjt6xzrXxAG9QBQekgeYFc/_apis/distributedtask/pools/1/messages?sessionId=c230ede2-6e99-4cac-8b64-2c6370c912cf&lastMessageId=2&status=Online&runnerVersion=2.304.0 failed (HTTP Status: ServiceUnavailable, AFD Ref: Ref A: 50BC87DC84994C37927832DF9E037BA7 Ref B: CAI30EDGE0119 Ref C: 2023-06-10T15:14:03Z). The operation will be retried in 10.896 seconds.
[2023-06-10 15:15:57Z INFO RSAFileKeyManager] Loading RSA key parameters from file /home/msamy/Desktop/EmbeddedLinux_/actions-runner/.credentials_rsaparams
[2023-06-10 15:15:58Z INFO GitHubActionsService] AAD Correlation ID for this token request: Unknown
[2023-06-10 15:36:04Z INFO MessageListener] No message retrieved from session 'c230ede2-6e99-4cac-8b64-2c6370c912cf' within last 30 minutes.
[2023-06-10 16:06:14Z INFO MessageListener] No message retrieved from session 'c230ede2-6e99-4cac-8b64-2c6370c912cf' within last 30 minutes.
[2023-06-10 16:11:15Z INFO RSAFileKeyManager] Loading RSA key parameters from file /home/msamy/Desktop/EmbeddedLinux_/actions-runner/.credentials_rsaparams
[2023-06-10 16:11:16Z INFO GitHubActionsService] AAD Correlation ID for this token request: Unknown
[2023-06-10 16:36:23Z INFO MessageListener] No message retrieved from session 'c230ede2-6e99-4cac-8b64-2c6370c912cf' within last 30 minutes.
[2023-06-10 17:06:32Z INFO MessageListener] No message retrieved from session 'c230ede2-6e99-4cac-8b64-2c6370c912cf' within last 30 minutes.
[2023-06-10 17:06:32Z INFO RSAFileKeyManager] Loading RSA key parameters from file /home/msamy/Desktop/EmbeddedLinux_/actions-runner/.credentials_rsaparams
[2023-06-10 17:06:33Z INFO GitHubActionsService] AAD Correlation ID for this token request: Unknown
[2023-06-10 17:36:42Z INFO MessageListener] No message retrieved from session 'c230ede2-6e99-4cac-8b64-2c6370c912cf' within last 30 minutes.
[2023-06-10 18:01:50Z INFO RSAFileKeyManager] Loading RSA key parameters from file /home/msamy/Desktop/EmbeddedLinux_/actions-runner/.credentials_rsaparams
[2023-06-10 18:01:51Z INFO GitHubActionsService] AAD Correlation ID for this token request: Unknown
[2023-06-10 18:06:53Z INFO MessageListener] No message retrieved from session 'c230ede2-6e99-4cac-8b64-2c6370c912cf' within last 30 minutes.
[2023-06-10 18:37:02Z INFO MessageListener] No message retrieved from session 'c230ede2-6e99-4cac-8b64-2c6370c912cf' within last 30 minutes.
[2023-06-10 18:57:09Z INFO RSAFileKeyManager] Loading RSA key parameters from file /home/msamy/Desktop/EmbeddedLinux_/actions-runner/.credentials_rsaparams
[2023-06-10 18:57:10Z INFO GitHubActionsService] AAD Correlation ID for this token request: Unknown
[2023-06-10 19:07:12Z INFO MessageListener] No message retrieved from session 'c230ede2-6e99-4cac-8b64-2c6370c912cf' within last 30 minutes.
[2023-06-10 19:37:26Z INFO MessageListener] No message retrieved from session 'c230ede2-6e99-4cac-8b64-2c6370c912cf' within last 30 minutes.
[2023-06-10 19:52:31Z INFO RSAFileKeyManager] Loading RSA key parameters from file /home/msamy/Desktop/EmbeddedLinux_/actions-runner/.credentials_rsaparams
[2023-06-10 19:52:32Z INFO GitHubActionsService] AAD Correlation ID for this token request: Unknown
[2023-06-10 19:57:42Z WARN GitHubActionsService] Attempt 1 of GET request to https://pipelines.actions.githubusercontent.com/vrzNwWaiRVgeEbDIcDQqClbRd8EwWjt6xzrXxAG9QBQekgeYFc/_apis/distributedtask/pools/1/messages?sessionId=c230ede2-6e99-4cac-8b64-2c6370c912cf&lastMessageId=2&status=Online&runnerVersion=2.304.0 failed (Socket Error: ConnectionReset). The operation will be retried in 11.107 seconds.
[2023-06-10 20:07:56Z INFO MessageListener] No message retrieved from session 'c230ede2-6e99-4cac-8b64-2c6370c912cf' within last 30 minutes.
[2023-06-10 20:37:26Z WARN GitHubActionsService] GET request to https://pipelines.actions.githubusercontent.com/vrzNwWaiRVgeEbDIcDQqClbRd8EwWjt6xzrXxAG9QBQekgeYFc/_apis/distributedtask/pools/1/messages?sessionId=c230ede2-6e99-4cac-8b64-2c6370c912cf&lastMessageId=2&status=Online&runnerVersion=2.304.0 timed out after 60 seconds.
[2023-06-10 20:37:26Z ERR  MessageListener] Catch exception during get next message.
[2023-06-10 20:37:26Z ERR  MessageListener] System.TimeoutException: The HTTP request timed out after 00:01:00.
 ---> System.Threading.Tasks.TaskCanceledException: The operation was canceled.
 ---> System.IO.IOException: Unable to read data from the transport connection: Operation canceled.
 ---> System.Net.Sockets.SocketException (125): Operation canceled
   --- End of inner exception stack trace ---
   at System.Net.Sockets.Socket.AwaitableSocketAsyncEventArgs.ThrowException(SocketError error, CancellationToken cancellationToken)
   at System.Net.Sockets.Socket.AwaitableSocketAsyncEventArgs.System.Threading.Tasks.Sources.IValueTaskSource<System.Int32>.GetResult(Int16 token)
   at System.Net.Security.SslStream.EnsureFullTlsFrameAsync[TIOAdapter](TIOAdapter adapter)
   at System.Net.Security.SslStream.ReadAsyncInternal[TIOAdapter](TIOAdapter adapter, Memory`1 buffer)
   at System.Net.Http.HttpConnection.SendAsyncCore(HttpRequestMessage request, Boolean async, CancellationToken cancellationToken)
   --- End of inner exception stack trace ---
   at System.Net.Http.HttpConnection.SendAsyncCore(HttpRequestMessage request, Boolean async, CancellationToken cancellationToken)
   at System.Net.Http.AuthenticationHelper.SendWithNtAuthAsync(HttpRequestMessage request, Uri authUri, Boolean async, ICredentials credentials, Boolean isProxyAuth, HttpConnection connection, HttpConnectionPool connectionPool, CancellationToken cancellationToken)
   at System.Net.Http.HttpConnectionPool.SendWithVersionDetectionAndRetryAsync(HttpRequestMessage request, Boolean async, Boolean doRequestAuth, CancellationToken cancellationToken)
   at System.Net.Http.AuthenticationHelper.SendWithAuthAsync(HttpRequestMessage request, Uri authUri, Boolean async, ICredentials credentials, Boolean preAuthenticate, Boolean isProxyAuth, Boolean doRequestAuth, HttpConnectionPool pool, CancellationToken cancellationToken)
   at System.Net.Http.DecompressionHandler.SendAsync(HttpRequestMessage request, Boolean async, CancellationToken cancellationToken)
   at GitHub.Services.Common.VssHttpMessageHandler.SendAsync(HttpRequestMessage request, CancellationToken cancellationToken)
   --- End of inner exception stack trace ---
   at GitHub.Services.Common.VssHttpMessageHandler.SendAsync(HttpRequestMessage request, CancellationToken cancellationToken)
   at GitHub.Services.Common.VssHttpRetryMessageHandler.SendAsync(HttpRequestMessage request, CancellationToken cancellationToken)
   at System.Net.Http.HttpClient.<SendAsync>g__Core|83_0(HttpRequestMessage request, HttpCompletionOption completionOption, CancellationTokenSource cts, Boolean disposeCts, CancellationTokenSource pendingRequestsCts, CancellationToken originalCancellationToken)
   at GitHub.Services.WebApi.VssHttpClientBase.SendAsync(HttpRequestMessage message, HttpCompletionOption completionOption, Object userState, CancellationToken cancellationToken)
   at GitHub.Services.WebApi.VssHttpClientBase.SendAsync[T](HttpRequestMessage message, Object userState, CancellationToken cancellationToken)
   at GitHub.Services.WebApi.VssHttpClientBase.SendAsync[T](HttpMethod method, IEnumerable`1 additionalHeaders, Guid locationId, Object routeValues, ApiResourceVersion version, HttpContent content, IEnumerable`1 queryParameters, Object userState, CancellationToken cancellationToken)
   at GitHub.Runner.Listener.MessageListener.GetNextMessageAsync(CancellationToken token)
[2023-06-10 20:37:26Z ERR  MessageListener] #####################################################
[2023-06-10 20:37:26Z ERR  MessageListener] System.Threading.Tasks.TaskCanceledException: The operation was canceled.
 ---> System.IO.IOException: Unable to read data from the transport connection: Operation canceled.
 ---> System.Net.Sockets.SocketException (125): Operation canceled
   --- End of inner exception stack trace ---
   at System.Net.Sockets.Socket.AwaitableSocketAsyncEventArgs.ThrowException(SocketError error, CancellationToken cancellationToken)
   at System.Net.Sockets.Socket.AwaitableSocketAsyncEventArgs.System.Threading.Tasks.Sources.IValueTaskSource<System.Int32>.GetResult(Int16 token)
   at System.Net.Security.SslStream.EnsureFullTlsFrameAsync[TIOAdapter](TIOAdapter adapter)
   at System.Net.Security.SslStream.ReadAsyncInternal[TIOAdapter](TIOAdapter adapter, Memory`1 buffer)
   at System.Net.Http.HttpConnection.SendAsyncCore(HttpRequestMessage request, Boolean async, CancellationToken cancellationToken)
   --- End of inner exception stack trace ---
   at System.Net.Http.HttpConnection.SendAsyncCore(HttpRequestMessage request, Boolean async, CancellationToken cancellationToken)
   at System.Net.Http.AuthenticationHelper.SendWithNtAuthAsync(HttpRequestMessage request, Uri authUri, Boolean async, ICredentials credentials, Boolean isProxyAuth, HttpConnection connection, HttpConnectionPool connectionPool, CancellationToken cancellationToken)
   at System.Net.Http.HttpConnectionPool.SendWithVersionDetectionAndRetryAsync(HttpRequestMessage request, Boolean async, Boolean doRequestAuth, CancellationToken cancellationToken)
   at System.Net.Http.AuthenticationHelper.SendWithAuthAsync(HttpRequestMessage request, Uri authUri, Boolean async, ICredentials credentials, Boolean preAuthenticate, Boolean isProxyAuth, Boolean doRequestAuth, HttpConnectionPool pool, CancellationToken cancellationToken)
   at System.Net.Http.DecompressionHandler.SendAsync(HttpRequestMessage request, Boolean async, CancellationToken cancellationToken)
   at GitHub.Services.Common.VssHttpMessageHandler.SendAsync(HttpRequestMessage request, CancellationToken cancellationToken)
[2023-06-10 20:37:26Z ERR  MessageListener] #####################################################
[2023-06-10 20:37:26Z ERR  MessageListener] System.IO.IOException: Unable to read data from the transport connection: Operation canceled.
 ---> System.Net.Sockets.SocketException (125): Operation canceled
   --- End of inner exception stack trace ---
   at System.Net.Sockets.Socket.AwaitableSocketAsyncEventArgs.ThrowException(SocketError error, CancellationToken cancellationToken)
   at System.Net.Sockets.Socket.AwaitableSocketAsyncEventArgs.System.Threading.Tasks.Sources.IValueTaskSource<System.Int32>.GetResult(Int16 token)
   at System.Net.Security.SslStream.EnsureFullTlsFrameAsync[TIOAdapter](TIOAdapter adapter)
   at System.Net.Security.SslStream.ReadAsyncInternal[TIOAdapter](TIOAdapter adapter, Memory`1 buffer)
   at System.Net.Http.HttpConnection.SendAsyncCore(HttpRequestMessage request, Boolean async, CancellationToken cancellationToken)
[2023-06-10 20:37:26Z ERR  MessageListener] #####################################################
[2023-06-10 20:37:26Z ERR  MessageListener] System.Net.Sockets.SocketException (125): Operation canceled
[2023-06-10 20:37:26Z INFO MessageListener] Retriable exception: The HTTP request timed out after 00:01:00.
[2023-06-10 20:37:26Z ERR  Terminal] WRITE ERROR: 2023-06-10 20:37:26Z: Runner connect error: The HTTP request timed out after 00:01:00.. Retrying until reconnected.
[2023-06-10 20:37:26Z INFO RunnerServer] Refresh MessageQueue VssConnection to get on a different AFD node.
[2023-06-10 20:37:26Z INFO RunnerServer] EstablishVssConnection
[2023-06-10 20:37:26Z INFO RunnerServer] Establish connection with 60 seconds timeout.
[2023-06-10 20:37:26Z INFO GitHubActionsService] Starting operation Location.GetConnectionData
[2023-06-10 20:37:27Z INFO GitHubActionsService] Finished operation Location.GetConnectionData
[2023-06-10 20:37:27Z INFO MessageListener] Sleeping for 28.273 seconds before retrying.
[2023-06-11 10:38:33Z WARN GitHubActionsService] Attempt 1 of GET request to https://pipelines.actions.githubusercontent.com/vrzNwWaiRVgeEbDIcDQqClbRd8EwWjt6xzrXxAG9QBQekgeYFc/_apis/distributedtask/pools/1/messages?sessionId=c230ede2-6e99-4cac-8b64-2c6370c912cf&lastMessageId=2&status=Online&runnerVersion=2.304.0 failed (Socket Error: ConnectionReset). The operation will be retried in 11.011 seconds.
[2023-06-11 10:38:45Z INFO RSAFileKeyManager] Loading RSA key parameters from file /home/msamy/Desktop/EmbeddedLinux_/actions-runner/.credentials_rsaparams
[2023-06-11 10:38:46Z INFO GitHubActionsService] AAD Correlation ID for this token request: Unknown
[2023-06-11 10:39:36Z INFO Terminal] WRITE LINE: 2023-06-11 10:39:36Z: Runner reconnected.
[2023-06-11 10:39:36Z INFO MessageListener] No message retrieved from session 'c230ede2-6e99-4cac-8b64-2c6370c912cf' within last 30 minutes.
[2023-06-11 10:59:52Z WARN GitHubActionsService] GET request to https://pipelines.actions.githubusercontent.com/vrzNwWaiRVgeEbDIcDQqClbRd8EwWjt6xzrXxAG9QBQekgeYFc/_apis/distributedtask/pools/1/messages?sessionId=c230ede2-6e99-4cac-8b64-2c6370c912cf&lastMessageId=2&status=Online&runnerVersion=2.304.0 timed out after 60 seconds.
[2023-06-11 10:59:52Z ERR  MessageListener] Catch exception during get next message.
[2023-06-11 10:59:52Z ERR  MessageListener] System.TimeoutException: The HTTP request timed out after 00:01:00.
 ---> System.Threading.Tasks.TaskCanceledException: The operation was canceled.
 ---> System.IO.IOException: Unable to read data from the transport connection: Operation canceled.
 ---> System.Net.Sockets.SocketException (125): Operation canceled
   --- End of inner exception stack trace ---
   at System.Net.Sockets.Socket.AwaitableSocketAsyncEventArgs.ThrowException(SocketError error, CancellationToken cancellationToken)
   at System.Net.Sockets.Socket.AwaitableSocketAsyncEventArgs.System.Threading.Tasks.Sources.IValueTaskSource<System.Int32>.GetResult(Int16 token)
   at System.Net.Security.SslStream.EnsureFullTlsFrameAsync[TIOAdapter](TIOAdapter adapter)
   at System.Net.Security.SslStream.ReadAsyncInternal[TIOAdapter](TIOAdapter adapter, Memory`1 buffer)
   at System.Net.Http.HttpConnection.SendAsyncCore(HttpRequestMessage request, Boolean async, CancellationToken cancellationToken)
   --- End of inner exception stack trace ---
   at System.Net.Http.HttpConnection.SendAsyncCore(HttpRequestMessage request, Boolean async, CancellationToken cancellationToken)
   at System.Net.Http.AuthenticationHelper.SendWithNtAuthAsync(HttpRequestMessage request, Uri authUri, Boolean async, ICredentials credentials, Boolean isProxyAuth, HttpConnection connection, HttpConnectionPool connectionPool, CancellationToken cancellationToken)
   at System.Net.Http.HttpConnectionPool.SendWithVersionDetectionAndRetryAsync(HttpRequestMessage request, Boolean async, Boolean doRequestAuth, CancellationToken cancellationToken)
   at System.Net.Http.AuthenticationHelper.SendWithAuthAsync(HttpRequestMessage request, Uri authUri, Boolean async, ICredentials credentials, Boolean preAuthenticate, Boolean isProxyAuth, Boolean doRequestAuth, HttpConnectionPool pool, CancellationToken cancellationToken)
   at System.Net.Http.DecompressionHandler.SendAsync(HttpRequestMessage request, Boolean async, CancellationToken cancellationToken)
   at GitHub.Services.Common.VssHttpMessageHandler.SendAsync(HttpRequestMessage request, CancellationToken cancellationToken)
   --- End of inner exception stack trace ---
   at GitHub.Services.Common.VssHttpMessageHandler.SendAsync(HttpRequestMessage request, CancellationToken cancellationToken)
   at GitHub.Services.Common.VssHttpRetryMessageHandler.SendAsync(HttpRequestMessage request, CancellationToken cancellationToken)
   at System.Net.Http.HttpClient.<SendAsync>g__Core|83_0(HttpRequestMessage request, HttpCompletionOption completionOption, CancellationTokenSource cts, Boolean disposeCts, CancellationTokenSource pendingRequestsCts, CancellationToken originalCancellationToken)
   at GitHub.Services.WebApi.VssHttpClientBase.SendAsync(HttpRequestMessage message, HttpCompletionOption completionOption, Object userState, CancellationToken cancellationToken)
   at GitHub.Services.WebApi.VssHttpClientBase.SendAsync[T](HttpRequestMessage message, Object userState, CancellationToken cancellationToken)
   at GitHub.Services.WebApi.VssHttpClientBase.SendAsync[T](HttpMethod method, IEnumerable`1 additionalHeaders, Guid locationId, Object routeValues, ApiResourceVersion version, HttpContent content, IEnumerable`1 queryParameters, Object userState, CancellationToken cancellationToken)
   at GitHub.Runner.Listener.MessageListener.GetNextMessageAsync(CancellationToken token)
[2023-06-11 10:59:52Z ERR  MessageListener] #####################################################
[2023-06-11 10:59:52Z ERR  MessageListener] System.Threading.Tasks.TaskCanceledException: The operation was canceled.
 ---> System.IO.IOException: Unable to read data from the transport connection: Operation canceled.
 ---> System.Net.Sockets.SocketException (125): Operation canceled
   --- End of inner exception stack trace ---
   at System.Net.Sockets.Socket.AwaitableSocketAsyncEventArgs.ThrowException(SocketError error, CancellationToken cancellationToken)
   at System.Net.Sockets.Socket.AwaitableSocketAsyncEventArgs.System.Threading.Tasks.Sources.IValueTaskSource<System.Int32>.GetResult(Int16 token)
   at System.Net.Security.SslStream.EnsureFullTlsFrameAsync[TIOAdapter](TIOAdapter adapter)
   at System.Net.Security.SslStream.ReadAsyncInternal[TIOAdapter](TIOAdapter adapter, Memory`1 buffer)
   at System.Net.Http.HttpConnection.SendAsyncCore(HttpRequestMessage request, Boolean async, CancellationToken cancellationToken)
   --- End of inner exception stack trace ---
   at System.Net.Http.HttpConnection.SendAsyncCore(HttpRequestMessage request, Boolean async, CancellationToken cancellationToken)
   at System.Net.Http.AuthenticationHelper.SendWithNtAuthAsync(HttpRequestMessage request, Uri authUri, Boolean async, ICredentials credentials, Boolean isProxyAuth, HttpConnection connection, HttpConnectionPool connectionPool, CancellationToken cancellationToken)
   at System.Net.Http.HttpConnectionPool.SendWithVersionDetectionAndRetryAsync(HttpRequestMessage request, Boolean async, Boolean doRequestAuth, CancellationToken cancellationToken)
   at System.Net.Http.AuthenticationHelper.SendWithAuthAsync(HttpRequestMessage request, Uri authUri, Boolean async, ICredentials credentials, Boolean preAuthenticate, Boolean isProxyAuth, Boolean doRequestAuth, HttpConnectionPool pool, CancellationToken cancellationToken)
   at System.Net.Http.DecompressionHandler.SendAsync(HttpRequestMessage request, Boolean async, CancellationToken cancellationToken)
   at GitHub.Services.Common.VssHttpMessageHandler.SendAsync(HttpRequestMessage request, CancellationToken cancellationToken)
[2023-06-11 10:59:52Z ERR  MessageListener] #####################################################
[2023-06-11 10:59:52Z ERR  MessageListener] System.IO.IOException: Unable to read data from the transport connection: Operation canceled.
 ---> System.Net.Sockets.SocketException (125): Operation canceled
   --- End of inner exception stack trace ---
   at System.Net.Sockets.Socket.AwaitableSocketAsyncEventArgs.ThrowException(SocketError error, CancellationToken cancellationToken)
   at System.Net.Sockets.Socket.AwaitableSocketAsyncEventArgs.System.Threading.Tasks.Sources.IValueTaskSource<System.Int32>.GetResult(Int16 token)
   at System.Net.Security.SslStream.EnsureFullTlsFrameAsync[TIOAdapter](TIOAdapter adapter)
   at System.Net.Security.SslStream.ReadAsyncInternal[TIOAdapter](TIOAdapter adapter, Memory`1 buffer)
   at System.Net.Http.HttpConnection.SendAsyncCore(HttpRequestMessage request, Boolean async, CancellationToken cancellationToken)
[2023-06-11 10:59:52Z ERR  MessageListener] #####################################################
[2023-06-11 10:59:52Z ERR  MessageListener] System.Net.Sockets.SocketException (125): Operation canceled
[2023-06-11 10:59:52Z INFO MessageListener] Retriable exception: The HTTP request timed out after 00:01:00.
[2023-06-11 10:59:52Z ERR  Terminal] WRITE ERROR: 2023-06-11 10:59:52Z: Runner connect error: The HTTP request timed out after 00:01:00.. Retrying until reconnected.
[2023-06-11 10:59:52Z INFO RunnerServer] Refresh MessageQueue VssConnection to get on a different AFD node.
[2023-06-11 10:59:52Z INFO RunnerServer] EstablishVssConnection
[2023-06-11 10:59:52Z INFO RunnerServer] Establish connection with 60 seconds timeout.
[2023-06-11 10:59:52Z INFO GitHubActionsService] Starting operation Location.GetConnectionData
[2023-06-11 10:59:53Z INFO GitHubActionsService] Finished operation Location.GetConnectionData
[2023-06-11 10:59:53Z INFO MessageListener] Sleeping for 18.857 seconds before retrying.
[2023-06-11 11:01:02Z INFO Terminal] WRITE LINE: 2023-06-11 11:01:02Z: Runner reconnected.
[2023-06-11 11:10:15Z INFO MessageListener] No message retrieved from session 'c230ede2-6e99-4cac-8b64-2c6370c912cf' within last 30 minutes.
[2023-06-11 11:34:34Z INFO RSAFileKeyManager] Loading RSA key parameters from file /home/msamy/Desktop/EmbeddedLinux_/actions-runner/.credentials_rsaparams
[2023-06-11 11:34:35Z INFO GitHubActionsService] AAD Correlation ID for this token request: Unknown
[2023-06-11 11:40:27Z INFO MessageListener] No message retrieved from session 'c230ede2-6e99-4cac-8b64-2c6370c912cf' within last 30 minutes.
[2023-06-11 12:10:38Z INFO MessageListener] No message retrieved from session 'c230ede2-6e99-4cac-8b64-2c6370c912cf' within last 30 minutes.
[2023-06-11 12:29:54Z INFO RSAFileKeyManager] Loading RSA key parameters from file /home/msamy/Desktop/EmbeddedLinux_/actions-runner/.credentials_rsaparams
[2023-06-11 12:29:55Z INFO GitHubActionsService] AAD Correlation ID for this token request: Unknown
[2023-06-11 12:40:49Z INFO MessageListener] No message retrieved from session 'c230ede2-6e99-4cac-8b64-2c6370c912cf' within last 30 minutes.
[2023-06-11 13:11:01Z INFO MessageListener] No message retrieved from session 'c230ede2-6e99-4cac-8b64-2c6370c912cf' within last 30 minutes.
[2023-06-11 13:19:57Z INFO RSAFileKeyManager] Loading RSA key parameters from file /home/msamy/Desktop/EmbeddedLinux_/actions-runner/.credentials_rsaparams
[2023-06-11 13:19:57Z INFO MessageListener] Message '3' received from session 'c230ede2-6e99-4cac-8b64-2c6370c912cf'.
[2023-06-11 13:19:57Z INFO Runner] Received job message of length 25158 from service, with hash '383f5b5d86ea8670554aaf3f8deed65d52193291e91cf7d62129c789eebb6c76'
[2023-06-11 13:19:57Z INFO JobDispatcher] Job request 5 for plan d1b5ef82-bb1b-489f-a54c-7b9bd1364e2f job 0e10f8dd-85b5-5bee-19c6-47fc7db6f171 received.
[2023-06-11 13:19:57Z INFO JobDispatcher] Pull OrchestrationId d1b5ef82-bb1b-489f-a54c-7b9bd1364e2f.unit-test.__default from JWT claims
[2023-06-11 13:19:57Z INFO JobDispatcher] Job request 0e10f8dd-85b5-5bee-19c6-47fc7db6f171 processed succeed.
[2023-06-11 13:19:57Z INFO Terminal] WRITE LINE: 2023-06-11 13:19:57Z: Running job: unit-test
[2023-06-11 13:19:57Z INFO JobDispatcher] Start renew job request 5 for job 0e10f8dd-85b5-5bee-19c6-47fc7db6f171.
[2023-06-11 13:19:58Z INFO JobDispatcher] Successfully renew job request 5, job is valid till 6/11/2023 1:29:58 PM
[2023-06-11 13:19:58Z INFO HostContext] Well known directory 'Bin': '/home/msamy/Desktop/EmbeddedLinux_/actions-runner/bin'
[2023-06-11 13:19:58Z INFO ProcessInvokerWrapper] Starting process:
[2023-06-11 13:19:58Z INFO ProcessInvokerWrapper]   File name: '/home/msamy/Desktop/EmbeddedLinux_/actions-runner/bin/Runner.Worker'
[2023-06-11 13:19:58Z INFO ProcessInvokerWrapper]   Arguments: 'spawnclient 112 116'
[2023-06-11 13:19:58Z INFO ProcessInvokerWrapper]   Working directory: '/home/msamy/Desktop/EmbeddedLinux_/actions-runner/bin'
[2023-06-11 13:19:58Z INFO ProcessInvokerWrapper]   Require exit code zero: 'False'
[2023-06-11 13:19:58Z INFO ProcessInvokerWrapper]   Encoding web name:  ; code page: ''
[2023-06-11 13:19:58Z INFO ProcessInvokerWrapper]   Force kill process on cancellation: 'True'
[2023-06-11 13:19:58Z INFO ProcessInvokerWrapper]   Redirected STDIN: 'False'
[2023-06-11 13:19:58Z INFO ProcessInvokerWrapper]   Persist current code page: 'False'
[2023-06-11 13:19:58Z INFO ProcessInvokerWrapper]   Keep redirected STDIN open: 'False'
[2023-06-11 13:19:58Z INFO ProcessInvokerWrapper]   High priority process: 'True'
[2023-06-11 13:19:58Z INFO ProcessInvokerWrapper] Process started with process id 51095, waiting for process exit.
[2023-06-11 13:19:58Z INFO JobDispatcher] Send job request message to worker for job 0e10f8dd-85b5-5bee-19c6-47fc7db6f171.
[2023-06-11 13:19:58Z INFO ProcessChannel] Sending message of length 25158, with hash '383f5b5d86ea8670554aaf3f8deed65d52193291e91cf7d62129c789eebb6c76'
[2023-06-11 13:19:58Z INFO JobNotification] Entering JobStarted Notification
[2023-06-11 13:19:58Z INFO JobNotification] Entering StartMonitor
[2023-06-11 13:20:11Z INFO ProcessInvokerWrapper] STDOUT/STDERR stream read finished.
[2023-06-11 13:20:11Z INFO ProcessInvokerWrapper] STDOUT/STDERR stream read finished.
[2023-06-11 13:20:11Z INFO ProcessInvokerWrapper] Finished process 51095 with exit code 100, and elapsed time 00:00:12.4088987.
[2023-06-11 13:20:11Z INFO JobDispatcher] Worker finished for job 0e10f8dd-85b5-5bee-19c6-47fc7db6f171. Code: 100
[2023-06-11 13:20:11Z INFO JobDispatcher] finish job request for job 0e10f8dd-85b5-5bee-19c6-47fc7db6f171 with result: Succeeded
[2023-06-11 13:20:11Z INFO Terminal] WRITE LINE: 2023-06-11 13:20:11Z: Job unit-test completed with result: Succeeded
[2023-06-11 13:20:11Z INFO JobDispatcher] Stop renew job request for job 0e10f8dd-85b5-5bee-19c6-47fc7db6f171.
[2023-06-11 13:20:11Z INFO JobDispatcher] job renew has been cancelled, stop renew job request 5.
[2023-06-11 13:20:11Z INFO JobNotification] Entering JobCompleted Notification
[2023-06-11 13:20:11Z INFO JobNotification] Entering EndMonitor
[2023-06-11 13:20:13Z INFO RSAFileKeyManager] Loading RSA key parameters from file /home/msamy/Desktop/EmbeddedLinux_/actions-runner/.credentials_rsaparams
[2023-06-11 13:20:13Z INFO MessageListener] Message '4' received from session 'c230ede2-6e99-4cac-8b64-2c6370c912cf'.
[2023-06-11 13:20:13Z INFO Runner] Received job message of length 25160 from service, with hash '41b38241a3f3d1b3cf85ff5f1dd058b5ceab8f1491c7e8c540b2772a4a4954cd'
[2023-06-11 13:20:13Z INFO JobDispatcher] Job request 6 for plan d1b5ef82-bb1b-489f-a54c-7b9bd1364e2f job a047640a-23da-5e9b-1ef8-917a09b3753a received.
[2023-06-11 13:20:13Z INFO JobDispatcher] Pull OrchestrationId d1b5ef82-bb1b-489f-a54c-7b9bd1364e2f.full-test.__default from JWT claims
[2023-06-11 13:20:13Z INFO JobDispatcher] Job request 0e10f8dd-85b5-5bee-19c6-47fc7db6f171 processed succeed.
[2023-06-11 13:20:13Z INFO Terminal] WRITE LINE: 2023-06-11 13:20:13Z: Running job: full-test
[2023-06-11 13:20:13Z INFO JobDispatcher] Start renew job request 6 for job a047640a-23da-5e9b-1ef8-917a09b3753a.
[2023-06-11 13:20:14Z INFO JobDispatcher] Successfully renew job request 6, job is valid till 6/11/2023 1:30:14 PM
[2023-06-11 13:20:14Z INFO HostContext] Well known directory 'Bin': '/home/msamy/Desktop/EmbeddedLinux_/actions-runner/bin'
[2023-06-11 13:20:14Z INFO ProcessInvokerWrapper] Starting process:
[2023-06-11 13:20:14Z INFO ProcessInvokerWrapper]   File name: '/home/msamy/Desktop/EmbeddedLinux_/actions-runner/bin/Runner.Worker'
[2023-06-11 13:20:14Z INFO ProcessInvokerWrapper]   Arguments: 'spawnclient 112 116'
[2023-06-11 13:20:14Z INFO ProcessInvokerWrapper]   Working directory: '/home/msamy/Desktop/EmbeddedLinux_/actions-runner/bin'
[2023-06-11 13:20:14Z INFO ProcessInvokerWrapper]   Require exit code zero: 'False'
[2023-06-11 13:20:14Z INFO ProcessInvokerWrapper]   Encoding web name:  ; code page: ''
[2023-06-11 13:20:14Z INFO ProcessInvokerWrapper]   Force kill process on cancellation: 'True'
[2023-06-11 13:20:14Z INFO ProcessInvokerWrapper]   Redirected STDIN: 'False'
[2023-06-11 13:20:14Z INFO ProcessInvokerWrapper]   Persist current code page: 'False'
[2023-06-11 13:20:14Z INFO ProcessInvokerWrapper]   Keep redirected STDIN open: 'False'
[2023-06-11 13:20:14Z INFO ProcessInvokerWrapper]   High priority process: 'True'
[2023-06-11 13:20:14Z INFO ProcessInvokerWrapper] Process started with process id 52005, waiting for process exit.
[2023-06-11 13:20:14Z INFO JobDispatcher] Send job request message to worker for job a047640a-23da-5e9b-1ef8-917a09b3753a.
[2023-06-11 13:20:14Z INFO ProcessChannel] Sending message of length 25160, with hash '41b38241a3f3d1b3cf85ff5f1dd058b5ceab8f1491c7e8c540b2772a4a4954cd'
[2023-06-11 13:20:14Z INFO JobNotification] Entering JobStarted Notification
[2023-06-11 13:20:14Z INFO JobNotification] Entering StartMonitor
[2023-06-11 13:20:16Z INFO RSAFileKeyManager] Loading RSA key parameters from file /home/msamy/Desktop/EmbeddedLinux_/actions-runner/.credentials_rsaparams
[2023-06-11 13:20:16Z INFO MessageListener] Message '5' received from session 'c230ede2-6e99-4cac-8b64-2c6370c912cf'.
[2023-06-11 13:20:16Z INFO JobDispatcher] Job cancellation request a047640a-23da-5e9b-1ef8-917a09b3753a received, cancellation timeout 5 minutes.
[2023-06-11 13:20:16Z INFO JobDispatcher] Send job cancellation message to worker for job a047640a-23da-5e9b-1ef8-917a09b3753a.
[2023-06-11 13:20:16Z INFO ProcessChannel] Sending message of length 0, with hash 'e3b0c44298fc1c149afbf4c8996fb92427ae41e4649b934ca495991b7852b855'
[2023-06-11 13:20:18Z INFO ProcessInvokerWrapper] STDOUT/STDERR stream read finished.
[2023-06-11 13:20:18Z INFO ProcessInvokerWrapper] STDOUT/STDERR stream read finished.
[2023-06-11 13:20:18Z INFO ProcessInvokerWrapper] Finished process 52005 with exit code 103, and elapsed time 00:00:04.6556054.
[2023-06-11 13:20:18Z INFO JobDispatcher] finish job request for job a047640a-23da-5e9b-1ef8-917a09b3753a with result: Canceled
[2023-06-11 13:20:18Z INFO Terminal] WRITE LINE: 2023-06-11 13:20:18Z: Job full-test completed with result: Canceled
[2023-06-11 13:20:18Z INFO JobDispatcher] Stop renew job request for job a047640a-23da-5e9b-1ef8-917a09b3753a.
[2023-06-11 13:20:18Z INFO JobDispatcher] job renew has been cancelled, stop renew job request 6.
[2023-06-11 13:20:18Z INFO JobNotification] Entering JobCompleted Notification
[2023-06-11 13:20:18Z INFO JobNotification] Entering EndMonitor
[2023-06-11 13:25:19Z INFO RSAFileKeyManager] Loading RSA key parameters from file /home/msamy/Desktop/EmbeddedLinux_/actions-runner/.credentials_rsaparams
[2023-06-11 13:25:20Z INFO GitHubActionsService] AAD Correlation ID for this token request: Unknown
[2023-06-11 13:50:33Z INFO MessageListener] No message retrieved from session 'c230ede2-6e99-4cac-8b64-2c6370c912cf' within last 30 minutes.
[2023-06-11 14:09:42Z INFO Terminal] WRITE LINE: Exiting...
[2023-06-11 14:09:42Z INFO ConfigurationStore] IsServiceConfigured()
[2023-06-11 14:09:42Z INFO ConfigurationStore] IsServiceConfigured: False
[2023-06-11 14:09:42Z INFO HostContext] Runner will be shutdown for UserCancelled
[2023-06-11 14:09:42Z WARN GitHubActionsService] GET request to https://pipelines.actions.githubusercontent.com/vrzNwWaiRVgeEbDIcDQqClbRd8EwWjt6xzrXxAG9QBQekgeYFc/_apis/distributedtask/pools/1/messages?sessionId=c230ede2-6e99-4cac-8b64-2c6370c912cf&lastMessageId=5&status=Online&runnerVersion=2.304.0 has been cancelled.
[2023-06-11 14:09:42Z INFO MessageListener] Get next message has been cancelled.
[2023-06-11 14:09:42Z INFO JobDispatcher] Shutting down JobDispatcher. Make sure all WorkerDispatcher has finished.
[2023-06-11 14:09:42Z INFO JobDispatcher] Ensure WorkerDispather for job a047640a-23da-5e9b-1ef8-917a09b3753a run to finish, cancel any running job.
[2023-06-11 14:09:42Z INFO JobDispatcher] Job request a047640a-23da-5e9b-1ef8-917a09b3753a processed succeed.
[2023-06-11 14:09:43Z INFO Listener] Runner execution been cancelled.
