[2023-06-07 11:56:01Z INFO HostContext] No proxy settings were found based on environmental variables (http_proxy/https_proxy/HTTP_PROXY/HTTPS_PROXY)
[2023-06-07 11:56:01Z INFO HostContext] Well known directory 'Bin': '/home/msamy/Desktop/EmbeddedLinux/C1_Assign/actions-runner/bin'
[2023-06-07 11:56:01Z INFO HostContext] Well known directory 'Root': '/home/msamy/Desktop/EmbeddedLinux/C1_Assign/actions-runner'
[2023-06-07 11:56:01Z INFO HostContext] Well known config file 'Credentials': '/home/msamy/Desktop/EmbeddedLinux/C1_Assign/actions-runner/.credentials'
[2023-06-07 11:56:02Z INFO HostContext] Well known directory 'Bin': '/home/msamy/Desktop/EmbeddedLinux/C1_Assign/actions-runner/bin'
[2023-06-07 11:56:02Z INFO HostContext] Well known directory 'Root': '/home/msamy/Desktop/EmbeddedLinux/C1_Assign/actions-runner'
[2023-06-07 11:56:02Z INFO HostContext] Well known config file 'Runner': '/home/msamy/Desktop/EmbeddedLinux/C1_Assign/actions-runner/.runner'
[2023-06-07 11:56:02Z INFO Worker] Version: 2.304.0
[2023-06-07 11:56:02Z INFO Worker] Commit: 9ef4121b5b31ee5c03b7770288213d741081f747
[2023-06-07 11:56:02Z INFO Worker] Culture: en-US
[2023-06-07 11:56:02Z INFO Worker] UI Culture: en-US
[2023-06-07 11:56:02Z INFO Worker] Waiting to receive the job message from the channel.
[2023-06-07 11:56:02Z INFO ProcessChannel] Receiving message of length 23197, with hash '868b6f8a52ea233790b8a0ccc44f0345ed8dddd1bda3d7e375b16cbc808d23c9'
[2023-06-07 11:56:02Z INFO Worker] Message received.
[2023-06-07 11:56:02Z INFO Worker] Job message:
 {
  "fileTable": [
    ".github/workflows/github-actions.yml"
  ],
  "mask": [
    {
      "type": "regex",
      "value": "***"
    },
    {
      "type": "regex",
      "value": "***"
    },
    {
      "type": "regex",
      "value": "***"
    },
    {
      "type": "regex",
      "value": "***"
    },
    {
      "type": "regex",
      "value": "***"
    },
    {
      "type": "regex",
      "value": "***"
    },
    {
      "type": "regex",
      "value": "***"
    },
    {
      "type": "regex",
      "value": "***"
    },
    {
      "type": "regex",
      "value": "***"
    },
    {
      "type": "regex",
      "value": "***"
    }
  ],
  "steps": [
    {
      "type": "action",
      "reference": {
        "type": "repository",
        "name": "actions/checkout",
        "ref": "v2",
        "repositoryType": "GitHub",
        "path": ""
      },
      "contextName": "__actions_checkout",
      "condition": "success()",
      "id": "5ae3cfb7-d7d4-55cf-e765-f7829c54f157",
      "name": "__actions_checkout"
    },
    {
      "type": "action",
      "reference": {
        "type": "script"
      },
      "displayNameToken": {
        "type": 0,
        "file": 1,
        "line": 23,
        "col": 19,
        "lit": "Checkout submodules"
      },
      "contextName": "__run",
      "inputs": {
        "type": 2,
        "map": [
          {
            "key": "script",
            "value": {
              "type": 0,
              "file": 1,
              "line": 24,
              "col": 19,
              "lit": "git submodule update --init --recursive"
            }
          }
        ]
      },
      "condition": "success()",
      "id": "0358dd64-d4c6-52fe-1d1f-54fa3c1bbc5e",
      "name": "__run"
    },
    {
      "type": "action",
      "reference": {
        "type": "script"
      },
      "displayNameToken": {
        "type": 0,
        "file": 1,
        "line": 25,
        "col": 19,
        "lit": "Run full test"
      },
      "contextName": "__run_2",
      "inputs": {
        "type": 2,
        "map": [
          {
            "key": "script",
            "value": {
              "type": 0,
              "file": 1,
              "line": 26,
              "col": 18,
              "lit": "./full-test.sh"
            }
          }
        ]
      },
      "condition": "success()",
      "id": "65a7d644-3062-544f-df76-4b95bcf50146",
      "name": "__run_2"
    }
  ],
  "variables": {
    "system.isScheduled": {
      "value": "False"
    },
    "system.servertype": {
      "value": "Hosted"
    },
    "system.culture": {
      "value": ""
    },
    "system.pipelineStartTime": {
      "value": "2023-06-07 11:52:10+00:00"
    },
    "system.runner.lowdiskspacethreshold": {
      "value": "100"
    },
    "DistributedTask.NewActionMetadata": {
      "value": "true"
    },
    "DistributedTask.EnableCompositeActions": {
      "value": "true"
    },
    "DistributedTask.EnhancedAnnotations": {
      "value": "true"
    },
    "DistributedTask.UploadStepSummary": {
      "value": "true"
    },
    "DistributedTask.AddWarningToNode12Action": {
      "value": "true"
    },
    "DistributedTask.AllowRunnerContainerHooks": {
      "value": "true"
    },
    "DistributedTask.DeprecateStepOutputCommands": {
      "value": "true"
    },
    "system.teamProjectId": {
      "value": "00000000-0000-0000-0000-000000000000"
    },
    "build.buildId": {
      "value": "16"
    },
    "build.containerId": {
      "value": "7237833"
    },
    "system.workflowFilePath": {
      "value": ".github/workflows/github-actions.yml"
    },
    "system.phaseDisplayName": {
      "value": "full-test"
    },
    "system.phaseId": {
      "value": "ab5579c2-8327-5dba-a8ef-b554bdd0f462"
    },
    "system.phaseName": {
      "value": "full-test"
    },
    "system.phaseAttempt": {
      "value": "1"
    },
    "system.jobIdentifier": {
      "value": "full-test.__default"
    },
    "system.jobAttempt": {
      "value": "1"
    },
    "System.JobPositionInPhase": {
      "value": "1"
    },
    "System.TotalJobsInPhase": {
      "value": "1"
    },
    "system.github.job": {
      "value": "full-test"
    },
    "system.jobDisplayName": {
      "value": "full-test"
    },
    "system.jobId": {
      "value": "a047640a-23da-5e9b-1ef8-917a09b3753a"
    },
    "system.jobName": {
      "value": "__default"
    },
    "system.github.token.permissions": {
      "value": "{\"Actions\":\"write\",\"Checks\":\"write\",\"Contents\":\"write\",\"Deployments\":\"write\",\"Discussions\":\"write\",\"Issues\":\"write\",\"Metadata\":\"read\",\"Packages\":\"write\",\"Pages\":\"write\",\"PullRequests\":\"write\",\"RepositoryProjects\":\"write\",\"SecurityEvents\":\"write\",\"Statuses\":\"write\"}"
    },
    "system.github.token": {
      "value": "***",
      "isSecret": true
    },
    "system.runnerEnvironment": {
      "value": "self-hosted"
    },
    "system.orchestrationId": {
      "value": "f257a18c-27e6-4d41-b118-1373ef86367f.full-test.__default"
    },
    "system.runnerGroupName": {
      "value": "Default"
    }
  },
  "messageType": "PipelineAgentJobRequest",
  "plan": {
    "scopeIdentifier": "00000000-0000-0000-0000-000000000000",
    "planType": "Actions",
    "version": 31,
    "planId": "f257a18c-27e6-4d41-b118-1373ef86367f",
    "planGroup": "Actions:00000000-0000-0000-0000-000000000000:1",
    "artifactUri": "vstfs:///Build/Build/16",
    "artifactLocation": null,
    "definition": {
      "_links": {},
      "id": 3,
      "name": "assignment-1-msamygawad"
    },
    "owner": {
      "_links": {},
      "id": 3,
      "name": "cu-ecen-aeld"
    }
  },
  "timeline": {
    "id": "f257a18c-27e6-4d41-b118-1373ef86367f",
    "changeId": 0,
    "location": null
  },
  "jobId": "a047640a-23da-5e9b-1ef8-917a09b3753a",
  "jobDisplayName": "full-test",
  "jobName": "__default",
  "jobContainer": {
    "type": 0,
    "file": 1,
    "line": 19,
    "col": 20,
    "lit": "cuaesd/aesd-autotest:assignment1"
  },
  "requestId": 31,
  "lockedUntil": "0001-01-01T00:00:00",
  "resources": {
    "endpoints": [
      {
        "data": {
          "ServerId": "7537ca8c-9233-493e-9840-abd028f1afbc",
          "ServerName": "wxy5xWC0azK006j9VnyXTgu3ME2JPuDa08fqoPOT86bkPgaKb5",
          "CacheServerUrl": "https://artifactcache.actions.githubusercontent.com/wxy5xWC0azK006j9VnyXTgu3ME2JPuDa08fqoPOT86bkPgaKb5/",
          "FeedStreamUrl": "https://pipelines.actions.githubusercontent.com/wxy5xWC0azK006j9VnyXTgu3ME2JPuDa08fqoPOT86bkPgaKb5/00000000-0000-0000-0000-000000000000/_apis/distributedtask/hubs/Actions/plans/f257a18c-27e6-4d41-b118-1373ef86367f/timelines/f257a18c-27e6-4d41-b118-1373ef86367f/records/a047640a-23da-5e9b-1ef8-917a09b3753a/feedstream?api-version=6.0-preview"
        },
        "name": "SystemVssConnection",
        "url": "https://pipelines.actions.githubusercontent.com/wxy5xWC0azK006j9VnyXTgu3ME2JPuDa08fqoPOT86bkPgaKb5/",
        "authorization": {
          "parameters": {
            "AccessToken": ***
          },
          "scheme": "OAuth"
        },
        "isShared": false,
        "isReady": true
      }
    ]
  },
  "contextData": {
    "github": {
      "t": 2,
      "d": [
        {
          "k": "ref",
          "v": "refs/heads/master"
        },
        {
          "k": "sha",
          "v": "99f4aaa8be3bc58974636cf7ba90c4c3216d4074"
        },
        {
          "k": "repository",
          "v": "cu-ecen-aeld/assignment-1-msamygawad"
        },
        {
          "k": "repository_owner",
          "v": "cu-ecen-aeld"
        },
        {
          "k": "repository_owner_id",
          "v": "49594950"
        },
        {
          "k": "repositoryUrl",
          "v": "git://github.com/cu-ecen-aeld/assignment-1-msamygawad.git"
        },
        {
          "k": "run_id",
          "v": "5199432140"
        },
        {
          "k": "run_number",
          "v": "13"
        },
        {
          "k": "retention_days",
          "v": "90"
        },
        {
          "k": "run_attempt",
          "v": "1"
        },
        {
          "k": "artifact_cache_size_limit",
          "v": "10"
        },
        {
          "k": "repository_visibility",
          "v": "public"
        },
        {
          "k": "repo-self-hosted-runners-disabled",
          "v": false
        },
        {
          "k": "repository_id",
          "v": "648703408"
        },
        {
          "k": "actor_id",
          "v": "64434690"
        },
        {
          "k": "actor",
          "v": "msamygawad"
        },
        {
          "k": "triggering_actor",
          "v": "msamygawad"
        },
        {
          "k": "workflow",
          "v": "assignment-test"
        },
        {
          "k": "head_ref",
          "v": ""
        },
        {
          "k": "base_ref",
          "v": ""
        },
        {
          "k": "event_name",
          "v": "push"
        },
        {
          "k": "event",
          "v": {
            "t": 2,
            "d": [
              {
                "k": "after",
                "v": "99f4aaa8be3bc58974636cf7ba90c4c3216d4074"
              },
              {
                "k": "base_ref",
                "v": null
              },
              {
                "k": "before",
                "v": "7a62dc61ec92b899a2e1fb09003af04038ba8d40"
              },
              {
                "k": "commits",
                "v": {
                  "t": 1,
                  "a": [
                    {
                      "t": 2,
                      "d": [
                        {
                          "k": "author",
                          "v": {
                            "t": 2,
                            "d": [
                              {
                                "k": "email",
                                "v": "64434690+msamygawad@users.noreply.github.com"
                              },
                              {
                                "k": "name",
                                "v": "Mohamed Samy"
                              },
                              {
                                "k": "username",
                                "v": "msamygawad"
                              }
                            ]
                          }
                        },
                        {
                          "k": "committer",
                          "v": {
                            "t": 2,
                            "d": [
                              {
                                "k": "email",
                                "v": "noreply@github.com"
                              },
                              {
                                "k": "name",
                                "v": "GitHub"
                              },
                              {
                                "k": "username",
                                "v": "web-flow"
                              }
                            ]
                          }
                        },
                        {
                          "k": "distinct",
                          "v": true
                        },
                        {
                          "k": "id",
                          "v": "99f4aaa8be3bc58974636cf7ba90c4c3216d4074"
                        },
                        {
                          "k": "message",
                          "v": "Delete .gitlab-ci.yml"
                        },
                        {
                          "k": "timestamp",
                          "v": "2023-06-07T14:31:53+03:00"
                        },
                        {
                          "k": "tree_id",
                          "v": "a64be12bc029bd5679625f10cee83d4fdcc1acb1"
                        },
                        {
                          "k": "url",
                          "v": "https://github.com/cu-ecen-aeld/assignment-1-msamygawad/commit/99f4aaa8be3bc58974636cf7ba90c4c3216d4074"
                        }
                      ]
                    }
                  ]
                }
              },
              {
                "k": "compare",
                "v": "https://github.com/cu-ecen-aeld/assignment-1-msamygawad/compare/7a62dc61ec92...99f4aaa8be3b"
              },
              {
                "k": "created",
                "v": false
              },
              {
                "k": "deleted",
                "v": false
              },
              {
                "k": "forced",
                "v": false
              },
              {
                "k": "head_commit",
                "v": {
                  "t": 2,
                  "d": [
                    {
                      "k": "author",
                      "v": {
                        "t": 2,
                        "d": [
                          {
                            "k": "email",
                            "v": "64434690+msamygawad@users.noreply.github.com"
                          },
                          {
                            "k": "name",
                            "v": "Mohamed Samy"
                          },
                          {
                            "k": "username",
                            "v": "msamygawad"
                          }
                        ]
                      }
                    },
                    {
                      "k": "committer",
                      "v": {
                        "t": 2,
                        "d": [
                          {
                            "k": "email",
                            "v": "noreply@github.com"
                          },
                          {
                            "k": "name",
                            "v": "GitHub"
                          },
                          {
                            "k": "username",
                            "v": "web-flow"
                          }
                        ]
                      }
                    },
                    {
                      "k": "distinct",
                      "v": true
                    },
                    {
                      "k": "id",
                      "v": "99f4aaa8be3bc58974636cf7ba90c4c3216d4074"
                    },
                    {
                      "k": "message",
                      "v": "Delete .gitlab-ci.yml"
                    },
                    {
                      "k": "timestamp",
                      "v": "2023-06-07T14:31:53+03:00"
                    },
                    {
                      "k": "tree_id",
                      "v": "a64be12bc029bd5679625f10cee83d4fdcc1acb1"
                    },
                    {
                      "k": "url",
                      "v": "https://github.com/cu-ecen-aeld/assignment-1-msamygawad/commit/99f4aaa8be3bc58974636cf7ba90c4c3216d4074"
                    }
                  ]
                }
              },
              {
                "k": "organization",
                "v": {
                  "t": 2,
                  "d": [
                    {
                      "k": "avatar_url",
                      "v": "https://avatars.githubusercontent.com/u/49594950?v=4"
                    },
                    {
                      "k": "description",
                      "v": "Course Github Organization for University of Colorado at Boulder ECEN 5713 Advanced Embedded Software Development (previously 5013-002)"
                    },
                    {
                      "k": "events_url",
                      "v": "https://api.github.com/orgs/cu-ecen-aeld/events"
                    },
                    {
                      "k": "hooks_url",
                      "v": "https://api.github.com/orgs/cu-ecen-aeld/hooks"
                    },
                    {
                      "k": "id",
                      "v": 49594950.0
                    },
                    {
                      "k": "issues_url",
                      "v": "https://api.github.com/orgs/cu-ecen-aeld/issues"
                    },
                    {
                      "k": "login",
                      "v": "cu-ecen-aeld"
                    },
                    {
                      "k": "members_url",
                      "v": "https://api.github.com/orgs/cu-ecen-aeld/members{/member}"
                    },
                    {
                      "k": "node_id",
                      "v": "MDEyOk9yZ2FuaXphdGlvbjQ5NTk0OTUw"
                    },
                    {
                      "k": "public_members_url",
                      "v": "https://api.github.com/orgs/cu-ecen-aeld/public_members{/member}"
                    },
                    {
                      "k": "repos_url",
                      "v": "https://api.github.com/orgs/cu-ecen-aeld/repos"
                    },
                    {
                      "k": "url",
                      "v": "https://api.github.com/orgs/cu-ecen-aeld"
                    }
                  ]
                }
              },
              {
                "k": "pusher",
                "v": {
                  "t": 2,
                  "d": [
                    {
                      "k": "email",
                      "v": "64434690+msamygawad@users.noreply.github.com"
                    },
                    {
                      "k": "name",
                      "v": "msamygawad"
                    }
                  ]
                }
              },
              {
                "k": "ref",
                "v": "refs/heads/master"
              },
              {
                "k": "repository",
                "v": {
                  "t": 2,
                  "d": [
                    {
                      "k": "allow_forking",
                      "v": true
                    },
                    {
                      "k": "archive_url",
                      "v": "https://api.github.com/repos/cu-ecen-aeld/assignment-1-msamygawad/{archive_format}{/ref}"
                    },
                    {
                      "k": "archived",
                      "v": false
                    },
                    {
                      "k": "assignees_url",
                      "v": "https://api.github.com/repos/cu-ecen-aeld/assignment-1-msamygawad/assignees{/user}"
                    },
                    {
                      "k": "blobs_url",
                      "v": "https://api.github.com/repos/cu-ecen-aeld/assignment-1-msamygawad/git/blobs{/sha}"
                    },
                    {
                      "k": "branches_url",
                      "v": "https://api.github.com/repos/cu-ecen-aeld/assignment-1-msamygawad/branches{/branch}"
                    },
                    {
                      "k": "clone_url",
                      "v": "https://github.com/cu-ecen-aeld/assignment-1-msamygawad.git"
                    },
                    {
                      "k": "collaborators_url",
                      "v": "https://api.github.com/repos/cu-ecen-aeld/assignment-1-msamygawad/collaborators{/collaborator}"
                    },
                    {
                      "k": "comments_url",
                      "v": "https://api.github.com/repos/cu-ecen-aeld/assignment-1-msamygawad/comments{/number}"
                    },
                    {
                      "k": "commits_url",
                      "v": "https://api.github.com/repos/cu-ecen-aeld/assignment-1-msamygawad/commits{/sha}"
                    },
                    {
                      "k": "compare_url",
                      "v": "https://api.github.com/repos/cu-ecen-aeld/assignment-1-msamygawad/compare/{base}...{head}"
                    },
                    {
                      "k": "contents_url",
                      "v": "https://api.github.com/repos/cu-ecen-aeld/assignment-1-msamygawad/contents/{+path}"
                    },
                    {
                      "k": "contributors_url",
                      "v": "https://api.github.com/repos/cu-ecen-aeld/assignment-1-msamygawad/contributors"
                    },
                    {
                      "k": "created_at",
                      "v": 1685720386.0
                    },
                    {
                      "k": "default_branch",
                      "v": "main"
                    },
                    {
                      "k": "deployments_url",
                      "v": "https://api.github.com/repos/cu-ecen-aeld/assignment-1-msamygawad/deployments"
                    },
                    {
                      "k": "description",
                      "v": "assignment-1-msamygawad created by GitHub Classroom"
                    },
                    {
                      "k": "disabled",
                      "v": false
                    },
                    {
                      "k": "downloads_url",
                      "v": "https://api.github.com/repos/cu-ecen-aeld/assignment-1-msamygawad/downloads"
                    },
                    {
                      "k": "events_url",
                      "v": "https://api.github.com/repos/cu-ecen-aeld/assignment-1-msamygawad/events"
                    },
                    {
                      "k": "fork",
                      "v": false
                    },
                    {
                      "k": "forks",
                      "v": 0.0
                    },
                    {
                      "k": "forks_count",
                      "v": 0.0
                    },
                    {
                      "k": "forks_url",
                      "v": "https://api.github.com/repos/cu-ecen-aeld/assignment-1-msamygawad/forks"
                    },
                    {
                      "k": "full_name",
                      "v": "cu-ecen-aeld/assignment-1-msamygawad"
                    },
                    {
                      "k": "git_commits_url",
                      "v": "https://api.github.com/repos/cu-ecen-aeld/assignment-1-msamygawad/git/commits{/sha}"
                    },
                    {
                      "k": "git_refs_url",
                      "v": "https://api.github.com/repos/cu-ecen-aeld/assignment-1-msamygawad/git/refs{/sha}"
                    },
                    {
                      "k": "git_tags_url",
                      "v": "https://api.github.com/repos/cu-ecen-aeld/assignment-1-msamygawad/git/tags{/sha}"
                    },
                    {
                      "k": "git_url",
                      "v": "git://github.com/cu-ecen-aeld/assignment-1-msamygawad.git"
                    },
                    {
                      "k": "has_discussions",
                      "v": false
                    },
                    {
                      "k": "has_downloads",
                      "v": true
                    },
                    {
                      "k": "has_issues",
                      "v": true
                    },
                    {
                      "k": "has_pages",
                      "v": false
                    },
                    {
                      "k": "has_projects",
                      "v": true
                    },
                    {
                      "k": "has_wiki",
                      "v": true
                    },
                    {
                      "k": "homepage",
                      "v": null
                    },
                    {
                      "k": "hooks_url",
                      "v": "https://api.github.com/repos/cu-ecen-aeld/assignment-1-msamygawad/hooks"
                    },
                    {
                      "k": "html_url",
                      "v": "https://github.com/cu-ecen-aeld/assignment-1-msamygawad"
                    },
                    {
                      "k": "id",
                      "v": 648703408.0
                    },
                    {
                      "k": "is_template",
                      "v": false
                    },
                    {
                      "k": "issue_comment_url",
                      "v": "https://api.github.com/repos/cu-ecen-aeld/assignment-1-msamygawad/issues/comments{/number}"
                    },
                    {
                      "k": "issue_events_url",
                      "v": "https://api.github.com/repos/cu-ecen-aeld/assignment-1-msamygawad/issues/events{/number}"
                    },
                    {
                      "k": "issues_url",
                      "v": "https://api.github.com/repos/cu-ecen-aeld/assignment-1-msamygawad/issues{/number}"
                    },
                    {
                      "k": "keys_url",
                      "v": "https://api.github.com/repos/cu-ecen-aeld/assignment-1-msamygawad/keys{/key_id}"
                    },
                    {
                      "k": "labels_url",
                      "v": "https://api.github.com/repos/cu-ecen-aeld/assignment-1-msamygawad/labels{/name}"
                    },
                    {
                      "k": "language",
                      "v": null
                    },
                    {
                      "k": "languages_url",
                      "v": "https://api.github.com/repos/cu-ecen-aeld/assignment-1-msamygawad/languages"
                    },
                    {
                      "k": "license",
                      "v": null
                    },
                    {
                      "k": "master_branch",
                      "v": "main"
                    },
                    {
                      "k": "merges_url",
                      "v": "https://api.github.com/repos/cu-ecen-aeld/assignment-1-msamygawad/merges"
                    },
                    {
                      "k": "milestones_url",
                      "v": "https://api.github.com/repos/cu-ecen-aeld/assignment-1-msamygawad/milestones{/number}"
                    },
                    {
                      "k": "mirror_url",
                      "v": null
                    },
                    {
                      "k": "name",
                      "v": "assignment-1-msamygawad"
                    },
                    {
                      "k": "node_id",
                      "v": "R_kgDOJqptsA"
                    },
                    {
                      "k": "notifications_url",
                      "v": "https://api.github.com/repos/cu-ecen-aeld/assignment-1-msamygawad/notifications{?since,all,participating}"
                    },
                    {
                      "k": "open_issues",
                      "v": 0.0
                    },
                    {
                      "k": "open_issues_count",
                      "v": 0.0
                    },
                    {
                      "k": "organization",
                      "v": "cu-ecen-aeld"
                    },
                    {
                      "k": "owner",
                      "v": {
                        "t": 2,
                        "d": [
                          {
                            "k": "avatar_url",
                            "v": "https://avatars.githubusercontent.com/u/49594950?v=4"
                          },
                          {
                            "k": "email",
                            "v": null
                          },
                          {
                            "k": "events_url",
                            "v": "https://api.github.com/users/cu-ecen-aeld/events{/privacy}"
                          },
                          {
                            "k": "followers_url",
                            "v": "https://api.github.com/users/cu-ecen-aeld/followers"
                          },
                          {
                            "k": "following_url",
                            "v": "https://api.github.com/users/cu-ecen-aeld/following{/other_user}"
                          },
                          {
                            "k": "gists_url",
                            "v": "https://api.github.com/users/cu-ecen-aeld/gists{/gist_id}"
                          },
                          {
                            "k": "gravatar_id",
                            "v": ""
                          },
                          {
                            "k": "html_url",
                            "v": "https://github.com/cu-ecen-aeld"
                          },
                          {
                            "k": "id",
                            "v": 49594950.0
                          },
                          {
                            "k": "login",
                            "v": "cu-ecen-aeld"
                          },
                          {
                            "k": "name",
                            "v": "cu-ecen-aeld"
                          },
                          {
                            "k": "node_id",
                            "v": "MDEyOk9yZ2FuaXphdGlvbjQ5NTk0OTUw"
                          },
                          {
                            "k": "organizations_url",
                            "v": "https://api.github.com/users/cu-ecen-aeld/orgs"
                          },
                          {
                            "k": "received_events_url",
                            "v": "https://api.github.com/users/cu-ecen-aeld/received_events"
                          },
                          {
                            "k": "repos_url",
                            "v": "https://api.github.com/users/cu-ecen-aeld/repos"
                          },
                          {
                            "k": "site_admin",
                            "v": false
                          },
                          {
                            "k": "starred_url",
                            "v": "https://api.github.com/users/cu-ecen-aeld/starred{/owner}{/repo}"
                          },
                          {
                            "k": "subscriptions_url",
                            "v": "https://api.github.com/users/cu-ecen-aeld/subscriptions"
                          },
                          {
                            "k": "type",
                            "v": "Organization"
                          },
                          {
                            "k": "url",
                            "v": "https://api.github.com/users/cu-ecen-aeld"
                          }
                        ]
                      }
                    },
                    {
                      "k": "private",
                      "v": false
                    },
                    {
                      "k": "pulls_url",
                      "v": "https://api.github.com/repos/cu-ecen-aeld/assignment-1-msamygawad/pulls{/number}"
                    },
                    {
                      "k": "pushed_at",
                      "v": 1686137513.0
                    },
                    {
                      "k": "releases_url",
                      "v": "https://api.github.com/repos/cu-ecen-aeld/assignment-1-msamygawad/releases{/id}"
                    },
                    {
                      "k": "size",
                      "v": 30.0
                    },
                    {
                      "k": "ssh_url",
                      "v": "git@github.com:cu-ecen-aeld/assignment-1-msamygawad.git"
                    },
                    {
                      "k": "stargazers",
                      "v": 0.0
                    },
                    {
                      "k": "stargazers_count",
                      "v": 0.0
                    },
                    {
                      "k": "stargazers_url",
                      "v": "https://api.github.com/repos/cu-ecen-aeld/assignment-1-msamygawad/stargazers"
                    },
                    {
                      "k": "statuses_url",
                      "v": "https://api.github.com/repos/cu-ecen-aeld/assignment-1-msamygawad/statuses/{sha}"
                    },
                    {
                      "k": "subscribers_url",
                      "v": "https://api.github.com/repos/cu-ecen-aeld/assignment-1-msamygawad/subscribers"
                    },
                    {
                      "k": "subscription_url",
                      "v": "https://api.github.com/repos/cu-ecen-aeld/assignment-1-msamygawad/subscription"
                    },
                    {
                      "k": "svn_url",
                      "v": "https://github.com/cu-ecen-aeld/assignment-1-msamygawad"
                    },
                    {
                      "k": "tags_url",
                      "v": "https://api.github.com/repos/cu-ecen-aeld/assignment-1-msamygawad/tags"
                    },
                    {
                      "k": "teams_url",
                      "v": "https://api.github.com/repos/cu-ecen-aeld/assignment-1-msamygawad/teams"
                    },
                    {
                      "k": "topics",
                      "v": {
                        "t": 1
                      }
                    },
                    {
                      "k": "trees_url",
                      "v": "https://api.github.com/repos/cu-ecen-aeld/assignment-1-msamygawad/git/trees{/sha}"
                    },
                    {
                      "k": "updated_at",
                      "v": "2023-06-07T11:16:56Z"
                    },
                    {
                      "k": "url",
                      "v": "https://github.com/cu-ecen-aeld/assignment-1-msamygawad"
                    },
                    {
                      "k": "visibility",
                      "v": "public"
                    },
                    {
                      "k": "watchers",
                      "v": 0.0
                    },
                    {
                      "k": "watchers_count",
                      "v": 0.0
                    },
                    {
                      "k": "web_commit_signoff_required",
                      "v": false
                    }
                  ]
                }
              },
              {
                "k": "sender",
                "v": {
                  "t": 2,
                  "d": [
                    {
                      "k": "avatar_url",
                      "v": "https://avatars.githubusercontent.com/u/64434690?v=4"
                    },
                    {
                      "k": "events_url",
                      "v": "https://api.github.com/users/msamygawad/events{/privacy}"
                    },
                    {
                      "k": "followers_url",
                      "v": "https://api.github.com/users/msamygawad/followers"
                    },
                    {
                      "k": "following_url",
                      "v": "https://api.github.com/users/msamygawad/following{/other_user}"
                    },
                    {
                      "k": "gists_url",
                      "v": "https://api.github.com/users/msamygawad/gists{/gist_id}"
                    },
                    {
                      "k": "gravatar_id",
                      "v": ""
                    },
                    {
                      "k": "html_url",
                      "v": "https://github.com/msamygawad"
                    },
                    {
                      "k": "id",
                      "v": 64434690.0
                    },
                    {
                      "k": "login",
                      "v": "msamygawad"
                    },
                    {
                      "k": "node_id",
                      "v": "MDQ6VXNlcjY0NDM0Njkw"
                    },
                    {
                      "k": "organizations_url",
                      "v": "https://api.github.com/users/msamygawad/orgs"
                    },
                    {
                      "k": "received_events_url",
                      "v": "https://api.github.com/users/msamygawad/received_events"
                    },
                    {
                      "k": "repos_url",
                      "v": "https://api.github.com/users/msamygawad/repos"
                    },
                    {
                      "k": "site_admin",
                      "v": false
                    },
                    {
                      "k": "starred_url",
                      "v": "https://api.github.com/users/msamygawad/starred{/owner}{/repo}"
                    },
                    {
                      "k": "subscriptions_url",
                      "v": "https://api.github.com/users/msamygawad/subscriptions"
                    },
                    {
                      "k": "type",
                      "v": "User"
                    },
                    {
                      "k": "url",
                      "v": "https://api.github.com/users/msamygawad"
                    }
                  ]
                }
              }
            ]
          }
        },
        {
          "k": "server_url",
          "v": "https://github.com"
        },
        {
          "k": "api_url",
          "v": "https://api.github.com"
        },
        {
          "k": "graphql_url",
          "v": "https://api.github.com/graphql"
        },
        {
          "k": "ref_name",
          "v": "master"
        },
        {
          "k": "ref_protected",
          "v": false
        },
        {
          "k": "ref_type",
          "v": "branch"
        },
        {
          "k": "secret_source",
          "v": "Actions"
        },
        {
          "k": "workflow_ref",
          "v": "cu-ecen-aeld/assignment-1-msamygawad/.github/workflows/github-actions.yml@refs/heads/master"
        },
        {
          "k": "workflow_sha",
          "v": "99f4aaa8be3bc58974636cf7ba90c4c3216d4074"
        }
      ]
    },
    "partialrerun": false,
    "needs": {
      "t": 2
    },
    "vars": null,
    "inputs": {
      "t": 2
    },
    "matrix": null,
    "strategy": {
      "t": 2,
      "d": [
        {
          "k": "fail-fast",
          "v": true
        },
        {
          "k": "job-index",
          "v": 0.0
        },
        {
          "k": "job-total",
          "v": 1.0
        },
        {
          "k": "max-parallel",
          "v": 1.0
        }
      ]
    }
  }
}
[2023-06-07 11:56:02Z INFO JobRunner] Job ID a047640a-23da-5e9b-1ef8-917a09b3753a
[2023-06-07 11:56:02Z INFO JobRunner] Creating job server with URL: https://pipelines.actions.githubusercontent.com/wxy5xWC0azK006j9VnyXTgu3ME2JPuDa08fqoPOT86bkPgaKb5/
[2023-06-07 11:56:02Z INFO ConfigurationStore] currentAssemblyLocation: /home/msamy/Desktop/EmbeddedLinux/C1_Assign/actions-runner/bin/Runner.Worker.dll
[2023-06-07 11:56:02Z INFO HostContext] Well known directory 'Bin': '/home/msamy/Desktop/EmbeddedLinux/C1_Assign/actions-runner/bin'
[2023-06-07 11:56:02Z INFO ConfigurationStore] binPath: /home/msamy/Desktop/EmbeddedLinux/C1_Assign/actions-runner/bin
[2023-06-07 11:56:02Z INFO HostContext] Well known directory 'Bin': '/home/msamy/Desktop/EmbeddedLinux/C1_Assign/actions-runner/bin'
[2023-06-07 11:56:02Z INFO HostContext] Well known directory 'Root': '/home/msamy/Desktop/EmbeddedLinux/C1_Assign/actions-runner'
[2023-06-07 11:56:02Z INFO ConfigurationStore] RootFolder: /home/msamy/Desktop/EmbeddedLinux/C1_Assign/actions-runner
[2023-06-07 11:56:02Z INFO HostContext] Well known directory 'Bin': '/home/msamy/Desktop/EmbeddedLinux/C1_Assign/actions-runner/bin'
[2023-06-07 11:56:02Z INFO HostContext] Well known directory 'Root': '/home/msamy/Desktop/EmbeddedLinux/C1_Assign/actions-runner'
[2023-06-07 11:56:02Z INFO HostContext] Well known config file 'Runner': '/home/msamy/Desktop/EmbeddedLinux/C1_Assign/actions-runner/.runner'
[2023-06-07 11:56:02Z INFO ConfigurationStore] ConfigFilePath: /home/msamy/Desktop/EmbeddedLinux/C1_Assign/actions-runner/.runner
[2023-06-07 11:56:02Z INFO HostContext] Well known directory 'Bin': '/home/msamy/Desktop/EmbeddedLinux/C1_Assign/actions-runner/bin'
[2023-06-07 11:56:02Z INFO HostContext] Well known directory 'Root': '/home/msamy/Desktop/EmbeddedLinux/C1_Assign/actions-runner'
[2023-06-07 11:56:02Z INFO HostContext] Well known config file 'Credentials': '/home/msamy/Desktop/EmbeddedLinux/C1_Assign/actions-runner/.credentials'
[2023-06-07 11:56:02Z INFO ConfigurationStore] CredFilePath: /home/msamy/Desktop/EmbeddedLinux/C1_Assign/actions-runner/.credentials
[2023-06-07 11:56:02Z INFO HostContext] Well known directory 'Bin': '/home/msamy/Desktop/EmbeddedLinux/C1_Assign/actions-runner/bin'
[2023-06-07 11:56:02Z INFO HostContext] Well known directory 'Root': '/home/msamy/Desktop/EmbeddedLinux/C1_Assign/actions-runner'
[2023-06-07 11:56:02Z INFO HostContext] Well known config file 'MigratedCredentials': '/home/msamy/Desktop/EmbeddedLinux/C1_Assign/actions-runner/.credentials_migrated'
[2023-06-07 11:56:02Z INFO ConfigurationStore] MigratedCredFilePath: /home/msamy/Desktop/EmbeddedLinux/C1_Assign/actions-runner/.credentials_migrated
[2023-06-07 11:56:02Z INFO HostContext] Well known directory 'Bin': '/home/msamy/Desktop/EmbeddedLinux/C1_Assign/actions-runner/bin'
[2023-06-07 11:56:02Z INFO HostContext] Well known directory 'Root': '/home/msamy/Desktop/EmbeddedLinux/C1_Assign/actions-runner'
[2023-06-07 11:56:02Z INFO HostContext] Well known config file 'Service': '/home/msamy/Desktop/EmbeddedLinux/C1_Assign/actions-runner/.service'
[2023-06-07 11:56:02Z INFO ConfigurationStore] ServiceConfigFilePath: /home/msamy/Desktop/EmbeddedLinux/C1_Assign/actions-runner/.service
[2023-06-07 11:56:02Z INFO ConfigurationStore] Read setting file: 299 chars
[2023-06-07 11:56:02Z INFO GitHubActionsService] Starting operation Location.GetConnectionData
[2023-06-07 11:56:02Z INFO Worker] Listening for cancel message from the channel.
[2023-06-07 11:56:02Z INFO Worker] Waiting for the job to complete or for a cancel message from the channel.
[2023-06-07 11:56:03Z INFO GitHubActionsService] Finished operation Location.GetConnectionData
[2023-06-07 11:56:03Z INFO JobServer] Creating websocket client ...wss://pipelines.actions.githubusercontent.com/wxy5xWC0azK006j9VnyXTgu3ME2JPuDa08fqoPOT86bkPgaKb5/00000000-0000-0000-0000-000000000000/_apis/distributedtask/hubs/Actions/plans/f257a18c-27e6-4d41-b118-1373ef86367f/timelines/f257a18c-27e6-4d41-b118-1373ef86367f/records/a047640a-23da-5e9b-1ef8-917a09b3753a/feedstream?api-version=6.0-preview
[2023-06-07 11:56:03Z INFO JobServer] Attempting to start websocket client with delay 00:00:00.
[2023-06-07 11:56:03Z INFO JobServerQueue] Start process web console line queue.
[2023-06-07 11:56:03Z INFO JobServerQueue] Start process file upload queue.
[2023-06-07 11:56:03Z INFO JobServerQueue] Start results file upload queue.
[2023-06-07 11:56:03Z INFO JobServerQueue] Starting results-based upload queue...
[2023-06-07 11:56:03Z INFO JobServerQueue] Start process timeline update queue.
[2023-06-07 11:56:03Z INFO ExecutionContext] Initialize GitHub context
[2023-06-07 11:56:03Z INFO ExecutionContext] Initialize Env context
[2023-06-07 11:56:03Z INFO HostContext] Well known directory 'Bin': '/home/msamy/Desktop/EmbeddedLinux/C1_Assign/actions-runner/bin'
[2023-06-07 11:56:03Z INFO HostContext] Well known directory 'Root': '/home/msamy/Desktop/EmbeddedLinux/C1_Assign/actions-runner'
[2023-06-07 11:56:03Z INFO HostContext] Well known directory 'Diag': '/home/msamy/Desktop/EmbeddedLinux/C1_Assign/actions-runner/_diag'
[2023-06-07 11:56:03Z INFO HostContext] Well known directory 'Bin': '/home/msamy/Desktop/EmbeddedLinux/C1_Assign/actions-runner/bin'
[2023-06-07 11:56:03Z INFO HostContext] Well known directory 'Root': '/home/msamy/Desktop/EmbeddedLinux/C1_Assign/actions-runner'
[2023-06-07 11:56:03Z INFO HostContext] Well known directory 'Diag': '/home/msamy/Desktop/EmbeddedLinux/C1_Assign/actions-runner/_diag'
[2023-06-07 11:56:03Z INFO JobRunner] Starting the job execution context.
[2023-06-07 11:56:03Z INFO HostContext] Well known directory 'Bin': '/home/msamy/Desktop/EmbeddedLinux/C1_Assign/actions-runner/bin'
[2023-06-07 11:56:03Z INFO HostContext] Well known directory 'Root': '/home/msamy/Desktop/EmbeddedLinux/C1_Assign/actions-runner'
[2023-06-07 11:56:03Z INFO HostContext] Well known directory 'Work': '/home/msamy/Desktop/EmbeddedLinux/C1_Assign/actions-runner/_work'
[2023-06-07 11:56:03Z INFO JobRunner] Validating directory permissions for: '/home/msamy/Desktop/EmbeddedLinux/C1_Assign/actions-runner/_work'
[2023-06-07 11:56:03Z INFO HostContext] Well known directory 'Bin': '/home/msamy/Desktop/EmbeddedLinux/C1_Assign/actions-runner/bin'
[2023-06-07 11:56:03Z INFO HostContext] Well known directory 'Root': '/home/msamy/Desktop/EmbeddedLinux/C1_Assign/actions-runner'
[2023-06-07 11:56:03Z INFO HostContext] Well known directory 'Work': '/home/msamy/Desktop/EmbeddedLinux/C1_Assign/actions-runner/_work'
[2023-06-07 11:56:03Z INFO HostContext] Well known directory 'Tools': '/home/msamy/Desktop/EmbeddedLinux/C1_Assign/actions-runner/_work/_tool'
[2023-06-07 11:56:03Z INFO HostContext] Well known directory 'Bin': '/home/msamy/Desktop/EmbeddedLinux/C1_Assign/actions-runner/bin'
[2023-06-07 11:56:03Z INFO HostContext] Well known directory 'Root': '/home/msamy/Desktop/EmbeddedLinux/C1_Assign/actions-runner'
[2023-06-07 11:56:03Z INFO HostContext] Well known directory 'Work': '/home/msamy/Desktop/EmbeddedLinux/C1_Assign/actions-runner/_work'
[2023-06-07 11:56:03Z INFO HostContext] Well known directory 'Temp': '/home/msamy/Desktop/EmbeddedLinux/C1_Assign/actions-runner/_work/_temp'
[2023-06-07 11:56:03Z INFO JobRunner] Getting job extension.
[2023-06-07 11:56:03Z INFO JobRunner] Initialize job. Getting all job steps.
[2023-06-07 11:56:03Z INFO HostContext] Well known directory 'Bin': '/home/msamy/Desktop/EmbeddedLinux/C1_Assign/actions-runner/bin'
[2023-06-07 11:56:03Z INFO HostContext] Well known directory 'Root': '/home/msamy/Desktop/EmbeddedLinux/C1_Assign/actions-runner'
[2023-06-07 11:56:03Z INFO HostContext] Well known directory 'Diag': '/home/msamy/Desktop/EmbeddedLinux/C1_Assign/actions-runner/_diag'
[2023-06-07 11:56:03Z INFO HostContext] Well known directory 'Bin': '/home/msamy/Desktop/EmbeddedLinux/C1_Assign/actions-runner/bin'
[2023-06-07 11:56:03Z INFO HostContext] Well known directory 'Root': '/home/msamy/Desktop/EmbeddedLinux/C1_Assign/actions-runner'
[2023-06-07 11:56:03Z INFO HostContext] Well known directory 'Diag': '/home/msamy/Desktop/EmbeddedLinux/C1_Assign/actions-runner/_diag'
[2023-06-07 11:56:03Z INFO HostContext] Well known directory 'Bin': '/home/msamy/Desktop/EmbeddedLinux/C1_Assign/actions-runner/bin'
[2023-06-07 11:56:03Z INFO HostContext] Well known directory 'Root': '/home/msamy/Desktop/EmbeddedLinux/C1_Assign/actions-runner'
[2023-06-07 11:56:03Z INFO HostContext] Well known config file 'Credentials': '/home/msamy/Desktop/EmbeddedLinux/C1_Assign/actions-runner/.credentials'
[2023-06-07 11:56:03Z INFO HostContext] Well known directory 'Bin': '/home/msamy/Desktop/EmbeddedLinux/C1_Assign/actions-runner/bin'
[2023-06-07 11:56:03Z INFO HostContext] Well known directory 'Root': '/home/msamy/Desktop/EmbeddedLinux/C1_Assign/actions-runner'
[2023-06-07 11:56:03Z INFO HostContext] Well known config file 'SetupInfo': '/home/msamy/Desktop/EmbeddedLinux/C1_Assign/actions-runner/.setup_info'
[2023-06-07 11:56:03Z INFO HostContext] Well known directory 'Bin': '/home/msamy/Desktop/EmbeddedLinux/C1_Assign/actions-runner/bin'
[2023-06-07 11:56:03Z INFO HostContext] Well known directory 'Root': '/home/msamy/Desktop/EmbeddedLinux/C1_Assign/actions-runner'
[2023-06-07 11:56:03Z INFO HostContext] Well known directory 'Work': '/home/msamy/Desktop/EmbeddedLinux/C1_Assign/actions-runner/_work'
[2023-06-07 11:56:03Z INFO PipelineDirectoryManager] Loading tracking config if exists: /home/msamy/Desktop/EmbeddedLinux/C1_Assign/actions-runner/_work/_PipelineMapping/cu-ecen-aeld/assignment-1-msamygawad/PipelineFolder.json
[2023-06-07 11:56:03Z INFO PipelineDirectoryManager] Updating job run properties.
[2023-06-07 11:56:03Z INFO HostContext] Well known directory 'Bin': '/home/msamy/Desktop/EmbeddedLinux/C1_Assign/actions-runner/bin'
[2023-06-07 11:56:03Z INFO HostContext] Well known directory 'Root': '/home/msamy/Desktop/EmbeddedLinux/C1_Assign/actions-runner'
[2023-06-07 11:56:03Z INFO HostContext] Well known directory 'Work': '/home/msamy/Desktop/EmbeddedLinux/C1_Assign/actions-runner/_work'
[2023-06-07 11:56:03Z INFO HostContext] Well known directory 'Bin': '/home/msamy/Desktop/EmbeddedLinux/C1_Assign/actions-runner/bin'
[2023-06-07 11:56:03Z INFO HostContext] Well known directory 'Root': '/home/msamy/Desktop/EmbeddedLinux/C1_Assign/actions-runner'
[2023-06-07 11:56:03Z INFO HostContext] Well known directory 'Work': '/home/msamy/Desktop/EmbeddedLinux/C1_Assign/actions-runner/_work'
[2023-06-07 11:56:03Z INFO HostContext] Well known directory 'Bin': '/home/msamy/Desktop/EmbeddedLinux/C1_Assign/actions-runner/bin'
[2023-06-07 11:56:03Z INFO HostContext] Well known directory 'Root': '/home/msamy/Desktop/EmbeddedLinux/C1_Assign/actions-runner'
[2023-06-07 11:56:03Z INFO HostContext] Well known directory 'Work': '/home/msamy/Desktop/EmbeddedLinux/C1_Assign/actions-runner/_work'
[2023-06-07 11:56:03Z INFO HostContext] Well known directory 'Bin': '/home/msamy/Desktop/EmbeddedLinux/C1_Assign/actions-runner/bin'
[2023-06-07 11:56:03Z INFO HostContext] Well known directory 'Root': '/home/msamy/Desktop/EmbeddedLinux/C1_Assign/actions-runner'
[2023-06-07 11:56:03Z INFO HostContext] Well known directory 'Work': '/home/msamy/Desktop/EmbeddedLinux/C1_Assign/actions-runner/_work'
[2023-06-07 11:56:03Z INFO HostContext] Well known directory 'Bin': '/home/msamy/Desktop/EmbeddedLinux/C1_Assign/actions-runner/bin'
[2023-06-07 11:56:03Z INFO HostContext] Well known directory 'Root': '/home/msamy/Desktop/EmbeddedLinux/C1_Assign/actions-runner'
[2023-06-07 11:56:03Z INFO HostContext] Well known directory 'Work': '/home/msamy/Desktop/EmbeddedLinux/C1_Assign/actions-runner/_work'
[2023-06-07 11:56:03Z INFO HostContext] Well known directory 'Tools': '/home/msamy/Desktop/EmbeddedLinux/C1_Assign/actions-runner/_work/_tool'
[2023-06-07 11:56:03Z INFO HostContext] Well known directory 'Bin': '/home/msamy/Desktop/EmbeddedLinux/C1_Assign/actions-runner/bin'
[2023-06-07 11:56:03Z INFO HostContext] Well known directory 'Root': '/home/msamy/Desktop/EmbeddedLinux/C1_Assign/actions-runner'
[2023-06-07 11:56:03Z INFO HostContext] Well known directory 'Externals': '/home/msamy/Desktop/EmbeddedLinux/C1_Assign/actions-runner/externals'
[2023-06-07 11:56:03Z INFO JobExtension] Downloading actions
[2023-06-07 11:56:03Z INFO HostContext] Well known directory 'Bin': '/home/msamy/Desktop/EmbeddedLinux/C1_Assign/actions-runner/bin'
[2023-06-07 11:56:03Z INFO HostContext] Well known directory 'Root': '/home/msamy/Desktop/EmbeddedLinux/C1_Assign/actions-runner'
[2023-06-07 11:56:03Z INFO HostContext] Well known directory 'Work': '/home/msamy/Desktop/EmbeddedLinux/C1_Assign/actions-runner/_work'
[2023-06-07 11:56:03Z INFO HostContext] Well known directory 'Actions': '/home/msamy/Desktop/EmbeddedLinux/C1_Assign/actions-runner/_work/_actions'
[2023-06-07 11:56:03Z INFO HostContext] Well known directory 'Bin': '/home/msamy/Desktop/EmbeddedLinux/C1_Assign/actions-runner/bin'
[2023-06-07 11:56:03Z INFO HostContext] Well known directory 'Root': '/home/msamy/Desktop/EmbeddedLinux/C1_Assign/actions-runner'
[2023-06-07 11:56:03Z INFO HostContext] Well known directory 'Work': '/home/msamy/Desktop/EmbeddedLinux/C1_Assign/actions-runner/_work'
[2023-06-07 11:56:03Z INFO HostContext] Well known directory 'Actions': '/home/msamy/Desktop/EmbeddedLinux/C1_Assign/actions-runner/_work/_actions'
[2023-06-07 11:56:03Z INFO HostContext] Well known directory 'Bin': '/home/msamy/Desktop/EmbeddedLinux/C1_Assign/actions-runner/bin'
[2023-06-07 11:56:03Z INFO HostContext] Well known directory 'Root': '/home/msamy/Desktop/EmbeddedLinux/C1_Assign/actions-runner'
[2023-06-07 11:56:03Z INFO HostContext] Well known directory 'Work': '/home/msamy/Desktop/EmbeddedLinux/C1_Assign/actions-runner/_work'
[2023-06-07 11:56:03Z INFO HostContext] Well known directory 'Actions': '/home/msamy/Desktop/EmbeddedLinux/C1_Assign/actions-runner/_work/_actions'
[2023-06-07 11:56:03Z INFO ActionManager] Save archive 'https://api.github.com/repos/actions/checkout/tarball/ee0669bd1cc54295c223e0bb666b733df41de1c5' into /home/msamy/Desktop/EmbeddedLinux/C1_Assign/actions-runner/_work/_actions/_temp_b789c275-2fb5-46a7-99be-cd8838d1bc55/5125e996-f4fc-4b71-a867-220642232da2.tar.gz.
[2023-06-07 11:56:03Z INFO JobServer] Successfully started websocket client.
[2023-06-07 11:56:03Z INFO JobServerQueue] Try to append 1 batches web console lines for record '4be13b90-075c-45da-9dfe-8902b6712ca7', success rate: 1/1.
[2023-06-07 11:56:04Z INFO ProcessChannel] Receiving message of length 0, with hash 'e3b0c44298fc1c149afbf4c8996fb92427ae41e4649b934ca495991b7852b855'
[2023-06-07 11:56:04Z INFO Worker] Cancellation/Shutdown message received.
[2023-06-07 11:56:04Z INFO JobServerQueue] Job timeline record has been updated for the first time.
[2023-06-07 11:56:04Z INFO JobServerQueue] Try to append 1 batches web console lines for record '4be13b90-075c-45da-9dfe-8902b6712ca7', success rate: 1/1.
[2023-06-07 11:56:05Z INFO ActionManager] Action download has been cancelled.
[2023-06-07 11:56:05Z ERR  JobExtension] Caught cancellation exception from JobExtension Initialization: System.Threading.Tasks.TaskCanceledException: A task was canceled.
   at GitHub.Runner.Worker.ActionManager.DownloadRepositoryActionAsync(IExecutionContext executionContext, ActionDownloadInfo downloadInfo, String destDirectory)
   at GitHub.Runner.Worker.ActionManager.DownloadRepositoryActionAsync(IExecutionContext executionContext, ActionDownloadInfo downloadInfo)
   at GitHub.Runner.Worker.ActionManager.PrepareActionsRecursiveAsync(IExecutionContext executionContext, PrepareActionsState state, IEnumerable`1 actions, Int32 depth, Guid parentStepId)
   at GitHub.Runner.Worker.ActionManager.PrepareActionsAsync(IExecutionContext executionContext, IEnumerable`1 steps, Guid rootStepId)
   at GitHub.Runner.Worker.JobExtension.InitializeJob(IExecutionContext jobContext, AgentJobRequestMessage message)
[2023-06-07 11:56:05Z INFO ExecutionContext] Publish step telemetry for current step {
  "action": "setup_job",
  "type": "runner",
  "stage": "Pre",
  "stepId": "4be13b90-075c-45da-9dfe-8902b6712ca7",
  "result": "canceled",
  "errorMessages": [
    "A task was canceled."
  ],
  "executionTimeInSeconds": 2,
  "startTime": "2023-06-07T11:56:03.3780838Z",
  "finishTime": "2023-06-07T11:56:05.3757926Z"
}.
[2023-06-07 11:56:05Z ERR  JobRunner] Job is cancelled during initialize.
[2023-06-07 11:56:05Z ERR  JobRunner] Caught exception: System.Threading.Tasks.TaskCanceledException: A task was canceled.
   at GitHub.Runner.Worker.ActionManager.DownloadRepositoryActionAsync(IExecutionContext executionContext, ActionDownloadInfo downloadInfo, String destDirectory)
   at GitHub.Runner.Worker.ActionManager.DownloadRepositoryActionAsync(IExecutionContext executionContext, ActionDownloadInfo downloadInfo)
   at GitHub.Runner.Worker.ActionManager.PrepareActionsRecursiveAsync(IExecutionContext executionContext, PrepareActionsState state, IEnumerable`1 actions, Int32 depth, Guid parentStepId)
   at GitHub.Runner.Worker.ActionManager.PrepareActionsAsync(IExecutionContext executionContext, IEnumerable`1 steps, Guid rootStepId)
   at GitHub.Runner.Worker.JobExtension.InitializeJob(IExecutionContext jobContext, AgentJobRequestMessage message)
   at GitHub.Runner.Worker.JobRunner.RunAsync(AgentJobRequestMessage message, CancellationToken jobRequestCancellationToken)
[2023-06-07 11:56:05Z INFO JobRunner] Shutting down the job server queue.
[2023-06-07 11:56:05Z INFO JobServerQueue] Fire signal to shutdown all queues.
[2023-06-07 11:56:06Z INFO JobServerQueue] All queue process task stopped.
[2023-06-07 11:56:06Z INFO JobServerQueue] Try to append 1 batches web console lines for record '4be13b90-075c-45da-9dfe-8902b6712ca7', success rate: 1/1.
[2023-06-07 11:56:06Z INFO JobServerQueue] Web console line queue drained.
[2023-06-07 11:56:06Z INFO JobServerQueue] Uploading 2 files in one shot.
[2023-06-07 11:56:07Z INFO JobServerQueue] Try to upload 2 log files or attachments, success rate: 2/2.
[2023-06-07 11:56:07Z INFO JobServerQueue] File upload queue drained.
[2023-06-07 11:56:07Z INFO JobServerQueue] Starting results-based upload queue...
[2023-06-07 11:56:07Z INFO JobServerQueue] Results upload queue drained.
[2023-06-07 11:56:07Z INFO JobServerQueue] Timeline update queue drained.
[2023-06-07 11:56:07Z INFO JobServerQueue] Disposing job server ...
[2023-06-07 11:56:07Z INFO JobServerQueue] Disposing results server ...
[2023-06-07 11:56:07Z INFO JobServerQueue] All queue process tasks have been stopped, and all queues are drained.
[2023-06-07 11:56:07Z INFO TempDirectoryManager] Cleaning runner temp folder: /home/msamy/Desktop/EmbeddedLinux/C1_Assign/actions-runner/_work/_temp
[2023-06-07 11:56:07Z INFO HostContext] Well known directory 'Bin': '/home/msamy/Desktop/EmbeddedLinux/C1_Assign/actions-runner/bin'
[2023-06-07 11:56:07Z INFO HostContext] Well known directory 'Root': '/home/msamy/Desktop/EmbeddedLinux/C1_Assign/actions-runner'
[2023-06-07 11:56:07Z INFO HostContext] Well known directory 'Diag': '/home/msamy/Desktop/EmbeddedLinux/C1_Assign/actions-runner/_diag'
[2023-06-07 11:56:07Z INFO HostContext] Well known config file 'Telemetry': '/home/msamy/Desktop/EmbeddedLinux/C1_Assign/actions-runner/_diag/.telemetry'
[2023-06-07 11:56:07Z INFO JobRunner] Raising job completed event
